[0.113s] DEBUG:colcon:Command line arguments: ['/usr/bin/colcon', 'build', '--symlink-install']
[0.113s] DEBUG:colcon:Parsed command line arguments: Namespace(log_base=None, log_level=None, verb_name='build', build_base='build', install_base='install', merge_install=False, symlink_install=True, test_result_base=None, continue_on_error=False, executor='parallel', parallel_workers=20, event_handlers=None, ignore_user_meta=False, metas=['./colcon.meta'], base_paths=['.'], packages_ignore=None, packages_ignore_regex=None, paths=None, packages_up_to=None, packages_up_to_regex=None, packages_above=None, packages_above_and_dependencies=None, packages_above_depth=None, packages_select_by_dep=None, packages_skip_by_dep=None, packages_skip_up_to=None, packages_select_build_failed=False, packages_skip_build_finished=False, packages_select_test_failures=False, packages_skip_test_passed=False, packages_select=None, packages_skip=None, packages_select_regex=None, packages_skip_regex=None, packages_start=None, packages_end=None, allow_overriding=[], cmake_args=None, cmake_target=None, cmake_target_skip_unavailable=False, cmake_clean_cache=False, cmake_clean_first=False, cmake_force_configure=False, ament_cmake_args=None, catkin_cmake_args=None, catkin_skip_building_tests=False, mixin_files=None, mixin=None, verb_parser=<colcon_mixin.mixin.mixin_argument.MixinArgumentDecorator object at 0x7b9cd04b99c0>, verb_extension=<colcon_core.verb.build.BuildVerb object at 0x7b9cd0433070>, main=<bound method BuildVerb.main of <colcon_core.verb.build.BuildVerb object at 0x7b9cd0433070>>, mixin_verb=('build',))
[0.135s] Level 1:colcon.colcon_core.package_discovery:discover_packages(colcon_meta) check parameters
[0.135s] Level 1:colcon.colcon_core.package_discovery:discover_packages(recursive) check parameters
[0.135s] Level 1:colcon.colcon_core.package_discovery:discover_packages(ignore) check parameters
[0.135s] Level 1:colcon.colcon_core.package_discovery:discover_packages(path) check parameters
[0.135s] Level 1:colcon.colcon_core.package_discovery:discover_packages(colcon_meta) discover
[0.135s] Level 1:colcon.colcon_core.package_discovery:discover_packages(recursive) discover
[0.135s] INFO:colcon.colcon_core.package_discovery:Crawling recursively for packages in '/home/ysl/autocar_track'
[0.135s] Level 1:colcon.colcon_core.package_identification:_identify(.) by extensions ['ignore', 'ignore_ament_install']
[0.135s] Level 1:colcon.colcon_core.package_identification:_identify(.) by extension 'ignore'
[0.135s] Level 1:colcon.colcon_core.package_identification:_identify(.) by extension 'ignore_ament_install'
[0.135s] Level 1:colcon.colcon_core.package_identification:_identify(.) by extensions ['colcon_pkg']
[0.135s] Level 1:colcon.colcon_core.package_identification:_identify(.) by extension 'colcon_pkg'
[0.135s] Level 1:colcon.colcon_core.package_identification:_identify(.) by extensions ['colcon_meta']
[0.135s] Level 1:colcon.colcon_core.package_identification:_identify(.) by extension 'colcon_meta'
[0.135s] Level 1:colcon.colcon_core.package_identification:_identify(.) by extensions ['ros']
[0.135s] Level 1:colcon.colcon_core.package_identification:_identify(.) by extension 'ros'
[0.144s] Level 1:colcon.colcon_core.package_identification:_identify(.) by extensions ['cmake', 'python']
[0.144s] Level 1:colcon.colcon_core.package_identification:_identify(.) by extension 'cmake'
[0.144s] Level 1:colcon.colcon_core.package_identification:_identify(.) by extension 'python'
[0.144s] Level 1:colcon.colcon_core.package_identification:_identify(.) by extensions ['python_setup_py']
[0.144s] Level 1:colcon.colcon_core.package_identification:_identify(.) by extension 'python_setup_py'
[0.144s] Level 1:colcon.colcon_core.package_identification:_identify(build) by extensions ['ignore', 'ignore_ament_install']
[0.144s] Level 1:colcon.colcon_core.package_identification:_identify(build) by extension 'ignore'
[0.144s] Level 1:colcon.colcon_core.package_identification:_identify(build) ignored
[0.145s] Level 1:colcon.colcon_core.package_identification:_identify(install) by extensions ['ignore', 'ignore_ament_install']
[0.145s] Level 1:colcon.colcon_core.package_identification:_identify(install) by extension 'ignore'
[0.145s] Level 1:colcon.colcon_core.package_identification:_identify(install) ignored
[0.145s] Level 1:colcon.colcon_core.package_identification:_identify(log) by extensions ['ignore', 'ignore_ament_install']
[0.145s] Level 1:colcon.colcon_core.package_identification:_identify(log) by extension 'ignore'
[0.145s] Level 1:colcon.colcon_core.package_identification:_identify(log) ignored
[0.145s] Level 1:colcon.colcon_core.package_identification:_identify(src) by extensions ['ignore', 'ignore_ament_install']
[0.145s] Level 1:colcon.colcon_core.package_identification:_identify(src) by extension 'ignore'
[0.145s] Level 1:colcon.colcon_core.package_identification:_identify(src) by extension 'ignore_ament_install'
[0.145s] Level 1:colcon.colcon_core.package_identification:_identify(src) by extensions ['colcon_pkg']
[0.145s] Level 1:colcon.colcon_core.package_identification:_identify(src) by extension 'colcon_pkg'
[0.145s] Level 1:colcon.colcon_core.package_identification:_identify(src) by extensions ['colcon_meta']
[0.145s] Level 1:colcon.colcon_core.package_identification:_identify(src) by extension 'colcon_meta'
[0.145s] Level 1:colcon.colcon_core.package_identification:_identify(src) by extensions ['ros']
[0.145s] Level 1:colcon.colcon_core.package_identification:_identify(src) by extension 'ros'
[0.145s] Level 1:colcon.colcon_core.package_identification:_identify(src) by extensions ['cmake', 'python']
[0.145s] Level 1:colcon.colcon_core.package_identification:_identify(src) by extension 'cmake'
[0.145s] Level 1:colcon.colcon_core.package_identification:_identify(src) by extension 'python'
[0.145s] Level 1:colcon.colcon_core.package_identification:_identify(src) by extensions ['python_setup_py']
[0.145s] Level 1:colcon.colcon_core.package_identification:_identify(src) by extension 'python_setup_py'
[0.145s] Level 1:colcon.colcon_core.package_identification:_identify(src/control) by extensions ['ignore', 'ignore_ament_install']
[0.145s] Level 1:colcon.colcon_core.package_identification:_identify(src/control) by extension 'ignore'
[0.145s] Level 1:colcon.colcon_core.package_identification:_identify(src/control) by extension 'ignore_ament_install'
[0.145s] Level 1:colcon.colcon_core.package_identification:_identify(src/control) by extensions ['colcon_pkg']
[0.145s] Level 1:colcon.colcon_core.package_identification:_identify(src/control) by extension 'colcon_pkg'
[0.145s] Level 1:colcon.colcon_core.package_identification:_identify(src/control) by extensions ['colcon_meta']
[0.145s] Level 1:colcon.colcon_core.package_identification:_identify(src/control) by extension 'colcon_meta'
[0.145s] Level 1:colcon.colcon_core.package_identification:_identify(src/control) by extensions ['ros']
[0.145s] Level 1:colcon.colcon_core.package_identification:_identify(src/control) by extension 'ros'
[0.145s] Level 1:colcon.colcon_core.package_identification:_identify(src/control) by extensions ['cmake', 'python']
[0.145s] Level 1:colcon.colcon_core.package_identification:_identify(src/control) by extension 'cmake'
[0.145s] Level 1:colcon.colcon_core.package_identification:_identify(src/control) by extension 'python'
[0.145s] Level 1:colcon.colcon_core.package_identification:_identify(src/control) by extensions ['python_setup_py']
[0.145s] Level 1:colcon.colcon_core.package_identification:_identify(src/control) by extension 'python_setup_py'
[0.145s] Level 1:colcon.colcon_core.package_identification:_identify(src/control/erp_control) by extensions ['ignore', 'ignore_ament_install']
[0.145s] Level 1:colcon.colcon_core.package_identification:_identify(src/control/erp_control) by extension 'ignore'
[0.145s] Level 1:colcon.colcon_core.package_identification:_identify(src/control/erp_control) by extension 'ignore_ament_install'
[0.145s] Level 1:colcon.colcon_core.package_identification:_identify(src/control/erp_control) by extensions ['colcon_pkg']
[0.145s] Level 1:colcon.colcon_core.package_identification:_identify(src/control/erp_control) by extension 'colcon_pkg'
[0.145s] Level 1:colcon.colcon_core.package_identification:_identify(src/control/erp_control) by extensions ['colcon_meta']
[0.145s] Level 1:colcon.colcon_core.package_identification:_identify(src/control/erp_control) by extension 'colcon_meta'
[0.145s] Level 1:colcon.colcon_core.package_identification:_identify(src/control/erp_control) by extensions ['ros']
[0.145s] Level 1:colcon.colcon_core.package_identification:_identify(src/control/erp_control) by extension 'ros'
[0.147s] DEBUG:colcon.colcon_core.package_identification:Package 'src/control/erp_control' with type 'ros.ament_cmake' and name 'erp_control'
[0.147s] Level 1:colcon.colcon_core.package_identification:_identify(src/path_planning) by extensions ['ignore', 'ignore_ament_install']
[0.147s] Level 1:colcon.colcon_core.package_identification:_identify(src/path_planning) by extension 'ignore'
[0.147s] Level 1:colcon.colcon_core.package_identification:_identify(src/path_planning) by extension 'ignore_ament_install'
[0.147s] Level 1:colcon.colcon_core.package_identification:_identify(src/path_planning) by extensions ['colcon_pkg']
[0.147s] Level 1:colcon.colcon_core.package_identification:_identify(src/path_planning) by extension 'colcon_pkg'
[0.147s] Level 1:colcon.colcon_core.package_identification:_identify(src/path_planning) by extensions ['colcon_meta']
[0.147s] Level 1:colcon.colcon_core.package_identification:_identify(src/path_planning) by extension 'colcon_meta'
[0.147s] Level 1:colcon.colcon_core.package_identification:_identify(src/path_planning) by extensions ['ros']
[0.147s] Level 1:colcon.colcon_core.package_identification:_identify(src/path_planning) by extension 'ros'
[0.147s] Level 1:colcon.colcon_core.package_identification:_identify(src/path_planning) by extensions ['cmake', 'python']
[0.147s] Level 1:colcon.colcon_core.package_identification:_identify(src/path_planning) by extension 'cmake'
[0.147s] Level 1:colcon.colcon_core.package_identification:_identify(src/path_planning) by extension 'python'
[0.147s] Level 1:colcon.colcon_core.package_identification:_identify(src/path_planning) by extensions ['python_setup_py']
[0.147s] Level 1:colcon.colcon_core.package_identification:_identify(src/path_planning) by extension 'python_setup_py'
[0.147s] Level 1:colcon.colcon_core.package_identification:_identify(src/path_planning/delaunay_path_planning) by extensions ['ignore', 'ignore_ament_install']
[0.147s] Level 1:colcon.colcon_core.package_identification:_identify(src/path_planning/delaunay_path_planning) by extension 'ignore'
[0.147s] Level 1:colcon.colcon_core.package_identification:_identify(src/path_planning/delaunay_path_planning) by extension 'ignore_ament_install'
[0.147s] Level 1:colcon.colcon_core.package_identification:_identify(src/path_planning/delaunay_path_planning) by extensions ['colcon_pkg']
[0.147s] Level 1:colcon.colcon_core.package_identification:_identify(src/path_planning/delaunay_path_planning) by extension 'colcon_pkg'
[0.147s] Level 1:colcon.colcon_core.package_identification:_identify(src/path_planning/delaunay_path_planning) by extensions ['colcon_meta']
[0.147s] Level 1:colcon.colcon_core.package_identification:_identify(src/path_planning/delaunay_path_planning) by extension 'colcon_meta'
[0.147s] Level 1:colcon.colcon_core.package_identification:_identify(src/path_planning/delaunay_path_planning) by extensions ['ros']
[0.147s] Level 1:colcon.colcon_core.package_identification:_identify(src/path_planning/delaunay_path_planning) by extension 'ros'
[0.148s] DEBUG:colcon.colcon_core.package_identification:Package 'src/path_planning/delaunay_path_planning' with type 'ros.ament_cmake' and name 'delaunay_path_planning'
[0.148s] Level 1:colcon.colcon_core.package_identification:_identify(src/path_tracking) by extensions ['ignore', 'ignore_ament_install']
[0.148s] Level 1:colcon.colcon_core.package_identification:_identify(src/path_tracking) by extension 'ignore'
[0.148s] Level 1:colcon.colcon_core.package_identification:_identify(src/path_tracking) by extension 'ignore_ament_install'
[0.148s] Level 1:colcon.colcon_core.package_identification:_identify(src/path_tracking) by extensions ['colcon_pkg']
[0.148s] Level 1:colcon.colcon_core.package_identification:_identify(src/path_tracking) by extension 'colcon_pkg'
[0.148s] Level 1:colcon.colcon_core.package_identification:_identify(src/path_tracking) by extensions ['colcon_meta']
[0.148s] Level 1:colcon.colcon_core.package_identification:_identify(src/path_tracking) by extension 'colcon_meta'
[0.148s] Level 1:colcon.colcon_core.package_identification:_identify(src/path_tracking) by extensions ['ros']
[0.148s] Level 1:colcon.colcon_core.package_identification:_identify(src/path_tracking) by extension 'ros'
[0.149s] DEBUG:colcon.colcon_core.package_identification:Package 'src/path_tracking' with type 'ros.ament_python' and name 'path_tracking'
[0.149s] Level 1:colcon.colcon_core.package_identification:_identify(src/perception) by extensions ['ignore', 'ignore_ament_install']
[0.149s] Level 1:colcon.colcon_core.package_identification:_identify(src/perception) by extension 'ignore'
[0.149s] Level 1:colcon.colcon_core.package_identification:_identify(src/perception) by extension 'ignore_ament_install'
[0.149s] Level 1:colcon.colcon_core.package_identification:_identify(src/perception) by extensions ['colcon_pkg']
[0.149s] Level 1:colcon.colcon_core.package_identification:_identify(src/perception) by extension 'colcon_pkg'
[0.149s] Level 1:colcon.colcon_core.package_identification:_identify(src/perception) by extensions ['colcon_meta']
[0.149s] Level 1:colcon.colcon_core.package_identification:_identify(src/perception) by extension 'colcon_meta'
[0.149s] Level 1:colcon.colcon_core.package_identification:_identify(src/perception) by extensions ['ros']
[0.149s] Level 1:colcon.colcon_core.package_identification:_identify(src/perception) by extension 'ros'
[0.149s] Level 1:colcon.colcon_core.package_identification:_identify(src/perception) by extensions ['cmake', 'python']
[0.149s] Level 1:colcon.colcon_core.package_identification:_identify(src/perception) by extension 'cmake'
[0.149s] Level 1:colcon.colcon_core.package_identification:_identify(src/perception) by extension 'python'
[0.149s] Level 1:colcon.colcon_core.package_identification:_identify(src/perception) by extensions ['python_setup_py']
[0.149s] Level 1:colcon.colcon_core.package_identification:_identify(src/perception) by extension 'python_setup_py'
[0.149s] Level 1:colcon.colcon_core.package_identification:_identify(src/perception/adaptive_clustering) by extensions ['ignore', 'ignore_ament_install']
[0.149s] Level 1:colcon.colcon_core.package_identification:_identify(src/perception/adaptive_clustering) by extension 'ignore'
[0.149s] Level 1:colcon.colcon_core.package_identification:_identify(src/perception/adaptive_clustering) by extension 'ignore_ament_install'
[0.149s] Level 1:colcon.colcon_core.package_identification:_identify(src/perception/adaptive_clustering) by extensions ['colcon_pkg']
[0.149s] Level 1:colcon.colcon_core.package_identification:_identify(src/perception/adaptive_clustering) by extension 'colcon_pkg'
[0.149s] Level 1:colcon.colcon_core.package_identification:_identify(src/perception/adaptive_clustering) by extensions ['colcon_meta']
[0.149s] Level 1:colcon.colcon_core.package_identification:_identify(src/perception/adaptive_clustering) by extension 'colcon_meta'
[0.149s] Level 1:colcon.colcon_core.package_identification:_identify(src/perception/adaptive_clustering) by extensions ['ros']
[0.149s] Level 1:colcon.colcon_core.package_identification:_identify(src/perception/adaptive_clustering) by extension 'ros'
[0.150s] DEBUG:colcon.colcon_core.package_identification:Package 'src/perception/adaptive_clustering' with type 'ros.ament_cmake' and name 'adaptive_clustering'
[0.150s] Level 1:colcon.colcon_core.package_identification:_identify(src/perception/patchwork-plusplus-ros) by extensions ['ignore', 'ignore_ament_install']
[0.150s] Level 1:colcon.colcon_core.package_identification:_identify(src/perception/patchwork-plusplus-ros) by extension 'ignore'
[0.150s] Level 1:colcon.colcon_core.package_identification:_identify(src/perception/patchwork-plusplus-ros) by extension 'ignore_ament_install'
[0.150s] Level 1:colcon.colcon_core.package_identification:_identify(src/perception/patchwork-plusplus-ros) by extensions ['colcon_pkg']
[0.150s] Level 1:colcon.colcon_core.package_identification:_identify(src/perception/patchwork-plusplus-ros) by extension 'colcon_pkg'
[0.150s] Level 1:colcon.colcon_core.package_identification:_identify(src/perception/patchwork-plusplus-ros) by extensions ['colcon_meta']
[0.150s] Level 1:colcon.colcon_core.package_identification:_identify(src/perception/patchwork-plusplus-ros) by extension 'colcon_meta'
[0.150s] Level 1:colcon.colcon_core.package_identification:_identify(src/perception/patchwork-plusplus-ros) by extensions ['ros']
[0.150s] Level 1:colcon.colcon_core.package_identification:_identify(src/perception/patchwork-plusplus-ros) by extension 'ros'
[0.150s] DEBUG:colcon.colcon_core.package_identification:Package 'src/perception/patchwork-plusplus-ros' with type 'ros.ament_cmake' and name 'patchworkpp'
[0.151s] Level 1:colcon.colcon_core.package_identification:_identify(src/perception/perception_core) by extensions ['ignore', 'ignore_ament_install']
[0.151s] Level 1:colcon.colcon_core.package_identification:_identify(src/perception/perception_core) by extension 'ignore'
[0.151s] Level 1:colcon.colcon_core.package_identification:_identify(src/perception/perception_core) by extension 'ignore_ament_install'
[0.151s] Level 1:colcon.colcon_core.package_identification:_identify(src/perception/perception_core) by extensions ['colcon_pkg']
[0.151s] Level 1:colcon.colcon_core.package_identification:_identify(src/perception/perception_core) by extension 'colcon_pkg'
[0.151s] Level 1:colcon.colcon_core.package_identification:_identify(src/perception/perception_core) by extensions ['colcon_meta']
[0.151s] Level 1:colcon.colcon_core.package_identification:_identify(src/perception/perception_core) by extension 'colcon_meta'
[0.151s] Level 1:colcon.colcon_core.package_identification:_identify(src/perception/perception_core) by extensions ['ros']
[0.151s] Level 1:colcon.colcon_core.package_identification:_identify(src/perception/perception_core) by extension 'ros'
[0.151s] DEBUG:colcon.colcon_core.package_identification:Package 'src/perception/perception_core' with type 'ros.ament_python' and name 'perception'
[0.151s] Level 1:colcon.colcon_core.package_identification:_identify(src/utils) by extensions ['ignore', 'ignore_ament_install']
[0.151s] Level 1:colcon.colcon_core.package_identification:_identify(src/utils) by extension 'ignore'
[0.151s] Level 1:colcon.colcon_core.package_identification:_identify(src/utils) by extension 'ignore_ament_install'
[0.151s] Level 1:colcon.colcon_core.package_identification:_identify(src/utils) by extensions ['colcon_pkg']
[0.151s] Level 1:colcon.colcon_core.package_identification:_identify(src/utils) by extension 'colcon_pkg'
[0.151s] Level 1:colcon.colcon_core.package_identification:_identify(src/utils) by extensions ['colcon_meta']
[0.151s] Level 1:colcon.colcon_core.package_identification:_identify(src/utils) by extension 'colcon_meta'
[0.151s] Level 1:colcon.colcon_core.package_identification:_identify(src/utils) by extensions ['ros']
[0.151s] Level 1:colcon.colcon_core.package_identification:_identify(src/utils) by extension 'ros'
[0.151s] DEBUG:colcon.colcon_core.package_identification:Package 'src/utils' with type 'ros.ament_cmake' and name 'autocar_utils'
[0.151s] Level 1:colcon.colcon_core.package_discovery:discover_packages(recursive) using defaults
[0.151s] Level 1:colcon.colcon_core.package_discovery:discover_packages(ignore) discover
[0.151s] Level 1:colcon.colcon_core.package_discovery:discover_packages(ignore) using defaults
[0.151s] Level 1:colcon.colcon_core.package_discovery:discover_packages(path) discover
[0.151s] Level 1:colcon.colcon_core.package_discovery:discover_packages(path) using defaults
[0.164s] Level 1:colcon.colcon_core.package_discovery:discover_packages(prefix_path) check parameters
[0.164s] Level 1:colcon.colcon_core.package_discovery:discover_packages(prefix_path) discover
[0.165s] DEBUG:colcon.colcon_installed_package_information.package_discovery:Found 19 installed packages in /home/ysl/sensor/install
[0.166s] DEBUG:colcon.colcon_installed_package_information.package_discovery:Found 7 installed packages in /home/ysl/autocar_track/install
[0.167s] DEBUG:colcon.colcon_installed_package_information.package_discovery:Found 450 installed packages in /opt/ros/humble
[0.168s] Level 1:colcon.colcon_core.package_discovery:discover_packages(prefix_path) using defaults
[0.198s] Level 5:colcon.colcon_core.verb:set package 'adaptive_clustering' build argument 'cmake_args' from command line to 'None'
[0.198s] Level 5:colcon.colcon_core.verb:set package 'adaptive_clustering' build argument 'cmake_target' from command line to 'None'
[0.198s] Level 5:colcon.colcon_core.verb:set package 'adaptive_clustering' build argument 'cmake_target_skip_unavailable' from command line to 'False'
[0.198s] Level 5:colcon.colcon_core.verb:set package 'adaptive_clustering' build argument 'cmake_clean_cache' from command line to 'False'
[0.198s] Level 5:colcon.colcon_core.verb:set package 'adaptive_clustering' build argument 'cmake_clean_first' from command line to 'False'
[0.198s] Level 5:colcon.colcon_core.verb:set package 'adaptive_clustering' build argument 'cmake_force_configure' from command line to 'False'
[0.198s] Level 5:colcon.colcon_core.verb:set package 'adaptive_clustering' build argument 'ament_cmake_args' from command line to 'None'
[0.198s] Level 5:colcon.colcon_core.verb:set package 'adaptive_clustering' build argument 'catkin_cmake_args' from command line to 'None'
[0.198s] Level 5:colcon.colcon_core.verb:set package 'adaptive_clustering' build argument 'catkin_skip_building_tests' from command line to 'False'
[0.198s] DEBUG:colcon.colcon_core.verb:Building package 'adaptive_clustering' with the following arguments: {'ament_cmake_args': None, 'build_base': '/home/ysl/autocar_track/build/adaptive_clustering', 'catkin_cmake_args': None, 'catkin_skip_building_tests': False, 'cmake_args': None, 'cmake_clean_cache': False, 'cmake_clean_first': False, 'cmake_force_configure': False, 'cmake_target': None, 'cmake_target_skip_unavailable': False, 'install_base': '/home/ysl/autocar_track/install/adaptive_clustering', 'merge_install': False, 'path': '/home/ysl/autocar_track/src/perception/adaptive_clustering', 'symlink_install': True, 'test_result_base': None}
[0.198s] Level 5:colcon.colcon_core.verb:set package 'autocar_utils' build argument 'cmake_args' from command line to 'None'
[0.198s] Level 5:colcon.colcon_core.verb:set package 'autocar_utils' build argument 'cmake_target' from command line to 'None'
[0.198s] Level 5:colcon.colcon_core.verb:set package 'autocar_utils' build argument 'cmake_target_skip_unavailable' from command line to 'False'
[0.198s] Level 5:colcon.colcon_core.verb:set package 'autocar_utils' build argument 'cmake_clean_cache' from command line to 'False'
[0.198s] Level 5:colcon.colcon_core.verb:set package 'autocar_utils' build argument 'cmake_clean_first' from command line to 'False'
[0.198s] Level 5:colcon.colcon_core.verb:set package 'autocar_utils' build argument 'cmake_force_configure' from command line to 'False'
[0.198s] Level 5:colcon.colcon_core.verb:set package 'autocar_utils' build argument 'ament_cmake_args' from command line to 'None'
[0.198s] Level 5:colcon.colcon_core.verb:set package 'autocar_utils' build argument 'catkin_cmake_args' from command line to 'None'
[0.198s] Level 5:colcon.colcon_core.verb:set package 'autocar_utils' build argument 'catkin_skip_building_tests' from command line to 'False'
[0.198s] DEBUG:colcon.colcon_core.verb:Building package 'autocar_utils' with the following arguments: {'ament_cmake_args': None, 'build_base': '/home/ysl/autocar_track/build/autocar_utils', 'catkin_cmake_args': None, 'catkin_skip_building_tests': False, 'cmake_args': None, 'cmake_clean_cache': False, 'cmake_clean_first': False, 'cmake_force_configure': False, 'cmake_target': None, 'cmake_target_skip_unavailable': False, 'install_base': '/home/ysl/autocar_track/install/autocar_utils', 'merge_install': False, 'path': '/home/ysl/autocar_track/src/utils', 'symlink_install': True, 'test_result_base': None}
[0.198s] Level 5:colcon.colcon_core.verb:set package 'delaunay_path_planning' build argument 'cmake_args' from command line to 'None'
[0.198s] Level 5:colcon.colcon_core.verb:set package 'delaunay_path_planning' build argument 'cmake_target' from command line to 'None'
[0.198s] Level 5:colcon.colcon_core.verb:set package 'delaunay_path_planning' build argument 'cmake_target_skip_unavailable' from command line to 'False'
[0.198s] Level 5:colcon.colcon_core.verb:set package 'delaunay_path_planning' build argument 'cmake_clean_cache' from command line to 'False'
[0.198s] Level 5:colcon.colcon_core.verb:set package 'delaunay_path_planning' build argument 'cmake_clean_first' from command line to 'False'
[0.198s] Level 5:colcon.colcon_core.verb:set package 'delaunay_path_planning' build argument 'cmake_force_configure' from command line to 'False'
[0.198s] Level 5:colcon.colcon_core.verb:set package 'delaunay_path_planning' build argument 'ament_cmake_args' from command line to 'None'
[0.198s] Level 5:colcon.colcon_core.verb:set package 'delaunay_path_planning' build argument 'catkin_cmake_args' from command line to 'None'
[0.198s] Level 5:colcon.colcon_core.verb:set package 'delaunay_path_planning' build argument 'catkin_skip_building_tests' from command line to 'False'
[0.198s] DEBUG:colcon.colcon_core.verb:Building package 'delaunay_path_planning' with the following arguments: {'ament_cmake_args': None, 'build_base': '/home/ysl/autocar_track/build/delaunay_path_planning', 'catkin_cmake_args': None, 'catkin_skip_building_tests': False, 'cmake_args': None, 'cmake_clean_cache': False, 'cmake_clean_first': False, 'cmake_force_configure': False, 'cmake_target': None, 'cmake_target_skip_unavailable': False, 'install_base': '/home/ysl/autocar_track/install/delaunay_path_planning', 'merge_install': False, 'path': '/home/ysl/autocar_track/src/path_planning/delaunay_path_planning', 'symlink_install': True, 'test_result_base': None}
[0.199s] Level 5:colcon.colcon_core.verb:set package 'erp_control' build argument 'cmake_args' from command line to 'None'
[0.199s] Level 5:colcon.colcon_core.verb:set package 'erp_control' build argument 'cmake_target' from command line to 'None'
[0.199s] Level 5:colcon.colcon_core.verb:set package 'erp_control' build argument 'cmake_target_skip_unavailable' from command line to 'False'
[0.199s] Level 5:colcon.colcon_core.verb:set package 'erp_control' build argument 'cmake_clean_cache' from command line to 'False'
[0.199s] Level 5:colcon.colcon_core.verb:set package 'erp_control' build argument 'cmake_clean_first' from command line to 'False'
[0.199s] Level 5:colcon.colcon_core.verb:set package 'erp_control' build argument 'cmake_force_configure' from command line to 'False'
[0.199s] Level 5:colcon.colcon_core.verb:set package 'erp_control' build argument 'ament_cmake_args' from command line to 'None'
[0.199s] Level 5:colcon.colcon_core.verb:set package 'erp_control' build argument 'catkin_cmake_args' from command line to 'None'
[0.199s] Level 5:colcon.colcon_core.verb:set package 'erp_control' build argument 'catkin_skip_building_tests' from command line to 'False'
[0.199s] DEBUG:colcon.colcon_core.verb:Building package 'erp_control' with the following arguments: {'ament_cmake_args': None, 'build_base': '/home/ysl/autocar_track/build/erp_control', 'catkin_cmake_args': None, 'catkin_skip_building_tests': False, 'cmake_args': None, 'cmake_clean_cache': False, 'cmake_clean_first': False, 'cmake_force_configure': False, 'cmake_target': None, 'cmake_target_skip_unavailable': False, 'install_base': '/home/ysl/autocar_track/install/erp_control', 'merge_install': False, 'path': '/home/ysl/autocar_track/src/control/erp_control', 'symlink_install': True, 'test_result_base': None}
[0.199s] Level 5:colcon.colcon_core.verb:set package 'patchworkpp' build argument 'cmake_args' from command line to 'None'
[0.199s] Level 5:colcon.colcon_core.verb:set package 'patchworkpp' build argument 'cmake_target' from command line to 'None'
[0.199s] Level 5:colcon.colcon_core.verb:set package 'patchworkpp' build argument 'cmake_target_skip_unavailable' from command line to 'False'
[0.199s] Level 5:colcon.colcon_core.verb:set package 'patchworkpp' build argument 'cmake_clean_cache' from command line to 'False'
[0.199s] Level 5:colcon.colcon_core.verb:set package 'patchworkpp' build argument 'cmake_clean_first' from command line to 'False'
[0.199s] Level 5:colcon.colcon_core.verb:set package 'patchworkpp' build argument 'cmake_force_configure' from command line to 'False'
[0.199s] Level 5:colcon.colcon_core.verb:set package 'patchworkpp' build argument 'ament_cmake_args' from command line to 'None'
[0.199s] Level 5:colcon.colcon_core.verb:set package 'patchworkpp' build argument 'catkin_cmake_args' from command line to 'None'
[0.199s] Level 5:colcon.colcon_core.verb:set package 'patchworkpp' build argument 'catkin_skip_building_tests' from command line to 'False'
[0.199s] DEBUG:colcon.colcon_core.verb:Building package 'patchworkpp' with the following arguments: {'ament_cmake_args': None, 'build_base': '/home/ysl/autocar_track/build/patchworkpp', 'catkin_cmake_args': None, 'catkin_skip_building_tests': False, 'cmake_args': None, 'cmake_clean_cache': False, 'cmake_clean_first': False, 'cmake_force_configure': False, 'cmake_target': None, 'cmake_target_skip_unavailable': False, 'install_base': '/home/ysl/autocar_track/install/patchworkpp', 'merge_install': False, 'path': '/home/ysl/autocar_track/src/perception/patchwork-plusplus-ros', 'symlink_install': True, 'test_result_base': None}
[0.199s] Level 5:colcon.colcon_core.verb:set package 'path_tracking' build argument 'cmake_args' from command line to 'None'
[0.199s] Level 5:colcon.colcon_core.verb:set package 'path_tracking' build argument 'cmake_target' from command line to 'None'
[0.199s] Level 5:colcon.colcon_core.verb:set package 'path_tracking' build argument 'cmake_target_skip_unavailable' from command line to 'False'
[0.199s] Level 5:colcon.colcon_core.verb:set package 'path_tracking' build argument 'cmake_clean_cache' from command line to 'False'
[0.199s] Level 5:colcon.colcon_core.verb:set package 'path_tracking' build argument 'cmake_clean_first' from command line to 'False'
[0.199s] Level 5:colcon.colcon_core.verb:set package 'path_tracking' build argument 'cmake_force_configure' from command line to 'False'
[0.199s] Level 5:colcon.colcon_core.verb:set package 'path_tracking' build argument 'ament_cmake_args' from command line to 'None'
[0.199s] Level 5:colcon.colcon_core.verb:set package 'path_tracking' build argument 'catkin_cmake_args' from command line to 'None'
[0.199s] Level 5:colcon.colcon_core.verb:set package 'path_tracking' build argument 'catkin_skip_building_tests' from command line to 'False'
[0.199s] DEBUG:colcon.colcon_core.verb:Building package 'path_tracking' with the following arguments: {'ament_cmake_args': None, 'build_base': '/home/ysl/autocar_track/build/path_tracking', 'catkin_cmake_args': None, 'catkin_skip_building_tests': False, 'cmake_args': None, 'cmake_clean_cache': False, 'cmake_clean_first': False, 'cmake_force_configure': False, 'cmake_target': None, 'cmake_target_skip_unavailable': False, 'install_base': '/home/ysl/autocar_track/install/path_tracking', 'merge_install': False, 'path': '/home/ysl/autocar_track/src/path_tracking', 'symlink_install': True, 'test_result_base': None}
[0.199s] Level 5:colcon.colcon_core.verb:set package 'perception' build argument 'cmake_args' from command line to 'None'
[0.199s] Level 5:colcon.colcon_core.verb:set package 'perception' build argument 'cmake_target' from command line to 'None'
[0.199s] Level 5:colcon.colcon_core.verb:set package 'perception' build argument 'cmake_target_skip_unavailable' from command line to 'False'
[0.199s] Level 5:colcon.colcon_core.verb:set package 'perception' build argument 'cmake_clean_cache' from command line to 'False'
[0.199s] Level 5:colcon.colcon_core.verb:set package 'perception' build argument 'cmake_clean_first' from command line to 'False'
[0.199s] Level 5:colcon.colcon_core.verb:set package 'perception' build argument 'cmake_force_configure' from command line to 'False'
[0.199s] Level 5:colcon.colcon_core.verb:set package 'perception' build argument 'ament_cmake_args' from command line to 'None'
[0.199s] Level 5:colcon.colcon_core.verb:set package 'perception' build argument 'catkin_cmake_args' from command line to 'None'
[0.199s] Level 5:colcon.colcon_core.verb:set package 'perception' build argument 'catkin_skip_building_tests' from command line to 'False'
[0.199s] DEBUG:colcon.colcon_core.verb:Building package 'perception' with the following arguments: {'ament_cmake_args': None, 'build_base': '/home/ysl/autocar_track/build/perception', 'catkin_cmake_args': None, 'catkin_skip_building_tests': False, 'cmake_args': None, 'cmake_clean_cache': False, 'cmake_clean_first': False, 'cmake_force_configure': False, 'cmake_target': None, 'cmake_target_skip_unavailable': False, 'install_base': '/home/ysl/autocar_track/install/perception', 'merge_install': False, 'path': '/home/ysl/autocar_track/src/perception/perception_core', 'symlink_install': True, 'test_result_base': None}
[0.199s] INFO:colcon.colcon_core.executor:Executing jobs using 'parallel' executor
[0.200s] DEBUG:colcon.colcon_parallel_executor.executor.parallel:run_until_complete
[0.201s] INFO:colcon.colcon_ros.task.ament_cmake.build:Building ROS package in '/home/ysl/autocar_track/src/perception/adaptive_clustering' with build type 'ament_cmake'
[0.201s] INFO:colcon.colcon_cmake.task.cmake.build:Building CMake package in '/home/ysl/autocar_track/src/perception/adaptive_clustering'
[0.202s] INFO:colcon.colcon_core.plugin_system:Skipping extension 'colcon_core.shell.bat': Not used on non-Windows systems
[0.202s] INFO:colcon.colcon_core.shell:Skip shell extension 'powershell' for command environment: Not usable outside of PowerShell
[0.202s] DEBUG:colcon.colcon_core.shell:Skip shell extension 'dsv' for command environment
[0.205s] INFO:colcon.colcon_ros.task.ament_cmake.build:Building ROS package in '/home/ysl/autocar_track/src/utils' with build type 'ament_cmake'
[0.205s] INFO:colcon.colcon_cmake.task.cmake.build:Building CMake package in '/home/ysl/autocar_track/src/utils'
[0.205s] INFO:colcon.colcon_core.shell:Skip shell extension 'powershell' for command environment: Not usable outside of PowerShell
[0.205s] DEBUG:colcon.colcon_core.shell:Skip shell extension 'dsv' for command environment
[0.208s] INFO:colcon.colcon_ros.task.ament_cmake.build:Building ROS package in '/home/ysl/autocar_track/src/path_planning/delaunay_path_planning' with build type 'ament_cmake'
[0.208s] INFO:colcon.colcon_cmake.task.cmake.build:Building CMake package in '/home/ysl/autocar_track/src/path_planning/delaunay_path_planning'
[0.208s] INFO:colcon.colcon_core.shell:Skip shell extension 'powershell' for command environment: Not usable outside of PowerShell
[0.208s] DEBUG:colcon.colcon_core.shell:Skip shell extension 'dsv' for command environment
[0.211s] INFO:colcon.colcon_ros.task.ament_cmake.build:Building ROS package in '/home/ysl/autocar_track/src/control/erp_control' with build type 'ament_cmake'
[0.211s] INFO:colcon.colcon_cmake.task.cmake.build:Building CMake package in '/home/ysl/autocar_track/src/control/erp_control'
[0.211s] INFO:colcon.colcon_core.shell:Skip shell extension 'powershell' for command environment: Not usable outside of PowerShell
[0.212s] DEBUG:colcon.colcon_core.shell:Skip shell extension 'dsv' for command environment
[0.218s] INFO:colcon.colcon_ros.task.ament_cmake.build:Building ROS package in '/home/ysl/autocar_track/src/perception/patchwork-plusplus-ros' with build type 'ament_cmake'
[0.218s] INFO:colcon.colcon_cmake.task.cmake.build:Building CMake package in '/home/ysl/autocar_track/src/perception/patchwork-plusplus-ros'
[0.218s] INFO:colcon.colcon_core.shell:Skip shell extension 'powershell' for command environment: Not usable outside of PowerShell
[0.218s] DEBUG:colcon.colcon_core.shell:Skip shell extension 'dsv' for command environment
[0.223s] INFO:colcon.colcon_ros.task.ament_python.build:Building ROS package in '/home/ysl/autocar_track/src/path_tracking' with build type 'ament_python'
[0.224s] Level 1:colcon.colcon_core.shell:create_environment_hook('path_tracking', 'ament_prefix_path')
[0.224s] INFO:colcon.colcon_core.shell:Creating environment hook '/home/ysl/autocar_track/install/path_tracking/share/path_tracking/hook/ament_prefix_path.ps1'
[0.225s] INFO:colcon.colcon_core.shell:Creating environment descriptor '/home/ysl/autocar_track/install/path_tracking/share/path_tracking/hook/ament_prefix_path.dsv'
[0.225s] INFO:colcon.colcon_core.shell:Creating environment hook '/home/ysl/autocar_track/install/path_tracking/share/path_tracking/hook/ament_prefix_path.sh'
[0.226s] INFO:colcon.colcon_core.shell:Skip shell extension 'powershell' for command environment: Not usable outside of PowerShell
[0.226s] DEBUG:colcon.colcon_core.shell:Skip shell extension 'dsv' for command environment
[0.230s] INFO:colcon.colcon_ros.task.ament_python.build:Building ROS package in '/home/ysl/autocar_track/src/perception/perception_core' with build type 'ament_python'
[0.230s] Level 1:colcon.colcon_core.shell:create_environment_hook('perception', 'ament_prefix_path')
[0.230s] INFO:colcon.colcon_core.shell:Creating environment hook '/home/ysl/autocar_track/install/perception/share/perception/hook/ament_prefix_path.ps1'
[0.231s] INFO:colcon.colcon_core.shell:Creating environment descriptor '/home/ysl/autocar_track/install/perception/share/perception/hook/ament_prefix_path.dsv'
[0.231s] INFO:colcon.colcon_core.shell:Creating environment hook '/home/ysl/autocar_track/install/perception/share/perception/hook/ament_prefix_path.sh'
[0.231s] INFO:colcon.colcon_core.shell:Skip shell extension 'powershell' for command environment: Not usable outside of PowerShell
[0.231s] DEBUG:colcon.colcon_core.shell:Skip shell extension 'dsv' for command environment
[0.239s] DEBUG:colcon.colcon_core.event_handler.log_command:Invoking command in '/home/ysl/autocar_track/build/adaptive_clustering': CMAKE_PREFIX_PATH=${CMAKE_PREFIX_PATH}:/home/ysl/sensor/install/ntrip_client:/home/ysl/autocar_track/install/perception:/home/ysl/autocar_track/install/path_tracking:/opt/ros/humble /usr/bin/cmake --build /home/ysl/autocar_track/build/adaptive_clustering -- -j20 -l20
[0.241s] DEBUG:colcon.colcon_core.event_handler.log_command:Invoking command in '/home/ysl/autocar_track/build/autocar_utils': CMAKE_PREFIX_PATH=${CMAKE_PREFIX_PATH}:/home/ysl/sensor/install/ntrip_client:/home/ysl/autocar_track/install/perception:/home/ysl/autocar_track/install/path_tracking:/opt/ros/humble /usr/bin/cmake --build /home/ysl/autocar_track/build/autocar_utils -- -j20 -l20
[0.244s] DEBUG:colcon.colcon_core.event_handler.log_command:Invoking command in '/home/ysl/autocar_track/build/delaunay_path_planning': CMAKE_PREFIX_PATH=${CMAKE_PREFIX_PATH}:/home/ysl/sensor/install/ntrip_client:/home/ysl/autocar_track/install/perception:/home/ysl/autocar_track/install/path_tracking:/opt/ros/humble /usr/bin/cmake --build /home/ysl/autocar_track/build/delaunay_path_planning -- -j20 -l20
[0.244s] DEBUG:colcon.colcon_core.event_handler.log_command:Invoking command in '/home/ysl/autocar_track/build/erp_control': CMAKE_PREFIX_PATH=${CMAKE_PREFIX_PATH}:/home/ysl/sensor/install/ntrip_client:/home/ysl/autocar_track/install/perception:/home/ysl/autocar_track/install/path_tracking:/opt/ros/humble /usr/bin/cmake --build /home/ysl/autocar_track/build/erp_control -- -j20 -l20
[0.248s] DEBUG:colcon.colcon_core.event_handler.log_command:Invoking command in '/home/ysl/autocar_track/build/patchworkpp': CMAKE_PREFIX_PATH=${CMAKE_PREFIX_PATH}:/home/ysl/sensor/install/ntrip_client:/home/ysl/autocar_track/install/perception:/home/ysl/autocar_track/install/path_tracking:/opt/ros/humble /usr/bin/cmake --build /home/ysl/autocar_track/build/patchworkpp -- -j20 -l20
[0.434s] INFO:colcon.colcon_core.task.python.build:Building Python package in '/home/ysl/autocar_track/src/path_tracking'
[0.435s] INFO:colcon.colcon_core.shell:Skip shell extension 'powershell' for command environment: Not usable outside of PowerShell
[0.435s] DEBUG:colcon.colcon_core.shell:Skip shell extension 'dsv' for command environment
[0.623s] INFO:colcon.colcon_core.task.python.build:Building Python package in '/home/ysl/autocar_track/src/perception/perception_core'
[0.623s] INFO:colcon.colcon_core.shell:Skip shell extension 'powershell' for command environment: Not usable outside of PowerShell
[0.623s] DEBUG:colcon.colcon_core.shell:Skip shell extension 'dsv' for command environment
[0.627s] DEBUG:colcon.colcon_core.event_handler.log_command:Invoked command in '/home/ysl/autocar_track/build/patchworkpp' returned '0': CMAKE_PREFIX_PATH=${CMAKE_PREFIX_PATH}:/home/ysl/sensor/install/ntrip_client:/home/ysl/autocar_track/install/perception:/home/ysl/autocar_track/install/path_tracking:/opt/ros/humble /usr/bin/cmake --build /home/ysl/autocar_track/build/patchworkpp -- -j20 -l20
[0.638s] DEBUG:colcon.colcon_core.event_handler.log_command:Invoking command in '/home/ysl/autocar_track/build/patchworkpp': CMAKE_PREFIX_PATH=${CMAKE_PREFIX_PATH}:/home/ysl/sensor/install/ntrip_client:/home/ysl/autocar_track/install/perception:/home/ysl/autocar_track/install/path_tracking:/opt/ros/humble /usr/bin/cmake --install /home/ysl/autocar_track/build/patchworkpp
[0.660s] Level 1:colcon.colcon_core.environment:create_environment_scripts_only(patchworkpp)
[0.661s] DEBUG:colcon.colcon_core.event_handler.log_command:Invoked command in '/home/ysl/autocar_track/build/patchworkpp' returned '0': CMAKE_PREFIX_PATH=${CMAKE_PREFIX_PATH}:/home/ysl/sensor/install/ntrip_client:/home/ysl/autocar_track/install/perception:/home/ysl/autocar_track/install/path_tracking:/opt/ros/humble /usr/bin/cmake --install /home/ysl/autocar_track/build/patchworkpp
[0.663s] Level 1:colcon.colcon_core.environment:checking '/home/ysl/autocar_track/install/patchworkpp' for CMake module files
[0.664s] Level 1:colcon.colcon_core.environment:checking '/home/ysl/autocar_track/install/patchworkpp' for CMake config files
[0.664s] Level 1:colcon.colcon_core.shell:create_environment_hook('patchworkpp', 'cmake_prefix_path')
[0.664s] INFO:colcon.colcon_core.shell:Creating environment hook '/home/ysl/autocar_track/install/patchworkpp/share/patchworkpp/hook/cmake_prefix_path.ps1'
[0.664s] INFO:colcon.colcon_core.shell:Creating environment descriptor '/home/ysl/autocar_track/install/patchworkpp/share/patchworkpp/hook/cmake_prefix_path.dsv'
[0.665s] INFO:colcon.colcon_core.shell:Creating environment hook '/home/ysl/autocar_track/install/patchworkpp/share/patchworkpp/hook/cmake_prefix_path.sh'
[0.665s] Level 1:colcon.colcon_core.environment:checking '/home/ysl/autocar_track/install/patchworkpp/lib'
[0.665s] Level 1:colcon.colcon_core.shell:create_environment_hook('patchworkpp', 'ld_library_path_lib')
[0.665s] INFO:colcon.colcon_core.shell:Creating environment hook '/home/ysl/autocar_track/install/patchworkpp/share/patchworkpp/hook/ld_library_path_lib.ps1'
[0.666s] INFO:colcon.colcon_core.shell:Creating environment descriptor '/home/ysl/autocar_track/install/patchworkpp/share/patchworkpp/hook/ld_library_path_lib.dsv'
[0.666s] INFO:colcon.colcon_core.shell:Creating environment hook '/home/ysl/autocar_track/install/patchworkpp/share/patchworkpp/hook/ld_library_path_lib.sh'
[0.666s] Level 1:colcon.colcon_core.environment:checking '/home/ysl/autocar_track/install/patchworkpp/bin'
[0.666s] Level 1:colcon.colcon_core.environment:checking '/home/ysl/autocar_track/install/patchworkpp/lib/pkgconfig/patchworkpp.pc'
[0.666s] Level 1:colcon.colcon_core.environment:checking '/home/ysl/autocar_track/install/patchworkpp/lib/python3.10/site-packages'
[0.666s] Level 1:colcon.colcon_core.environment:checking '/home/ysl/autocar_track/install/patchworkpp/bin'
[0.666s] INFO:colcon.colcon_core.shell:Creating package script '/home/ysl/autocar_track/install/patchworkpp/share/patchworkpp/package.ps1'
[0.667s] INFO:colcon.colcon_core.shell:Creating package descriptor '/home/ysl/autocar_track/install/patchworkpp/share/patchworkpp/package.dsv'
[0.668s] INFO:colcon.colcon_core.shell:Creating package script '/home/ysl/autocar_track/install/patchworkpp/share/patchworkpp/package.sh'
[0.668s] INFO:colcon.colcon_core.shell:Creating package script '/home/ysl/autocar_track/install/patchworkpp/share/patchworkpp/package.bash'
[0.668s] INFO:colcon.colcon_core.shell:Creating package script '/home/ysl/autocar_track/install/patchworkpp/share/patchworkpp/package.zsh'
[0.669s] Level 1:colcon.colcon_core.environment:create_file_with_runtime_dependencies(/home/ysl/autocar_track/install/patchworkpp/share/colcon-core/packages/patchworkpp)
[0.669s] Level 1:colcon.colcon_core.environment:create_environment_scripts_only(patchworkpp)
[0.669s] Level 1:colcon.colcon_core.environment:checking '/home/ysl/autocar_track/install/patchworkpp' for CMake module files
[0.670s] Level 1:colcon.colcon_core.environment:checking '/home/ysl/autocar_track/install/patchworkpp' for CMake config files
[0.670s] Level 1:colcon.colcon_core.shell:create_environment_hook('patchworkpp', 'cmake_prefix_path')
[0.670s] INFO:colcon.colcon_core.shell:Creating environment hook '/home/ysl/autocar_track/install/patchworkpp/share/patchworkpp/hook/cmake_prefix_path.ps1'
[0.670s] INFO:colcon.colcon_core.shell:Creating environment descriptor '/home/ysl/autocar_track/install/patchworkpp/share/patchworkpp/hook/cmake_prefix_path.dsv'
[0.670s] INFO:colcon.colcon_core.shell:Creating environment hook '/home/ysl/autocar_track/install/patchworkpp/share/patchworkpp/hook/cmake_prefix_path.sh'
[0.671s] Level 1:colcon.colcon_core.environment:checking '/home/ysl/autocar_track/install/patchworkpp/lib'
[0.671s] Level 1:colcon.colcon_core.shell:create_environment_hook('patchworkpp', 'ld_library_path_lib')
[0.671s] INFO:colcon.colcon_core.shell:Creating environment hook '/home/ysl/autocar_track/install/patchworkpp/share/patchworkpp/hook/ld_library_path_lib.ps1'
[0.671s] INFO:colcon.colcon_core.shell:Creating environment descriptor '/home/ysl/autocar_track/install/patchworkpp/share/patchworkpp/hook/ld_library_path_lib.dsv'
[0.671s] INFO:colcon.colcon_core.shell:Creating environment hook '/home/ysl/autocar_track/install/patchworkpp/share/patchworkpp/hook/ld_library_path_lib.sh'
[0.672s] Level 1:colcon.colcon_core.environment:checking '/home/ysl/autocar_track/install/patchworkpp/bin'
[0.672s] Level 1:colcon.colcon_core.environment:checking '/home/ysl/autocar_track/install/patchworkpp/lib/pkgconfig/patchworkpp.pc'
[0.672s] Level 1:colcon.colcon_core.environment:checking '/home/ysl/autocar_track/install/patchworkpp/lib/python3.10/site-packages'
[0.672s] Level 1:colcon.colcon_core.environment:checking '/home/ysl/autocar_track/install/patchworkpp/bin'
[0.672s] INFO:colcon.colcon_core.shell:Creating package script '/home/ysl/autocar_track/install/patchworkpp/share/patchworkpp/package.ps1'
[0.672s] INFO:colcon.colcon_core.shell:Creating package descriptor '/home/ysl/autocar_track/install/patchworkpp/share/patchworkpp/package.dsv'
[0.673s] INFO:colcon.colcon_core.shell:Creating package script '/home/ysl/autocar_track/install/patchworkpp/share/patchworkpp/package.sh'
[0.673s] INFO:colcon.colcon_core.shell:Creating package script '/home/ysl/autocar_track/install/patchworkpp/share/patchworkpp/package.bash'
[0.673s] INFO:colcon.colcon_core.shell:Creating package script '/home/ysl/autocar_track/install/patchworkpp/share/patchworkpp/package.zsh'
[0.673s] Level 1:colcon.colcon_core.environment:create_file_with_runtime_dependencies(/home/ysl/autocar_track/install/patchworkpp/share/colcon-core/packages/patchworkpp)
[0.780s] DEBUG:colcon.colcon_core.event_handler.log_command:Invoked command in '/home/ysl/autocar_track/build/autocar_utils' returned '0': CMAKE_PREFIX_PATH=${CMAKE_PREFIX_PATH}:/home/ysl/sensor/install/ntrip_client:/home/ysl/autocar_track/install/perception:/home/ysl/autocar_track/install/path_tracking:/opt/ros/humble /usr/bin/cmake --build /home/ysl/autocar_track/build/autocar_utils -- -j20 -l20
[0.781s] DEBUG:colcon.colcon_core.event_handler.log_command:Invoking command in '/home/ysl/autocar_track/build/autocar_utils': CMAKE_PREFIX_PATH=${CMAKE_PREFIX_PATH}:/home/ysl/sensor/install/ntrip_client:/home/ysl/autocar_track/install/perception:/home/ysl/autocar_track/install/path_tracking:/opt/ros/humble /usr/bin/cmake --install /home/ysl/autocar_track/build/autocar_utils
[0.784s] DEBUG:colcon.colcon_core.event_handler.log_command:Invoked command in '/home/ysl/autocar_track/build/adaptive_clustering' returned '0': CMAKE_PREFIX_PATH=${CMAKE_PREFIX_PATH}:/home/ysl/sensor/install/ntrip_client:/home/ysl/autocar_track/install/perception:/home/ysl/autocar_track/install/path_tracking:/opt/ros/humble /usr/bin/cmake --build /home/ysl/autocar_track/build/adaptive_clustering -- -j20 -l20
[0.785s] DEBUG:colcon.colcon_core.event_handler.log_command:Invoking command in '/home/ysl/autocar_track/build/adaptive_clustering': CMAKE_PREFIX_PATH=${CMAKE_PREFIX_PATH}:/home/ysl/sensor/install/ntrip_client:/home/ysl/autocar_track/install/perception:/home/ysl/autocar_track/install/path_tracking:/opt/ros/humble /usr/bin/cmake --install /home/ysl/autocar_track/build/adaptive_clustering
[0.786s] DEBUG:colcon.colcon_core.event_handler.log_command:Invoked command in '/home/ysl/autocar_track/build/erp_control' returned '0': CMAKE_PREFIX_PATH=${CMAKE_PREFIX_PATH}:/home/ysl/sensor/install/ntrip_client:/home/ysl/autocar_track/install/perception:/home/ysl/autocar_track/install/path_tracking:/opt/ros/humble /usr/bin/cmake --build /home/ysl/autocar_track/build/erp_control -- -j20 -l20
[0.787s] DEBUG:colcon.colcon_core.event_handler.log_command:Invoking command in '/home/ysl/autocar_track/build/erp_control': CMAKE_PREFIX_PATH=${CMAKE_PREFIX_PATH}:/home/ysl/sensor/install/ntrip_client:/home/ysl/autocar_track/install/perception:/home/ysl/autocar_track/install/path_tracking:/opt/ros/humble /usr/bin/cmake --install /home/ysl/autocar_track/build/erp_control
[0.796s] DEBUG:colcon.colcon_core.event_handler.log_command:Invoked command in '/home/ysl/autocar_track/build/delaunay_path_planning' returned '0': CMAKE_PREFIX_PATH=${CMAKE_PREFIX_PATH}:/home/ysl/sensor/install/ntrip_client:/home/ysl/autocar_track/install/perception:/home/ysl/autocar_track/install/path_tracking:/opt/ros/humble /usr/bin/cmake --build /home/ysl/autocar_track/build/delaunay_path_planning -- -j20 -l20
[0.800s] DEBUG:colcon.colcon_core.event_handler.log_command:Invoking command in '/home/ysl/autocar_track/build/delaunay_path_planning': CMAKE_PREFIX_PATH=${CMAKE_PREFIX_PATH}:/home/ysl/sensor/install/ntrip_client:/home/ysl/autocar_track/install/perception:/home/ysl/autocar_track/install/path_tracking:/opt/ros/humble /usr/bin/cmake --install /home/ysl/autocar_track/build/delaunay_path_planning
[0.836s] Level 1:colcon.colcon_core.environment:create_environment_scripts_only(erp_control)
[0.837s] DEBUG:colcon.colcon_core.event_handler.log_command:Invoked command in '/home/ysl/autocar_track/build/erp_control' returned '0': CMAKE_PREFIX_PATH=${CMAKE_PREFIX_PATH}:/home/ysl/sensor/install/ntrip_client:/home/ysl/autocar_track/install/perception:/home/ysl/autocar_track/install/path_tracking:/opt/ros/humble /usr/bin/cmake --install /home/ysl/autocar_track/build/erp_control
[0.837s] Level 1:colcon.colcon_core.environment:checking '/home/ysl/autocar_track/install/erp_control' for CMake module files
[0.839s] Level 1:colcon.colcon_core.environment:checking '/home/ysl/autocar_track/install/erp_control' for CMake config files
[0.839s] Level 1:colcon.colcon_core.shell:create_environment_hook('erp_control', 'cmake_prefix_path')
[0.840s] INFO:colcon.colcon_core.shell:Creating environment hook '/home/ysl/autocar_track/install/erp_control/share/erp_control/hook/cmake_prefix_path.ps1'
[0.840s] INFO:colcon.colcon_core.shell:Creating environment descriptor '/home/ysl/autocar_track/install/erp_control/share/erp_control/hook/cmake_prefix_path.dsv'
[0.841s] INFO:colcon.colcon_core.shell:Creating environment hook '/home/ysl/autocar_track/install/erp_control/share/erp_control/hook/cmake_prefix_path.sh'
[0.841s] Level 1:colcon.colcon_core.environment:checking '/home/ysl/autocar_track/install/erp_control/lib'
[0.841s] Level 1:colcon.colcon_core.environment:checking '/home/ysl/autocar_track/install/erp_control/bin'
[0.841s] Level 1:colcon.colcon_core.environment:checking '/home/ysl/autocar_track/install/erp_control/lib/pkgconfig/erp_control.pc'
[0.842s] Level 1:colcon.colcon_core.environment:checking '/home/ysl/autocar_track/install/erp_control/lib/python3.10/site-packages'
[0.842s] Level 1:colcon.colcon_core.environment:checking '/home/ysl/autocar_track/install/erp_control/bin'
[0.842s] INFO:colcon.colcon_core.shell:Creating package script '/home/ysl/autocar_track/install/erp_control/share/erp_control/package.ps1'
[0.843s] INFO:colcon.colcon_core.shell:Creating package descriptor '/home/ysl/autocar_track/install/erp_control/share/erp_control/package.dsv'
[0.843s] INFO:colcon.colcon_core.shell:Creating package script '/home/ysl/autocar_track/install/erp_control/share/erp_control/package.sh'
[0.843s] INFO:colcon.colcon_core.shell:Creating package script '/home/ysl/autocar_track/install/erp_control/share/erp_control/package.bash'
[0.844s] INFO:colcon.colcon_core.shell:Creating package script '/home/ysl/autocar_track/install/erp_control/share/erp_control/package.zsh'
[0.844s] Level 1:colcon.colcon_core.environment:create_file_with_runtime_dependencies(/home/ysl/autocar_track/install/erp_control/share/colcon-core/packages/erp_control)
[0.844s] Level 1:colcon.colcon_core.environment:create_environment_scripts_only(erp_control)
[0.845s] Level 1:colcon.colcon_core.environment:checking '/home/ysl/autocar_track/install/erp_control' for CMake module files
[0.845s] Level 1:colcon.colcon_core.environment:checking '/home/ysl/autocar_track/install/erp_control' for CMake config files
[0.845s] Level 1:colcon.colcon_core.shell:create_environment_hook('erp_control', 'cmake_prefix_path')
[0.845s] INFO:colcon.colcon_core.shell:Creating environment hook '/home/ysl/autocar_track/install/erp_control/share/erp_control/hook/cmake_prefix_path.ps1'
[0.845s] INFO:colcon.colcon_core.shell:Creating environment descriptor '/home/ysl/autocar_track/install/erp_control/share/erp_control/hook/cmake_prefix_path.dsv'
[0.846s] INFO:colcon.colcon_core.shell:Creating environment hook '/home/ysl/autocar_track/install/erp_control/share/erp_control/hook/cmake_prefix_path.sh'
[0.846s] Level 1:colcon.colcon_core.environment:checking '/home/ysl/autocar_track/install/erp_control/lib'
[0.846s] Level 1:colcon.colcon_core.environment:checking '/home/ysl/autocar_track/install/erp_control/bin'
[0.846s] Level 1:colcon.colcon_core.environment:checking '/home/ysl/autocar_track/install/erp_control/lib/pkgconfig/erp_control.pc'
[0.846s] Level 1:colcon.colcon_core.environment:checking '/home/ysl/autocar_track/install/erp_control/lib/python3.10/site-packages'
[0.846s] Level 1:colcon.colcon_core.environment:checking '/home/ysl/autocar_track/install/erp_control/bin'
[0.846s] INFO:colcon.colcon_core.shell:Creating package script '/home/ysl/autocar_track/install/erp_control/share/erp_control/package.ps1'
[0.847s] INFO:colcon.colcon_core.shell:Creating package descriptor '/home/ysl/autocar_track/install/erp_control/share/erp_control/package.dsv'
[0.847s] INFO:colcon.colcon_core.shell:Creating package script '/home/ysl/autocar_track/install/erp_control/share/erp_control/package.sh'
[0.847s] INFO:colcon.colcon_core.shell:Creating package script '/home/ysl/autocar_track/install/erp_control/share/erp_control/package.bash'
[0.847s] INFO:colcon.colcon_core.shell:Creating package script '/home/ysl/autocar_track/install/erp_control/share/erp_control/package.zsh'
[0.848s] Level 1:colcon.colcon_core.environment:create_file_with_runtime_dependencies(/home/ysl/autocar_track/install/erp_control/share/colcon-core/packages/erp_control)
[0.849s] Level 1:colcon.colcon_core.environment:create_environment_scripts_only(autocar_utils)
[0.849s] DEBUG:colcon.colcon_core.event_handler.log_command:Invoked command in '/home/ysl/autocar_track/build/autocar_utils' returned '0': CMAKE_PREFIX_PATH=${CMAKE_PREFIX_PATH}:/home/ysl/sensor/install/ntrip_client:/home/ysl/autocar_track/install/perception:/home/ysl/autocar_track/install/path_tracking:/opt/ros/humble /usr/bin/cmake --install /home/ysl/autocar_track/build/autocar_utils
[0.849s] Level 1:colcon.colcon_core.environment:checking '/home/ysl/autocar_track/install/autocar_utils' for CMake module files
[0.850s] Level 1:colcon.colcon_core.environment:checking '/home/ysl/autocar_track/install/autocar_utils' for CMake config files
[0.850s] Level 1:colcon.colcon_core.shell:create_environment_hook('autocar_utils', 'cmake_prefix_path')
[0.850s] INFO:colcon.colcon_core.shell:Creating environment hook '/home/ysl/autocar_track/install/autocar_utils/share/autocar_utils/hook/cmake_prefix_path.ps1'
[0.851s] INFO:colcon.colcon_core.shell:Creating environment descriptor '/home/ysl/autocar_track/install/autocar_utils/share/autocar_utils/hook/cmake_prefix_path.dsv'
[0.851s] INFO:colcon.colcon_core.shell:Creating environment hook '/home/ysl/autocar_track/install/autocar_utils/share/autocar_utils/hook/cmake_prefix_path.sh'
[0.852s] Level 1:colcon.colcon_core.environment:checking '/home/ysl/autocar_track/install/autocar_utils/lib'
[0.852s] Level 1:colcon.colcon_core.environment:checking '/home/ysl/autocar_track/install/autocar_utils/bin'
[0.852s] Level 1:colcon.colcon_core.environment:checking '/home/ysl/autocar_track/install/autocar_utils/lib/pkgconfig/autocar_utils.pc'
[0.852s] Level 1:colcon.colcon_core.environment:checking '/home/ysl/autocar_track/install/autocar_utils/lib/python3.10/site-packages'
[0.852s] Level 1:colcon.colcon_core.environment:checking '/home/ysl/autocar_track/install/autocar_utils/bin'
[0.853s] INFO:colcon.colcon_core.shell:Creating package script '/home/ysl/autocar_track/install/autocar_utils/share/autocar_utils/package.ps1'
[0.853s] INFO:colcon.colcon_core.shell:Creating package descriptor '/home/ysl/autocar_track/install/autocar_utils/share/autocar_utils/package.dsv'
[0.853s] INFO:colcon.colcon_core.shell:Creating package script '/home/ysl/autocar_track/install/autocar_utils/share/autocar_utils/package.sh'
[0.854s] INFO:colcon.colcon_core.shell:Creating package script '/home/ysl/autocar_track/install/autocar_utils/share/autocar_utils/package.bash'
[0.854s] INFO:colcon.colcon_core.shell:Creating package script '/home/ysl/autocar_track/install/autocar_utils/share/autocar_utils/package.zsh'
[0.854s] Level 1:colcon.colcon_core.environment:create_file_with_runtime_dependencies(/home/ysl/autocar_track/install/autocar_utils/share/colcon-core/packages/autocar_utils)
[0.855s] Level 1:colcon.colcon_core.environment:create_environment_scripts_only(autocar_utils)
[0.855s] Level 1:colcon.colcon_core.environment:checking '/home/ysl/autocar_track/install/autocar_utils' for CMake module files
[0.855s] Level 1:colcon.colcon_core.environment:checking '/home/ysl/autocar_track/install/autocar_utils' for CMake config files
[0.855s] Level 1:colcon.colcon_core.shell:create_environment_hook('autocar_utils', 'cmake_prefix_path')
[0.856s] INFO:colcon.colcon_core.shell:Creating environment hook '/home/ysl/autocar_track/install/autocar_utils/share/autocar_utils/hook/cmake_prefix_path.ps1'
[0.856s] INFO:colcon.colcon_core.shell:Creating environment descriptor '/home/ysl/autocar_track/install/autocar_utils/share/autocar_utils/hook/cmake_prefix_path.dsv'
[0.856s] INFO:colcon.colcon_core.shell:Creating environment hook '/home/ysl/autocar_track/install/autocar_utils/share/autocar_utils/hook/cmake_prefix_path.sh'
[0.856s] Level 1:colcon.colcon_core.environment:checking '/home/ysl/autocar_track/install/autocar_utils/lib'
[0.857s] Level 1:colcon.colcon_core.environment:checking '/home/ysl/autocar_track/install/autocar_utils/bin'
[0.857s] Level 1:colcon.colcon_core.environment:checking '/home/ysl/autocar_track/install/autocar_utils/lib/pkgconfig/autocar_utils.pc'
[0.857s] Level 1:colcon.colcon_core.environment:checking '/home/ysl/autocar_track/install/autocar_utils/lib/python3.10/site-packages'
[0.857s] Level 1:colcon.colcon_core.environment:checking '/home/ysl/autocar_track/install/autocar_utils/bin'
[0.857s] INFO:colcon.colcon_core.shell:Creating package script '/home/ysl/autocar_track/install/autocar_utils/share/autocar_utils/package.ps1'
[0.857s] INFO:colcon.colcon_core.shell:Creating package descriptor '/home/ysl/autocar_track/install/autocar_utils/share/autocar_utils/package.dsv'
[0.858s] INFO:colcon.colcon_core.shell:Creating package script '/home/ysl/autocar_track/install/autocar_utils/share/autocar_utils/package.sh'
[0.858s] INFO:colcon.colcon_core.shell:Creating package script '/home/ysl/autocar_track/install/autocar_utils/share/autocar_utils/package.bash'
[0.858s] INFO:colcon.colcon_core.shell:Creating package script '/home/ysl/autocar_track/install/autocar_utils/share/autocar_utils/package.zsh'
[0.858s] Level 1:colcon.colcon_core.environment:create_file_with_runtime_dependencies(/home/ysl/autocar_track/install/autocar_utils/share/colcon-core/packages/autocar_utils)
[0.858s] Level 1:colcon.colcon_core.environment:create_environment_scripts_only(adaptive_clustering)
[0.859s] Level 1:colcon.colcon_core.environment:checking '/home/ysl/autocar_track/install/adaptive_clustering' for CMake module files
[0.859s] DEBUG:colcon.colcon_core.event_handler.log_command:Invoked command in '/home/ysl/autocar_track/build/adaptive_clustering' returned '0': CMAKE_PREFIX_PATH=${CMAKE_PREFIX_PATH}:/home/ysl/sensor/install/ntrip_client:/home/ysl/autocar_track/install/perception:/home/ysl/autocar_track/install/path_tracking:/opt/ros/humble /usr/bin/cmake --install /home/ysl/autocar_track/build/adaptive_clustering
[0.859s] Level 1:colcon.colcon_core.environment:checking '/home/ysl/autocar_track/install/adaptive_clustering' for CMake config files
[0.860s] Level 1:colcon.colcon_core.shell:create_environment_hook('adaptive_clustering', 'cmake_prefix_path')
[0.860s] INFO:colcon.colcon_core.shell:Creating environment hook '/home/ysl/autocar_track/install/adaptive_clustering/share/adaptive_clustering/hook/cmake_prefix_path.ps1'
[0.860s] INFO:colcon.colcon_core.shell:Creating environment descriptor '/home/ysl/autocar_track/install/adaptive_clustering/share/adaptive_clustering/hook/cmake_prefix_path.dsv'
[0.861s] INFO:colcon.colcon_core.shell:Creating environment hook '/home/ysl/autocar_track/install/adaptive_clustering/share/adaptive_clustering/hook/cmake_prefix_path.sh'
[0.861s] Level 1:colcon.colcon_core.environment:checking '/home/ysl/autocar_track/install/adaptive_clustering/lib'
[0.861s] Level 1:colcon.colcon_core.shell:create_environment_hook('adaptive_clustering', 'ld_library_path_lib')
[0.861s] INFO:colcon.colcon_core.shell:Creating environment hook '/home/ysl/autocar_track/install/adaptive_clustering/share/adaptive_clustering/hook/ld_library_path_lib.ps1'
[0.861s] INFO:colcon.colcon_core.shell:Creating environment descriptor '/home/ysl/autocar_track/install/adaptive_clustering/share/adaptive_clustering/hook/ld_library_path_lib.dsv'
[0.862s] INFO:colcon.colcon_core.shell:Creating environment hook '/home/ysl/autocar_track/install/adaptive_clustering/share/adaptive_clustering/hook/ld_library_path_lib.sh'
[0.862s] Level 1:colcon.colcon_core.environment:checking '/home/ysl/autocar_track/install/adaptive_clustering/bin'
[0.862s] Level 1:colcon.colcon_core.shell:create_environment_hook('adaptive_clustering', 'path')
[0.862s] INFO:colcon.colcon_core.shell:Creating environment hook '/home/ysl/autocar_track/install/adaptive_clustering/share/adaptive_clustering/hook/path.ps1'
[0.862s] INFO:colcon.colcon_core.shell:Creating environment descriptor '/home/ysl/autocar_track/install/adaptive_clustering/share/adaptive_clustering/hook/path.dsv'
[0.862s] INFO:colcon.colcon_core.shell:Creating environment hook '/home/ysl/autocar_track/install/adaptive_clustering/share/adaptive_clustering/hook/path.sh'
[0.863s] Level 1:colcon.colcon_core.environment:checking '/home/ysl/autocar_track/install/adaptive_clustering/lib/pkgconfig/adaptive_clustering.pc'
[0.863s] Level 1:colcon.colcon_core.environment:checking '/home/ysl/autocar_track/install/adaptive_clustering/lib/python3.10/site-packages'
[0.863s] Level 1:colcon.colcon_core.environment:checking '/home/ysl/autocar_track/install/adaptive_clustering/bin'
[0.863s] Level 1:colcon.colcon_core.shell:create_environment_hook('adaptive_clustering', 'pythonscriptspath')
[0.863s] INFO:colcon.colcon_core.shell:Creating environment hook '/home/ysl/autocar_track/install/adaptive_clustering/share/adaptive_clustering/hook/pythonscriptspath.ps1'
[0.863s] INFO:colcon.colcon_core.shell:Creating environment descriptor '/home/ysl/autocar_track/install/adaptive_clustering/share/adaptive_clustering/hook/pythonscriptspath.dsv'
[0.863s] INFO:colcon.colcon_core.shell:Creating environment hook '/home/ysl/autocar_track/install/adaptive_clustering/share/adaptive_clustering/hook/pythonscriptspath.sh'
[0.864s] INFO:colcon.colcon_core.shell:Creating package script '/home/ysl/autocar_track/install/adaptive_clustering/share/adaptive_clustering/package.ps1'
[0.864s] INFO:colcon.colcon_core.shell:Creating package descriptor '/home/ysl/autocar_track/install/adaptive_clustering/share/adaptive_clustering/package.dsv'
[0.865s] INFO:colcon.colcon_core.shell:Creating package script '/home/ysl/autocar_track/install/adaptive_clustering/share/adaptive_clustering/package.sh'
[0.865s] INFO:colcon.colcon_core.shell:Creating package script '/home/ysl/autocar_track/install/adaptive_clustering/share/adaptive_clustering/package.bash'
[0.865s] INFO:colcon.colcon_core.shell:Creating package script '/home/ysl/autocar_track/install/adaptive_clustering/share/adaptive_clustering/package.zsh'
[0.865s] Level 1:colcon.colcon_core.environment:create_file_with_runtime_dependencies(/home/ysl/autocar_track/install/adaptive_clustering/share/colcon-core/packages/adaptive_clustering)
[0.866s] Level 1:colcon.colcon_core.environment:create_environment_scripts_only(adaptive_clustering)
[0.866s] Level 1:colcon.colcon_core.environment:checking '/home/ysl/autocar_track/install/adaptive_clustering' for CMake module files
[0.866s] Level 1:colcon.colcon_core.environment:checking '/home/ysl/autocar_track/install/adaptive_clustering' for CMake config files
[0.867s] Level 1:colcon.colcon_core.shell:create_environment_hook('adaptive_clustering', 'cmake_prefix_path')
[0.867s] INFO:colcon.colcon_core.shell:Creating environment hook '/home/ysl/autocar_track/install/adaptive_clustering/share/adaptive_clustering/hook/cmake_prefix_path.ps1'
[0.867s] INFO:colcon.colcon_core.shell:Creating environment descriptor '/home/ysl/autocar_track/install/adaptive_clustering/share/adaptive_clustering/hook/cmake_prefix_path.dsv'
[0.867s] INFO:colcon.colcon_core.shell:Creating environment hook '/home/ysl/autocar_track/install/adaptive_clustering/share/adaptive_clustering/hook/cmake_prefix_path.sh'
[0.868s] Level 1:colcon.colcon_core.environment:checking '/home/ysl/autocar_track/install/adaptive_clustering/lib'
[0.868s] Level 1:colcon.colcon_core.shell:create_environment_hook('adaptive_clustering', 'ld_library_path_lib')
[0.868s] INFO:colcon.colcon_core.shell:Creating environment hook '/home/ysl/autocar_track/install/adaptive_clustering/share/adaptive_clustering/hook/ld_library_path_lib.ps1'
[0.868s] INFO:colcon.colcon_core.shell:Creating environment descriptor '/home/ysl/autocar_track/install/adaptive_clustering/share/adaptive_clustering/hook/ld_library_path_lib.dsv'
[0.868s] INFO:colcon.colcon_core.shell:Creating environment hook '/home/ysl/autocar_track/install/adaptive_clustering/share/adaptive_clustering/hook/ld_library_path_lib.sh'
[0.869s] Level 1:colcon.colcon_core.environment:checking '/home/ysl/autocar_track/install/adaptive_clustering/bin'
[0.869s] Level 1:colcon.colcon_core.shell:create_environment_hook('adaptive_clustering', 'path')
[0.869s] INFO:colcon.colcon_core.shell:Creating environment hook '/home/ysl/autocar_track/install/adaptive_clustering/share/adaptive_clustering/hook/path.ps1'
[0.869s] INFO:colcon.colcon_core.shell:Creating environment descriptor '/home/ysl/autocar_track/install/adaptive_clustering/share/adaptive_clustering/hook/path.dsv'
[0.869s] INFO:colcon.colcon_core.shell:Creating environment hook '/home/ysl/autocar_track/install/adaptive_clustering/share/adaptive_clustering/hook/path.sh'
[0.869s] Level 1:colcon.colcon_core.environment:checking '/home/ysl/autocar_track/install/adaptive_clustering/lib/pkgconfig/adaptive_clustering.pc'
[0.869s] Level 1:colcon.colcon_core.environment:checking '/home/ysl/autocar_track/install/adaptive_clustering/lib/python3.10/site-packages'
[0.870s] Level 1:colcon.colcon_core.environment:checking '/home/ysl/autocar_track/install/adaptive_clustering/bin'
[0.870s] Level 1:colcon.colcon_core.shell:create_environment_hook('adaptive_clustering', 'pythonscriptspath')
[0.870s] INFO:colcon.colcon_core.shell:Creating environment hook '/home/ysl/autocar_track/install/adaptive_clustering/share/adaptive_clustering/hook/pythonscriptspath.ps1'
[0.870s] INFO:colcon.colcon_core.shell:Creating environment descriptor '/home/ysl/autocar_track/install/adaptive_clustering/share/adaptive_clustering/hook/pythonscriptspath.dsv'
[0.870s] INFO:colcon.colcon_core.shell:Creating environment hook '/home/ysl/autocar_track/install/adaptive_clustering/share/adaptive_clustering/hook/pythonscriptspath.sh'
[0.870s] INFO:colcon.colcon_core.shell:Creating package script '/home/ysl/autocar_track/install/adaptive_clustering/share/adaptive_clustering/package.ps1'
[0.871s] INFO:colcon.colcon_core.shell:Creating package descriptor '/home/ysl/autocar_track/install/adaptive_clustering/share/adaptive_clustering/package.dsv'
[0.871s] INFO:colcon.colcon_core.shell:Creating package script '/home/ysl/autocar_track/install/adaptive_clustering/share/adaptive_clustering/package.sh'
[0.871s] INFO:colcon.colcon_core.shell:Creating package script '/home/ysl/autocar_track/install/adaptive_clustering/share/adaptive_clustering/package.bash'
[0.872s] INFO:colcon.colcon_core.shell:Creating package script '/home/ysl/autocar_track/install/adaptive_clustering/share/adaptive_clustering/package.zsh'
[0.872s] Level 1:colcon.colcon_core.environment:create_file_with_runtime_dependencies(/home/ysl/autocar_track/install/adaptive_clustering/share/colcon-core/packages/adaptive_clustering)
[0.873s] Level 1:colcon.colcon_core.environment:create_environment_scripts_only(delaunay_path_planning)
[0.873s] Level 1:colcon.colcon_core.environment:checking '/home/ysl/autocar_track/install/delaunay_path_planning' for CMake module files
[0.873s] DEBUG:colcon.colcon_core.event_handler.log_command:Invoked command in '/home/ysl/autocar_track/build/delaunay_path_planning' returned '0': CMAKE_PREFIX_PATH=${CMAKE_PREFIX_PATH}:/home/ysl/sensor/install/ntrip_client:/home/ysl/autocar_track/install/perception:/home/ysl/autocar_track/install/path_tracking:/opt/ros/humble /usr/bin/cmake --install /home/ysl/autocar_track/build/delaunay_path_planning
[0.874s] Level 1:colcon.colcon_core.environment:checking '/home/ysl/autocar_track/install/delaunay_path_planning' for CMake config files
[0.874s] Level 1:colcon.colcon_core.shell:create_environment_hook('delaunay_path_planning', 'cmake_prefix_path')
[0.874s] INFO:colcon.colcon_core.shell:Creating environment hook '/home/ysl/autocar_track/install/delaunay_path_planning/share/delaunay_path_planning/hook/cmake_prefix_path.ps1'
[0.875s] INFO:colcon.colcon_core.shell:Creating environment descriptor '/home/ysl/autocar_track/install/delaunay_path_planning/share/delaunay_path_planning/hook/cmake_prefix_path.dsv'
[0.875s] INFO:colcon.colcon_core.shell:Creating environment hook '/home/ysl/autocar_track/install/delaunay_path_planning/share/delaunay_path_planning/hook/cmake_prefix_path.sh'
[0.875s] Level 1:colcon.colcon_core.environment:checking '/home/ysl/autocar_track/install/delaunay_path_planning/lib'
[0.875s] Level 1:colcon.colcon_core.environment:checking '/home/ysl/autocar_track/install/delaunay_path_planning/bin'
[0.875s] Level 1:colcon.colcon_core.environment:checking '/home/ysl/autocar_track/install/delaunay_path_planning/lib/pkgconfig/delaunay_path_planning.pc'
[0.875s] Level 1:colcon.colcon_core.environment:checking '/home/ysl/autocar_track/install/delaunay_path_planning/lib/python3.10/site-packages'
[0.876s] Level 1:colcon.colcon_core.environment:checking '/home/ysl/autocar_track/install/delaunay_path_planning/bin'
[0.876s] INFO:colcon.colcon_core.shell:Creating package script '/home/ysl/autocar_track/install/delaunay_path_planning/share/delaunay_path_planning/package.ps1'
[0.876s] INFO:colcon.colcon_core.shell:Creating package descriptor '/home/ysl/autocar_track/install/delaunay_path_planning/share/delaunay_path_planning/package.dsv'
[0.876s] INFO:colcon.colcon_core.shell:Creating package script '/home/ysl/autocar_track/install/delaunay_path_planning/share/delaunay_path_planning/package.sh'
[0.876s] INFO:colcon.colcon_core.shell:Creating package script '/home/ysl/autocar_track/install/delaunay_path_planning/share/delaunay_path_planning/package.bash'
[0.877s] INFO:colcon.colcon_core.shell:Creating package script '/home/ysl/autocar_track/install/delaunay_path_planning/share/delaunay_path_planning/package.zsh'
[0.877s] Level 1:colcon.colcon_core.environment:create_file_with_runtime_dependencies(/home/ysl/autocar_track/install/delaunay_path_planning/share/colcon-core/packages/delaunay_path_planning)
[0.877s] Level 1:colcon.colcon_core.environment:create_environment_scripts_only(delaunay_path_planning)
[0.877s] Level 1:colcon.colcon_core.environment:checking '/home/ysl/autocar_track/install/delaunay_path_planning' for CMake module files
[0.877s] Level 1:colcon.colcon_core.environment:checking '/home/ysl/autocar_track/install/delaunay_path_planning' for CMake config files
[0.878s] Level 1:colcon.colcon_core.shell:create_environment_hook('delaunay_path_planning', 'cmake_prefix_path')
[0.878s] INFO:colcon.colcon_core.shell:Creating environment hook '/home/ysl/autocar_track/install/delaunay_path_planning/share/delaunay_path_planning/hook/cmake_prefix_path.ps1'
[0.878s] INFO:colcon.colcon_core.shell:Creating environment descriptor '/home/ysl/autocar_track/install/delaunay_path_planning/share/delaunay_path_planning/hook/cmake_prefix_path.dsv'
[0.878s] INFO:colcon.colcon_core.shell:Creating environment hook '/home/ysl/autocar_track/install/delaunay_path_planning/share/delaunay_path_planning/hook/cmake_prefix_path.sh'
[0.878s] Level 1:colcon.colcon_core.environment:checking '/home/ysl/autocar_track/install/delaunay_path_planning/lib'
[0.878s] Level 1:colcon.colcon_core.environment:checking '/home/ysl/autocar_track/install/delaunay_path_planning/bin'
[0.878s] Level 1:colcon.colcon_core.environment:checking '/home/ysl/autocar_track/install/delaunay_path_planning/lib/pkgconfig/delaunay_path_planning.pc'
[0.879s] Level 1:colcon.colcon_core.environment:checking '/home/ysl/autocar_track/install/delaunay_path_planning/lib/python3.10/site-packages'
[0.879s] Level 1:colcon.colcon_core.environment:checking '/home/ysl/autocar_track/install/delaunay_path_planning/bin'
[0.879s] INFO:colcon.colcon_core.shell:Creating package script '/home/ysl/autocar_track/install/delaunay_path_planning/share/delaunay_path_planning/package.ps1'
[0.879s] INFO:colcon.colcon_core.shell:Creating package descriptor '/home/ysl/autocar_track/install/delaunay_path_planning/share/delaunay_path_planning/package.dsv'
[0.880s] INFO:colcon.colcon_core.shell:Creating package script '/home/ysl/autocar_track/install/delaunay_path_planning/share/delaunay_path_planning/package.sh'
[0.880s] INFO:colcon.colcon_core.shell:Creating package script '/home/ysl/autocar_track/install/delaunay_path_planning/share/delaunay_path_planning/package.bash'
[0.880s] INFO:colcon.colcon_core.shell:Creating package script '/home/ysl/autocar_track/install/delaunay_path_planning/share/delaunay_path_planning/package.zsh'
[0.880s] Level 1:colcon.colcon_core.environment:create_file_with_runtime_dependencies(/home/ysl/autocar_track/install/delaunay_path_planning/share/colcon-core/packages/delaunay_path_planning)
[1.056s] DEBUG:colcon.colcon_core.event_handler.log_command:Invoking command in '/home/ysl/autocar_track/build/perception': PYTHONPATH=/home/ysl/autocar_track/build/perception/prefix_override:/usr/lib/python3/dist-packages/colcon_core/task/python/colcon_distutils_commands:/home/ysl/autocar_track/install/perception/lib/python3.10/site-packages:${PYTHONPATH} /usr/bin/python3 -W ignore:setup.py install is deprecated -W ignore:easy_install command is deprecated setup.py develop --editable --build-directory /home/ysl/autocar_track/build/perception/build --no-deps symlink_data
[1.066s] DEBUG:colcon.colcon_core.event_handler.log_command:Invoking command in '/home/ysl/autocar_track/build/path_tracking': PYTHONPATH=/home/ysl/autocar_track/build/path_tracking/prefix_override:/usr/lib/python3/dist-packages/colcon_core/task/python/colcon_distutils_commands:/home/ysl/autocar_track/install/path_tracking/lib/python3.10/site-packages:${PYTHONPATH} /usr/bin/python3 -W ignore:setup.py install is deprecated -W ignore:easy_install command is deprecated setup.py develop --editable --build-directory /home/ysl/autocar_track/build/path_tracking/build --no-deps symlink_data
[1.613s] Level 1:colcon.colcon_core.shell:create_environment_hook('path_tracking', 'pythonpath_develop')
[1.613s] DEBUG:colcon.colcon_core.event_handler.log_command:Invoked command in '/home/ysl/autocar_track/build/path_tracking' returned '0': PYTHONPATH=/home/ysl/autocar_track/build/path_tracking/prefix_override:/usr/lib/python3/dist-packages/colcon_core/task/python/colcon_distutils_commands:/home/ysl/autocar_track/install/path_tracking/lib/python3.10/site-packages:${PYTHONPATH} /usr/bin/python3 -W ignore:setup.py install is deprecated -W ignore:easy_install command is deprecated setup.py develop --editable --build-directory /home/ysl/autocar_track/build/path_tracking/build --no-deps symlink_data
[1.614s] INFO:colcon.colcon_core.shell:Creating environment hook '/home/ysl/autocar_track/build/path_tracking/share/path_tracking/hook/pythonpath_develop.ps1'
[1.614s] INFO:colcon.colcon_core.shell:Creating environment descriptor '/home/ysl/autocar_track/build/path_tracking/share/path_tracking/hook/pythonpath_develop.dsv'
[1.614s] INFO:colcon.colcon_core.shell:Creating environment hook '/home/ysl/autocar_track/build/path_tracking/share/path_tracking/hook/pythonpath_develop.sh'
[1.615s] Level 1:colcon.colcon_core.environment:checking '/home/ysl/autocar_track/install/path_tracking' for CMake module files
[1.615s] Level 1:colcon.colcon_core.environment:checking '/home/ysl/autocar_track/install/path_tracking' for CMake config files
[1.616s] Level 1:colcon.colcon_core.environment:checking '/home/ysl/autocar_track/install/path_tracking/lib'
[1.616s] Level 1:colcon.colcon_core.environment:checking '/home/ysl/autocar_track/install/path_tracking/bin'
[1.616s] Level 1:colcon.colcon_core.environment:checking '/home/ysl/autocar_track/install/path_tracking/lib/pkgconfig/path_tracking.pc'
[1.616s] Level 1:colcon.colcon_core.environment:checking '/home/ysl/autocar_track/install/path_tracking/lib/python3.10/site-packages'
[1.616s] Level 1:colcon.colcon_core.shell:create_environment_hook('path_tracking', 'pythonpath')
[1.616s] INFO:colcon.colcon_core.shell:Creating environment hook '/home/ysl/autocar_track/install/path_tracking/share/path_tracking/hook/pythonpath.ps1'
[1.616s] INFO:colcon.colcon_core.shell:Creating environment descriptor '/home/ysl/autocar_track/install/path_tracking/share/path_tracking/hook/pythonpath.dsv'
[1.617s] INFO:colcon.colcon_core.shell:Creating environment hook '/home/ysl/autocar_track/install/path_tracking/share/path_tracking/hook/pythonpath.sh'
[1.617s] Level 1:colcon.colcon_core.environment:checking '/home/ysl/autocar_track/install/path_tracking/bin'
[1.617s] Level 1:colcon.colcon_core.environment:create_environment_scripts_only(path_tracking)
[1.617s] INFO:colcon.colcon_core.shell:Creating package script '/home/ysl/autocar_track/install/path_tracking/share/path_tracking/package.ps1'
[1.617s] INFO:colcon.colcon_core.shell:Creating package descriptor '/home/ysl/autocar_track/install/path_tracking/share/path_tracking/package.dsv'
[1.618s] INFO:colcon.colcon_core.shell:Creating package script '/home/ysl/autocar_track/install/path_tracking/share/path_tracking/package.sh'
[1.618s] INFO:colcon.colcon_core.shell:Creating package script '/home/ysl/autocar_track/install/path_tracking/share/path_tracking/package.bash'
[1.618s] INFO:colcon.colcon_core.shell:Creating package script '/home/ysl/autocar_track/install/path_tracking/share/path_tracking/package.zsh'
[1.618s] Level 1:colcon.colcon_core.environment:create_file_with_runtime_dependencies(/home/ysl/autocar_track/install/path_tracking/share/colcon-core/packages/path_tracking)
[1.619s] Level 1:colcon.colcon_core.shell:create_environment_hook('perception', 'pythonpath_develop')
[1.619s] INFO:colcon.colcon_core.shell:Creating environment hook '/home/ysl/autocar_track/build/perception/share/perception/hook/pythonpath_develop.ps1'
[1.619s] DEBUG:colcon.colcon_core.event_handler.log_command:Invoked command in '/home/ysl/autocar_track/build/perception' returned '0': PYTHONPATH=/home/ysl/autocar_track/build/perception/prefix_override:/usr/lib/python3/dist-packages/colcon_core/task/python/colcon_distutils_commands:/home/ysl/autocar_track/install/perception/lib/python3.10/site-packages:${PYTHONPATH} /usr/bin/python3 -W ignore:setup.py install is deprecated -W ignore:easy_install command is deprecated setup.py develop --editable --build-directory /home/ysl/autocar_track/build/perception/build --no-deps symlink_data
[1.620s] INFO:colcon.colcon_core.shell:Creating environment descriptor '/home/ysl/autocar_track/build/perception/share/perception/hook/pythonpath_develop.dsv'
[1.620s] INFO:colcon.colcon_core.shell:Creating environment hook '/home/ysl/autocar_track/build/perception/share/perception/hook/pythonpath_develop.sh'
[1.621s] Level 1:colcon.colcon_core.environment:checking '/home/ysl/autocar_track/install/perception' for CMake module files
[1.621s] Level 1:colcon.colcon_core.environment:checking '/home/ysl/autocar_track/install/perception' for CMake config files
[1.622s] Level 1:colcon.colcon_core.environment:checking '/home/ysl/autocar_track/install/perception/lib'
[1.622s] Level 1:colcon.colcon_core.environment:checking '/home/ysl/autocar_track/install/perception/bin'
[1.622s] Level 1:colcon.colcon_core.environment:checking '/home/ysl/autocar_track/install/perception/lib/pkgconfig/perception.pc'
[1.622s] Level 1:colcon.colcon_core.environment:checking '/home/ysl/autocar_track/install/perception/lib/python3.10/site-packages'
[1.622s] Level 1:colcon.colcon_core.shell:create_environment_hook('perception', 'pythonpath')
[1.622s] INFO:colcon.colcon_core.shell:Creating environment hook '/home/ysl/autocar_track/install/perception/share/perception/hook/pythonpath.ps1'
[1.623s] INFO:colcon.colcon_core.shell:Creating environment descriptor '/home/ysl/autocar_track/install/perception/share/perception/hook/pythonpath.dsv'
[1.623s] INFO:colcon.colcon_core.shell:Creating environment hook '/home/ysl/autocar_track/install/perception/share/perception/hook/pythonpath.sh'
[1.623s] Level 1:colcon.colcon_core.environment:checking '/home/ysl/autocar_track/install/perception/bin'
[1.623s] Level 1:colcon.colcon_core.environment:create_environment_scripts_only(perception)
[1.623s] INFO:colcon.colcon_core.shell:Creating package script '/home/ysl/autocar_track/install/perception/share/perception/package.ps1'
[1.624s] INFO:colcon.colcon_core.shell:Creating package descriptor '/home/ysl/autocar_track/install/perception/share/perception/package.dsv'
[1.624s] INFO:colcon.colcon_core.shell:Creating package script '/home/ysl/autocar_track/install/perception/share/perception/package.sh'
[1.624s] INFO:colcon.colcon_core.shell:Creating package script '/home/ysl/autocar_track/install/perception/share/perception/package.bash'
[1.624s] INFO:colcon.colcon_core.shell:Creating package script '/home/ysl/autocar_track/install/perception/share/perception/package.zsh'
[1.624s] Level 1:colcon.colcon_core.environment:create_file_with_runtime_dependencies(/home/ysl/autocar_track/install/perception/share/colcon-core/packages/perception)
[1.624s] DEBUG:colcon.colcon_parallel_executor.executor.parallel:closing loop
[1.625s] DEBUG:colcon.colcon_parallel_executor.executor.parallel:loop closed
[1.625s] DEBUG:colcon.colcon_parallel_executor.executor.parallel:run_until_complete finished with '0'
[1.625s] DEBUG:colcon.colcon_core.event_reactor:joining thread
[1.628s] INFO:colcon.colcon_core.plugin_system:Skipping extension 'colcon_notification.desktop_notification.terminal_notifier': Not used on non-Darwin systems
[1.628s] INFO:colcon.colcon_core.plugin_system:Skipping extension 'colcon_notification.desktop_notification.win32': Not used on non-Windows systems
[1.628s] INFO:colcon.colcon_notification.desktop_notification:Sending desktop notification using 'notify2'
[1.637s] DEBUG:colcon.colcon_core.event_reactor:joined thread
[1.637s] INFO:colcon.colcon_core.shell:Creating prefix script '/home/ysl/autocar_track/install/local_setup.ps1'
[1.638s] INFO:colcon.colcon_core.shell:Creating prefix util module '/home/ysl/autocar_track/install/_local_setup_util_ps1.py'
[1.639s] INFO:colcon.colcon_core.shell:Creating prefix chain script '/home/ysl/autocar_track/install/setup.ps1'
[1.640s] INFO:colcon.colcon_core.shell:Creating prefix script '/home/ysl/autocar_track/install/local_setup.sh'
[1.640s] INFO:colcon.colcon_core.shell:Creating prefix util module '/home/ysl/autocar_track/install/_local_setup_util_sh.py'
[1.640s] INFO:colcon.colcon_core.shell:Creating prefix chain script '/home/ysl/autocar_track/install/setup.sh'
[1.641s] INFO:colcon.colcon_core.shell:Creating prefix script '/home/ysl/autocar_track/install/local_setup.bash'
[1.641s] INFO:colcon.colcon_core.shell:Creating prefix chain script '/home/ysl/autocar_track/install/setup.bash'
[1.642s] INFO:colcon.colcon_core.shell:Creating prefix script '/home/ysl/autocar_track/install/local_setup.zsh'
[1.642s] INFO:colcon.colcon_core.shell:Creating prefix chain script '/home/ysl/autocar_track/install/setup.zsh'
