-- The C compiler identification is GNU 11.4.0
-- The CXX compiler identification is GNU 11.4.0
-- Detecting C compiler ABI info
-- Detecting C compiler ABI info - done
-- Check for working C compiler: /usr/bin/cc - skipped
-- Detecting C compile features
-- Detecting C compile features - done
-- Detecting CXX compiler ABI info
-- Detecting CXX compiler ABI info - done
-- Check for working CXX compiler: /usr/bin/c++ - skipped
-- Detecting CXX compile features
-- Detecting CXX compile features - done
-- Found ament_cmake: 1.3.11 (/opt/ros/humble/share/ament_cmake/cmake)
-- Found Python3: /usr/bin/python3 (found version "3.10.12") found components: Interpreter 
-- Override CMake install command with custom implementation using symlinks instead of copying resources
-- Found rclcpp: 16.0.12 (/opt/ros/humble/share/rclcpp/cmake)
-- Found rosidl_generator_c: 3.1.6 (/opt/ros/humble/share/rosidl_generator_c/cmake)
-- Found rosidl_adapter: 3.1.6 (/opt/ros/humble/share/rosidl_adapter/cmake)
-- Found rosidl_generator_cpp: 3.1.6 (/opt/ros/humble/share/rosidl_generator_cpp/cmake)
-- Using all available rosidl_typesupport_c: rosidl_typesupport_fastrtps_c;rosidl_typesupport_introspection_c
-- Using all available rosidl_typesupport_cpp: rosidl_typesupport_fastrtps_cpp;rosidl_typesupport_introspection_cpp
-- Found rmw_implementation_cmake: 6.1.2 (/opt/ros/humble/share/rmw_implementation_cmake/cmake)
-- Found rmw_fastrtps_cpp: 6.2.7 (/opt/ros/humble/share/rmw_fastrtps_cpp/cmake)
-- Found OpenSSL: /usr/lib/x86_64-linux-gnu/libcrypto.so (found version "3.0.2")  
-- Found FastRTPS: /opt/ros/humble/include  
-- Using RMW implementation 'rmw_fastrtps_cpp' as default
-- Looking for pthread.h
-- Looking for pthread.h - found
-- Performing Test CMAKE_HAVE_LIBC_PTHREAD
-- Performing Test CMAKE_HAVE_LIBC_PTHREAD - Success
-- Found Threads: TRUE  
-- Found rclcpp_components: 16.0.12 (/opt/ros/humble/share/rclcpp_components/cmake)
-- Found sensor_msgs: 4.9.0 (/opt/ros/humble/share/sensor_msgs/cmake)
-- Found visualization_msgs: 4.9.0 (/opt/ros/humble/share/visualization_msgs/cmake)
-- Found pcl_conversions: 2.4.5 (/opt/ros/humble/share/pcl_conversions/cmake)
-- Checking for module 'eigen3'
--   Found eigen3, version 3.4.0
-- Found Eigen: /usr/include/eigen3 (Required is at least version "3.1") 
-- Eigen found (include: /usr/include/eigen3, version: 3.4.0)
-- Checking for module 'flann'
--   Found flann, version 1.9.1
-- Found FLANN: /usr/lib/x86_64-linux-gnu/libflann_cpp.so  
-- FLANN found (include: /usr/include, lib: /usr/lib/x86_64-linux-gnu/libflann_cpp.so)
-- Checking for module 'libusb-1.0'
--   Found libusb-1.0, version 1.0.25
-- Found libusb: /usr/lib/x86_64-linux-gnu/libusb-1.0.so  
-- OpenNI found (version: 1.5.4.0, include: /usr/include/ni, lib: /usr/lib/libOpenNI.so;libusb::libusb)
-- OpenNI2 found (version: 2.2.0.33, include: /usr/include/openni2, lib: /usr/lib/x86_64-linux-gnu/libOpenNI2.so;libusb::libusb)
-- Eigen found (include: /usr/include/eigen3, version: 3.4.0)
-- OpenNI found (version: 1.5.4.0, include: /usr/include/ni, lib: /usr/lib/libOpenNI.so;libusb::libusb)
-- OpenNI2 found (version: 2.2.0.33, include: /usr/include/openni2, lib: /usr/lib/x86_64-linux-gnu/libOpenNI2.so;libusb::libusb)
-- Found Qhull version 8.0.2
-- OpenNI found (version: 1.5.4.0, include: /usr/include/ni, lib: /usr/lib/libOpenNI.so;libusb::libusb)
-- Found PCL_COMMON: /usr/lib/x86_64-linux-gnu/libpcl_common.so  
-- Found PCL_KDTREE: /usr/lib/x86_64-linux-gnu/libpcl_kdtree.so  
-- Found PCL_OCTREE: /usr/lib/x86_64-linux-gnu/libpcl_octree.so  
-- Found PCL_SEARCH: /usr/lib/x86_64-linux-gnu/libpcl_search.so  
-- Found PCL_SAMPLE_CONSENSUS: /usr/lib/x86_64-linux-gnu/libpcl_sample_consensus.so  
-- Found PCL_FILTERS: /usr/lib/x86_64-linux-gnu/libpcl_filters.so  
-- Found PCL_2D: /usr/include/pcl-1.12  
-- Found PCL_GEOMETRY: /usr/include/pcl-1.12  
-- Found PCL_IO: /usr/lib/x86_64-linux-gnu/libpcl_io.so  
-- Found PCL_FEATURES: /usr/lib/x86_64-linux-gnu/libpcl_features.so  
-- Found PCL_ML: /usr/lib/x86_64-linux-gnu/libpcl_ml.so  
-- Found PCL_SEGMENTATION: /usr/lib/x86_64-linux-gnu/libpcl_segmentation.so  
-- Found PCL_VISUALIZATION: /usr/lib/x86_64-linux-gnu/libpcl_visualization.so  
-- Found PCL_SURFACE: /usr/lib/x86_64-linux-gnu/libpcl_surface.so  
-- Found PCL_REGISTRATION: /usr/lib/x86_64-linux-gnu/libpcl_registration.so  
-- Found PCL_KEYPOINTS: /usr/lib/x86_64-linux-gnu/libpcl_keypoints.so  
-- Found PCL_TRACKING: /usr/lib/x86_64-linux-gnu/libpcl_tracking.so  
-- Found PCL_RECOGNITION: /usr/lib/x86_64-linux-gnu/libpcl_recognition.so  
-- Found PCL_STEREO: /usr/lib/x86_64-linux-gnu/libpcl_stereo.so  
-- Found PCL_APPS: /usr/lib/x86_64-linux-gnu/libpcl_apps.so  
-- Found PCL_IN_HAND_SCANNER: /usr/include/pcl-1.12  
-- Found PCL_MODELER: /usr/include/pcl-1.12  
-- Found PCL_POINT_CLOUD_EDITOR: /usr/include/pcl-1.12  
-- Found PCL_OUTOFCORE: /usr/lib/x86_64-linux-gnu/libpcl_outofcore.so  
-- Found PCL_PEOPLE: /usr/lib/x86_64-linux-gnu/libpcl_people.so  
[33mCMake Warning (dev) at CMakeLists.txt:12 (find_package):
  Policy CMP0074 is not set: find_package uses <PackageName>_ROOT variables.
  Run "cmake --help-policy CMP0074" for policy details.  Use the cmake_policy
  command to set the policy and suppress this warning.

  CMake variable PCL_ROOT is set to:

    /usr

  For compatibility, CMake is ignoring the variable.
This warning is for project developers.  Use -Wno-dev to suppress it.
[0m
-- Found rosidl_default_generators: 1.2.0 (/opt/ros/humble/share/rosidl_default_generators/cmake)
-- Found ament_cmake_ros: 0.10.0 (/opt/ros/humble/share/ament_cmake_ros/cmake)
-- Using all available rosidl_typesupport_c: rosidl_typesupport_fastrtps_c;rosidl_typesupport_introspection_c
-- Using all available rosidl_typesupport_cpp: rosidl_typesupport_fastrtps_cpp;rosidl_typesupport_introspection_cpp
-- Found PythonInterp: /usr/bin/python3 (found suitable version "3.10.12", minimum required is "3.6") 
-- Found python_cmake_module: 0.10.0 (/opt/ros/humble/share/python_cmake_module/cmake)
-- Found PythonLibs: /usr/lib/x86_64-linux-gnu/libpython3.10.so (found suitable version "3.10.12", minimum required is "3.5") 
-- Using PYTHON_EXECUTABLE: /usr/bin/python3
-- Using PYTHON_INCLUDE_DIRS: /usr/include/python3.10
-- Using PYTHON_LIBRARIES: /usr/lib/x86_64-linux-gnu/libpython3.10.so
-- Found PythonExtra: .so  
-- Configuring done
-- Generating done
-- Build files have been written to: /home/ysl/autocar_track/build/adaptive_clustering
[  2%] [34m[1mGenerating C code for ROS interfaces[0m
[  5%] [32mBuilding CXX object CMakeFiles/adaptive_clustering_node.dir/rclcpp_components/node_main_adaptive_clustering_node.cpp.o[0m
[  7%] [32mBuilding CXX object CMakeFiles/adaptive_clustering_ground_removed_node.dir/rclcpp_components/node_main_adaptive_clustering_ground_removed_node.cpp.o[0m
[ 10%] [34m[1mGenerating C++ code for ROS interfaces[0m
[ 10%] Built target ament_cmake_python_symlink_adaptive_clustering
[ 10%] Built target adaptive_clustering__cpp
running egg_info
[ 13%] [34m[1mGenerating C++ introspection for ROS interfaces[0m
[ 18%] [34m[1mGenerating C++ type support dispatch for ROS interfaces[0m
[ 18%] [34m[1mGenerating C++ type support for eProsima Fast-RTPS[0m
creating adaptive_clustering.egg-info
writing adaptive_clustering.egg-info/PKG-INFO
writing dependency_links to adaptive_clustering.egg-info/dependency_links.txt
writing top-level names to adaptive_clustering.egg-info/top_level.txt
[ 21%] [32mBuilding C object CMakeFiles/adaptive_clustering__rosidl_generator_c.dir/rosidl_generator_c/adaptive_clustering/msg/detail/cluster_array__functions.c.o[0m
writing manifest file 'adaptive_clustering.egg-info/SOURCES.txt'
[ 23%] [32m[1mLinking C shared library libadaptive_clustering__rosidl_generator_c.so[0m
ERROR setuptools_scm._file_finders.git listing git files failed - pretending there aren't any
[ 26%] [32mBuilding CXX object CMakeFiles/adaptive_clustering__rosidl_typesupport_cpp.dir/rosidl_typesupport_cpp/adaptive_clustering/msg/cluster_array__type_support.cpp.o[0m
[ 26%] Built target adaptive_clustering__rosidl_generator_c
[ 28%] [34m[1mGenerating C introspection for ROS interfaces[0m
[ 34%] [34m[1mGenerating C type support for eProsima Fast-RTPS[0m
[ 34%] [34m[1mGenerating C type support dispatch for ROS interfaces[0m
reading manifest file 'adaptive_clustering.egg-info/SOURCES.txt'
writing manifest file 'adaptive_clustering.egg-info/SOURCES.txt'
[ 36%] [32mBuilding CXX object CMakeFiles/adaptive_clustering__rosidl_typesupport_introspection_cpp.dir/rosidl_typesupport_introspection_cpp/adaptive_clustering/msg/detail/cluster_array__type_support.cpp.o[0m
[ 36%] Built target ament_cmake_python_build_adaptive_clustering_egg
[ 39%] [32mBuilding CXX object CMakeFiles/adaptive_clustering__rosidl_typesupport_fastrtps_cpp.dir/rosidl_typesupport_fastrtps_cpp/adaptive_clustering/msg/detail/dds_fastrtps/cluster_array__type_support.cpp.o[0m
[ 42%] [32mBuilding CXX object CMakeFiles/adaptive_clustering__rosidl_typesupport_fastrtps_c.dir/rosidl_typesupport_fastrtps_c/adaptive_clustering/msg/detail/cluster_array__type_support_c.cpp.o[0m
[ 44%] [32m[1mLinking CXX shared library libadaptive_clustering__rosidl_typesupport_cpp.so[0m
[ 44%] Built target adaptive_clustering__rosidl_typesupport_cpp
[ 50%] [32mBuilding CXX object CMakeFiles/adaptive_clustering_lib.dir/src/adaptive_clustering_ground_removed.cpp.o[0m
[ 50%] [32mBuilding CXX object CMakeFiles/adaptive_clustering_lib.dir/src/adaptive_clustering.cpp.o[0m
[ 52%] [32mBuilding CXX object CMakeFiles/adaptive_clustering__rosidl_typesupport_c.dir/rosidl_typesupport_c/adaptive_clustering/msg/cluster_array__type_support.cpp.o[0m
[ 55%] [32mBuilding C object CMakeFiles/adaptive_clustering__rosidl_typesupport_introspection_c.dir/rosidl_typesupport_introspection_c/adaptive_clustering/msg/detail/cluster_array__type_support.c.o[0m
[ 57%] [32m[1mLinking CXX shared library libadaptive_clustering__rosidl_typesupport_c.so[0m
[ 60%] [32m[1mLinking C shared library libadaptive_clustering__rosidl_typesupport_introspection_c.so[0m
[ 60%] Built target adaptive_clustering__rosidl_typesupport_c
[ 60%] Built target adaptive_clustering__rosidl_typesupport_introspection_c
[ 63%] [32m[1mLinking CXX shared library libadaptive_clustering__rosidl_typesupport_fastrtps_cpp.so[0m
[ 65%] [32m[1mLinking CXX shared library libadaptive_clustering__rosidl_typesupport_introspection_cpp.so[0m
[ 68%] [32m[1mLinking CXX shared library libadaptive_clustering__rosidl_typesupport_fastrtps_c.so[0m
[ 68%] Built target adaptive_clustering__rosidl_typesupport_introspection_cpp
[ 68%] Built target adaptive_clustering__rosidl_typesupport_fastrtps_cpp
[ 68%] Built target adaptive_clustering__rosidl_typesupport_fastrtps_c
[ 68%] Built target adaptive_clustering
[ 71%] [34m[1mGenerating Python code for ROS interfaces[0m
[ 71%] Built target adaptive_clustering__py
[ 73%] [32mBuilding C object CMakeFiles/adaptive_clustering__rosidl_generator_py.dir/rosidl_generator_py/adaptive_clustering/msg/_cluster_array_s.c.o[0m
[ 76%] [32m[1mLinking C shared library rosidl_generator_py/adaptive_clustering/libadaptive_clustering__rosidl_generator_py.so[0m
[ 76%] Built target adaptive_clustering__rosidl_generator_py
[ 78%] [32mBuilding C object CMakeFiles/adaptive_clustering__rosidl_typesupport_introspection_c__pyext.dir/rosidl_generator_py/adaptive_clustering/_adaptive_clustering_s.ep.rosidl_typesupport_introspection_c.c.o[0m
[ 81%] [32mBuilding C object CMakeFiles/adaptive_clustering__rosidl_typesupport_c__pyext.dir/rosidl_generator_py/adaptive_clustering/_adaptive_clustering_s.ep.rosidl_typesupport_c.c.o[0m
[ 84%] [32mBuilding C object CMakeFiles/adaptive_clustering__rosidl_typesupport_fastrtps_c__pyext.dir/rosidl_generator_py/adaptive_clustering/_adaptive_clustering_s.ep.rosidl_typesupport_fastrtps_c.c.o[0m
[ 86%] [32m[1mLinking C shared library rosidl_generator_py/adaptive_clustering/adaptive_clustering_s__rosidl_typesupport_c.cpython-310-x86_64-linux-gnu.so[0m
[ 89%] [32m[1mLinking C shared library rosidl_generator_py/adaptive_clustering/adaptive_clustering_s__rosidl_typesupport_fastrtps_c.cpython-310-x86_64-linux-gnu.so[0m
[ 92%] [32m[1mLinking C shared library rosidl_generator_py/adaptive_clustering/adaptive_clustering_s__rosidl_typesupport_introspection_c.cpython-310-x86_64-linux-gnu.so[0m
[ 92%] Built target adaptive_clustering__rosidl_typesupport_c__pyext
[ 92%] Built target adaptive_clustering__rosidl_typesupport_fastrtps_c__pyext
[ 92%] Built target adaptive_clustering__rosidl_typesupport_introspection_c__pyext
[ 94%] [32m[1mLinking CXX executable adaptive_clustering_node[0m
[ 94%] Built target adaptive_clustering_node
[ 97%] [32m[1mLinking CXX executable adaptive_clustering_ground_removed_node[0m
[ 97%] Built target adaptive_clustering_ground_removed_node
[100%] [32m[1mLinking CXX shared library libadaptive_clustering_lib.so[0m
[100%] Built target adaptive_clustering_lib
-- Install configuration: ""
-- Execute custom install script
-- Symlinking: /home/ysl/autocar_track/install/adaptive_clustering/share/ament_index/resource_index/rosidl_interfaces/adaptive_clustering
-- Symlinking: /home/ysl/autocar_track/install/adaptive_clustering/include/adaptive_clustering/adaptive_clustering/msg/cluster_array.h
-- Symlinking: /home/ysl/autocar_track/install/adaptive_clustering/include/adaptive_clustering/adaptive_clustering/msg/detail/cluster_array__functions.h
-- Symlinking: /home/ysl/autocar_track/install/adaptive_clustering/include/adaptive_clustering/adaptive_clustering/msg/detail/cluster_array__struct.h
-- Symlinking: /home/ysl/autocar_track/install/adaptive_clustering/include/adaptive_clustering/adaptive_clustering/msg/detail/cluster_array__type_support.h
-- Symlinking: /home/ysl/autocar_track/install/adaptive_clustering/include/adaptive_clustering/adaptive_clustering/msg/rosidl_generator_c__visibility_control.h
-- Symlinking: /home/ysl/autocar_track/install/adaptive_clustering/share/adaptive_clustering/environment/library_path.sh
-- Symlinking: /home/ysl/autocar_track/install/adaptive_clustering/share/adaptive_clustering/environment/library_path.dsv
-- Symlinking: /home/ysl/autocar_track/install/adaptive_clustering/include/adaptive_clustering/adaptive_clustering/msg/detail/cluster_array__rosidl_typesupport_fastrtps_c.h
-- Symlinking: /home/ysl/autocar_track/install/adaptive_clustering/include/adaptive_clustering/adaptive_clustering/msg/rosidl_typesupport_fastrtps_c__visibility_control.h
-- Symlinking: /home/ysl/autocar_track/install/adaptive_clustering/include/adaptive_clustering/adaptive_clustering/msg/cluster_array.hpp
-- Symlinking: /home/ysl/autocar_track/install/adaptive_clustering/include/adaptive_clustering/adaptive_clustering/msg/detail/cluster_array__builder.hpp
-- Symlinking: /home/ysl/autocar_track/install/adaptive_clustering/include/adaptive_clustering/adaptive_clustering/msg/detail/cluster_array__struct.hpp
-- Symlinking: /home/ysl/autocar_track/install/adaptive_clustering/include/adaptive_clustering/adaptive_clustering/msg/detail/cluster_array__traits.hpp
-- Symlinking: /home/ysl/autocar_track/install/adaptive_clustering/include/adaptive_clustering/adaptive_clustering/msg/detail/cluster_array__type_support.hpp
-- Symlinking: /home/ysl/autocar_track/install/adaptive_clustering/include/adaptive_clustering/adaptive_clustering/msg/rosidl_generator_cpp__visibility_control.hpp
-- Symlinking: /home/ysl/autocar_track/install/adaptive_clustering/include/adaptive_clustering/adaptive_clustering/msg/detail/cluster_array__rosidl_typesupport_fastrtps_cpp.hpp
-- Symlinking: /home/ysl/autocar_track/install/adaptive_clustering/include/adaptive_clustering/adaptive_clustering/msg/rosidl_typesupport_fastrtps_cpp__visibility_control.h
-- Symlinking: /home/ysl/autocar_track/install/adaptive_clustering/include/adaptive_clustering/adaptive_clustering/msg/detail/cluster_array__rosidl_typesupport_introspection_c.h
-- Symlinking: /home/ysl/autocar_track/install/adaptive_clustering/include/adaptive_clustering/adaptive_clustering/msg/rosidl_typesupport_introspection_c__visibility_control.h
-- Symlinking: /home/ysl/autocar_track/install/adaptive_clustering/include/adaptive_clustering/adaptive_clustering/msg/detail/cluster_array__rosidl_typesupport_introspection_cpp.hpp
-- Symlinking: /home/ysl/autocar_track/install/adaptive_clustering/share/adaptive_clustering/environment/pythonpath.sh
-- Symlinking: /home/ysl/autocar_track/install/adaptive_clustering/share/adaptive_clustering/environment/pythonpath.dsv
-- Symlinking: /home/ysl/autocar_track/install/adaptive_clustering/local/lib/python3.10/dist-packages/adaptive_clustering-0.0.1-py3.10.egg-info/PKG-INFO
-- Symlinking: /home/ysl/autocar_track/install/adaptive_clustering/local/lib/python3.10/dist-packages/adaptive_clustering-0.0.1-py3.10.egg-info/SOURCES.txt
-- Symlinking: /home/ysl/autocar_track/install/adaptive_clustering/local/lib/python3.10/dist-packages/adaptive_clustering-0.0.1-py3.10.egg-info/dependency_links.txt
-- Symlinking: /home/ysl/autocar_track/install/adaptive_clustering/local/lib/python3.10/dist-packages/adaptive_clustering-0.0.1-py3.10.egg-info/top_level.txt
-- Symlinking: /home/ysl/autocar_track/install/adaptive_clustering/local/lib/python3.10/dist-packages/adaptive_clustering/__init__.py
-- Symlinking: /home/ysl/autocar_track/install/adaptive_clustering/local/lib/python3.10/dist-packages/adaptive_clustering/_adaptive_clustering_s.ep.rosidl_typesupport_c.c
-- Symlinking: /home/ysl/autocar_track/install/adaptive_clustering/local/lib/python3.10/dist-packages/adaptive_clustering/_adaptive_clustering_s.ep.rosidl_typesupport_fastrtps_c.c
-- Symlinking: /home/ysl/autocar_track/install/adaptive_clustering/local/lib/python3.10/dist-packages/adaptive_clustering/_adaptive_clustering_s.ep.rosidl_typesupport_introspection_c.c
-- Symlinking: /home/ysl/autocar_track/install/adaptive_clustering/local/lib/python3.10/dist-packages/adaptive_clustering/adaptive_clustering_s__rosidl_typesupport_c.cpython-310-x86_64-linux-gnu.so
-- Symlinking: /home/ysl/autocar_track/install/adaptive_clustering/local/lib/python3.10/dist-packages/adaptive_clustering/adaptive_clustering_s__rosidl_typesupport_fastrtps_c.cpython-310-x86_64-linux-gnu.so
-- Symlinking: /home/ysl/autocar_track/install/adaptive_clustering/local/lib/python3.10/dist-packages/adaptive_clustering/adaptive_clustering_s__rosidl_typesupport_introspection_c.cpython-310-x86_64-linux-gnu.so
-- Symlinking: /home/ysl/autocar_track/install/adaptive_clustering/local/lib/python3.10/dist-packages/adaptive_clustering/libadaptive_clustering__rosidl_generator_py.so
-- Symlinking: /home/ysl/autocar_track/install/adaptive_clustering/local/lib/python3.10/dist-packages/adaptive_clustering/msg/__init__.py
-- Symlinking: /home/ysl/autocar_track/install/adaptive_clustering/local/lib/python3.10/dist-packages/adaptive_clustering/msg/_cluster_array.py
-- Symlinking: /home/ysl/autocar_track/install/adaptive_clustering/local/lib/python3.10/dist-packages/adaptive_clustering/msg/_cluster_array_s.c
-- Up-to-date symlink: /home/ysl/autocar_track/install/adaptive_clustering/local/lib/python3.10/dist-packages/adaptive_clustering/adaptive_clustering_s__rosidl_typesupport_fastrtps_c.cpython-310-x86_64-linux-gnu.so
-- Up-to-date symlink: /home/ysl/autocar_track/install/adaptive_clustering/local/lib/python3.10/dist-packages/adaptive_clustering/adaptive_clustering_s__rosidl_typesupport_introspection_c.cpython-310-x86_64-linux-gnu.so
-- Up-to-date symlink: /home/ysl/autocar_track/install/adaptive_clustering/local/lib/python3.10/dist-packages/adaptive_clustering/adaptive_clustering_s__rosidl_typesupport_c.cpython-310-x86_64-linux-gnu.so
-- Symlinking: /home/ysl/autocar_track/install/adaptive_clustering/share/adaptive_clustering/msg/ClusterArray.idl
-- Symlinking: /home/ysl/autocar_track/install/adaptive_clustering/share/adaptive_clustering/msg/ClusterArray.msg
-- Symlinking: /home/ysl/autocar_track/install/adaptive_clustering/lib/adaptive_clustering/adaptive_clustering_node
-- Symlinking: /home/ysl/autocar_track/install/adaptive_clustering/lib/adaptive_clustering/adaptive_clustering_ground_removed_node
-- Symlinking: /home/ysl/autocar_track/install/adaptive_clustering/lib/libadaptive_clustering_lib.so
-- Symlinking: /home/ysl/autocar_track/install/adaptive_clustering/bin/adaptive_clustering_node
-- Symlinking: /home/ysl/autocar_track/install/adaptive_clustering/bin/adaptive_clustering_ground_removed_node
-- Symlinking: /home/ysl/autocar_track/install/adaptive_clustering/share/adaptive_clustering//adaptive_clustering.launch.py
-- Symlinking: /home/ysl/autocar_track/install/adaptive_clustering/share/adaptive_clustering//ground_removal_clustering.launch.py
-- Up-to-date symlink: /home/ysl/autocar_track/install/adaptive_clustering/share/adaptive_clustering//msg/ClusterArray.msg
-- Symlinking: /home/ysl/autocar_track/install/adaptive_clustering/share/ament_index/resource_index/package_run_dependencies/adaptive_clustering
-- Symlinking: /home/ysl/autocar_track/install/adaptive_clustering/share/ament_index/resource_index/parent_prefix_path/adaptive_clustering
-- Symlinking: /home/ysl/autocar_track/install/adaptive_clustering/share/adaptive_clustering/environment/ament_prefix_path.sh
-- Symlinking: /home/ysl/autocar_track/install/adaptive_clustering/share/adaptive_clustering/environment/ament_prefix_path.dsv
-- Symlinking: /home/ysl/autocar_track/install/adaptive_clustering/share/adaptive_clustering/environment/path.sh
-- Symlinking: /home/ysl/autocar_track/install/adaptive_clustering/share/adaptive_clustering/environment/path.dsv
-- Symlinking: /home/ysl/autocar_track/install/adaptive_clustering/share/adaptive_clustering/local_setup.bash
-- Symlinking: /home/ysl/autocar_track/install/adaptive_clustering/share/adaptive_clustering/local_setup.sh
-- Symlinking: /home/ysl/autocar_track/install/adaptive_clustering/share/adaptive_clustering/local_setup.zsh
-- Symlinking: /home/ysl/autocar_track/install/adaptive_clustering/share/adaptive_clustering/local_setup.dsv
-- Symlinking: /home/ysl/autocar_track/install/adaptive_clustering/share/adaptive_clustering/package.dsv
-- Symlinking: /home/ysl/autocar_track/install/adaptive_clustering/share/ament_index/resource_index/packages/adaptive_clustering
-- Symlinking: /home/ysl/autocar_track/install/adaptive_clustering/share/ament_index/resource_index/rclcpp_components/adaptive_clustering
-- Symlinking: /home/ysl/autocar_track/install/adaptive_clustering/share/adaptive_clustering/cmake/rosidl_cmake-extras.cmake
-- Symlinking: /home/ysl/autocar_track/install/adaptive_clustering/share/adaptive_clustering/cmake/ament_cmake_export_dependencies-extras.cmake
-- Symlinking: /home/ysl/autocar_track/install/adaptive_clustering/share/adaptive_clustering/cmake/ament_cmake_export_include_directories-extras.cmake
-- Symlinking: /home/ysl/autocar_track/install/adaptive_clustering/share/adaptive_clustering/cmake/ament_cmake_export_libraries-extras.cmake
-- Symlinking: /home/ysl/autocar_track/install/adaptive_clustering/share/adaptive_clustering/cmake/ament_cmake_export_targets-extras.cmake
-- Symlinking: /home/ysl/autocar_track/install/adaptive_clustering/share/adaptive_clustering/cmake/rosidl_cmake_export_typesupport_targets-extras.cmake
-- Symlinking: /home/ysl/autocar_track/install/adaptive_clustering/share/adaptive_clustering/cmake/rosidl_cmake_export_typesupport_libraries-extras.cmake
-- Symlinking: /home/ysl/autocar_track/install/adaptive_clustering/share/adaptive_clustering/cmake/adaptive_clusteringConfig.cmake
-- Symlinking: /home/ysl/autocar_track/install/adaptive_clustering/share/adaptive_clustering/cmake/adaptive_clusteringConfig-version.cmake
-- Symlinking: /home/ysl/autocar_track/install/adaptive_clustering/share/adaptive_clustering/package.xml
-- Installing: /home/ysl/autocar_track/install/adaptive_clustering/lib/libadaptive_clustering__rosidl_generator_c.so
-- Set runtime path of "/home/ysl/autocar_track/install/adaptive_clustering/lib/libadaptive_clustering__rosidl_generator_c.so" to ""
-- Installing: /home/ysl/autocar_track/install/adaptive_clustering/lib/libadaptive_clustering__rosidl_typesupport_fastrtps_c.so
-- Set runtime path of "/home/ysl/autocar_track/install/adaptive_clustering/lib/libadaptive_clustering__rosidl_typesupport_fastrtps_c.so" to ""
-- Installing: /home/ysl/autocar_track/install/adaptive_clustering/lib/libadaptive_clustering__rosidl_typesupport_fastrtps_cpp.so
-- Set runtime path of "/home/ysl/autocar_track/install/adaptive_clustering/lib/libadaptive_clustering__rosidl_typesupport_fastrtps_cpp.so" to ""
-- Installing: /home/ysl/autocar_track/install/adaptive_clustering/lib/libadaptive_clustering__rosidl_typesupport_introspection_c.so
-- Set runtime path of "/home/ysl/autocar_track/install/adaptive_clustering/lib/libadaptive_clustering__rosidl_typesupport_introspection_c.so" to ""
-- Installing: /home/ysl/autocar_track/install/adaptive_clustering/lib/libadaptive_clustering__rosidl_typesupport_c.so
-- Set runtime path of "/home/ysl/autocar_track/install/adaptive_clustering/lib/libadaptive_clustering__rosidl_typesupport_c.so" to ""
-- Installing: /home/ysl/autocar_track/install/adaptive_clustering/lib/libadaptive_clustering__rosidl_typesupport_introspection_cpp.so
-- Set runtime path of "/home/ysl/autocar_track/install/adaptive_clustering/lib/libadaptive_clustering__rosidl_typesupport_introspection_cpp.so" to ""
-- Installing: /home/ysl/autocar_track/install/adaptive_clustering/lib/libadaptive_clustering__rosidl_typesupport_cpp.so
-- Set runtime path of "/home/ysl/autocar_track/install/adaptive_clustering/lib/libadaptive_clustering__rosidl_typesupport_cpp.so" to ""
Listing '/home/ysl/autocar_track/install/adaptive_clustering/local/lib/python3.10/dist-packages/adaptive_clustering'...
Compiling '/home/ysl/autocar_track/install/adaptive_clustering/local/lib/python3.10/dist-packages/adaptive_clustering/__init__.py'...
Listing '/home/ysl/autocar_track/install/adaptive_clustering/local/lib/python3.10/dist-packages/adaptive_clustering/msg'...
Compiling '/home/ysl/autocar_track/install/adaptive_clustering/local/lib/python3.10/dist-packages/adaptive_clustering/msg/__init__.py'...
Compiling '/home/ysl/autocar_track/install/adaptive_clustering/local/lib/python3.10/dist-packages/adaptive_clustering/msg/_cluster_array.py'...
-- Installing: /home/ysl/autocar_track/install/adaptive_clustering/lib/libadaptive_clustering__rosidl_generator_py.so
-- Set runtime path of "/home/ysl/autocar_track/install/adaptive_clustering/lib/libadaptive_clustering__rosidl_generator_py.so" to ""
-- Installing: /home/ysl/autocar_track/install/adaptive_clustering/share/adaptive_clustering/cmake/export_adaptive_clustering__rosidl_generator_cExport.cmake
-- Installing: /home/ysl/autocar_track/install/adaptive_clustering/share/adaptive_clustering/cmake/export_adaptive_clustering__rosidl_generator_cExport-noconfig.cmake
-- Installing: /home/ysl/autocar_track/install/adaptive_clustering/share/adaptive_clustering/cmake/export_adaptive_clustering__rosidl_typesupport_fastrtps_cExport.cmake
-- Installing: /home/ysl/autocar_track/install/adaptive_clustering/share/adaptive_clustering/cmake/export_adaptive_clustering__rosidl_typesupport_fastrtps_cExport-noconfig.cmake
-- Installing: /home/ysl/autocar_track/install/adaptive_clustering/share/adaptive_clustering/cmake/export_adaptive_clustering__rosidl_generator_cppExport.cmake
-- Installing: /home/ysl/autocar_track/install/adaptive_clustering/share/adaptive_clustering/cmake/export_adaptive_clustering__rosidl_typesupport_fastrtps_cppExport.cmake
-- Installing: /home/ysl/autocar_track/install/adaptive_clustering/share/adaptive_clustering/cmake/export_adaptive_clustering__rosidl_typesupport_fastrtps_cppExport-noconfig.cmake
-- Installing: /home/ysl/autocar_track/install/adaptive_clustering/share/adaptive_clustering/cmake/adaptive_clustering__rosidl_typesupport_introspection_cExport.cmake
-- Installing: /home/ysl/autocar_track/install/adaptive_clustering/share/adaptive_clustering/cmake/adaptive_clustering__rosidl_typesupport_introspection_cExport-noconfig.cmake
-- Installing: /home/ysl/autocar_track/install/adaptive_clustering/share/adaptive_clustering/cmake/adaptive_clustering__rosidl_typesupport_cExport.cmake
-- Installing: /home/ysl/autocar_track/install/adaptive_clustering/share/adaptive_clustering/cmake/adaptive_clustering__rosidl_typesupport_cExport-noconfig.cmake
-- Installing: /home/ysl/autocar_track/install/adaptive_clustering/share/adaptive_clustering/cmake/adaptive_clustering__rosidl_typesupport_introspection_cppExport.cmake
-- Installing: /home/ysl/autocar_track/install/adaptive_clustering/share/adaptive_clustering/cmake/adaptive_clustering__rosidl_typesupport_introspection_cppExport-noconfig.cmake
-- Installing: /home/ysl/autocar_track/install/adaptive_clustering/share/adaptive_clustering/cmake/adaptive_clustering__rosidl_typesupport_cppExport.cmake
-- Installing: /home/ysl/autocar_track/install/adaptive_clustering/share/adaptive_clustering/cmake/adaptive_clustering__rosidl_typesupport_cppExport-noconfig.cmake
-- Installing: /home/ysl/autocar_track/install/adaptive_clustering/share/adaptive_clustering/cmake/export_adaptive_clustering__rosidl_generator_pyExport.cmake
-- Installing: /home/ysl/autocar_track/install/adaptive_clustering/share/adaptive_clustering/cmake/export_adaptive_clustering__rosidl_generator_pyExport-noconfig.cmake
