[0.033s] Invoking command in '/home/ysl/autocar_track/build/adaptive_clustering': CMAKE_PREFIX_PATH=${CMAKE_PREFIX_PATH}:/home/ysl/sensor/install/ntrip_client:/home/ysl/autocar_track/install/perception:/opt/ros/humble /usr/bin/cmake /home/ysl/autocar_track/src/perception/adaptive_clustering -DAMENT_CMAKE_SYMLINK_INSTALL=1 -DCMAKE_INSTALL_PREFIX=/home/ysl/autocar_track/install/adaptive_clustering
[0.222s] -- The C compiler identification is GNU 11.4.0
[0.223s] -- The CXX compiler identification is GNU 11.4.0
[0.223s] -- Detecting C compiler ABI info
[0.223s] -- Detecting C compiler ABI info - done
[0.223s] -- Check for working C compiler: /usr/bin/cc - skipped
[0.223s] -- Detecting C compile features
[0.223s] -- Detecting C compile features - done
[0.223s] -- Detecting CXX compiler ABI info
[0.263s] -- Detecting CXX compiler ABI info - done
[0.270s] -- Check for working CXX compiler: /usr/bin/c++ - skipped
[0.270s] -- Detecting CXX compile features
[0.270s] -- Detecting CXX compile features - done
[0.272s] -- Found ament_cmake: 1.3.11 (/opt/ros/humble/share/ament_cmake/cmake)
[0.581s] -- Found Python3: /usr/bin/python3 (found version "3.10.12") found components: Interpreter 
[0.637s] -- Override CMake install command with custom implementation using symlinks instead of copying resources
[0.676s] -- Found rclcpp: 16.0.12 (/opt/ros/humble/share/rclcpp/cmake)
[0.726s] -- Found rosidl_generator_c: 3.1.6 (/opt/ros/humble/share/rosidl_generator_c/cmake)
[0.731s] -- Found rosidl_adapter: 3.1.6 (/opt/ros/humble/share/rosidl_adapter/cmake)
[0.739s] -- Found rosidl_generator_cpp: 3.1.6 (/opt/ros/humble/share/rosidl_generator_cpp/cmake)
[0.750s] -- Using all available rosidl_typesupport_c: rosidl_typesupport_fastrtps_c;rosidl_typesupport_introspection_c
[0.764s] -- Using all available rosidl_typesupport_cpp: rosidl_typesupport_fastrtps_cpp;rosidl_typesupport_introspection_cpp
[0.804s] -- Found rmw_implementation_cmake: 6.1.2 (/opt/ros/humble/share/rmw_implementation_cmake/cmake)
[0.807s] -- Found rmw_fastrtps_cpp: 6.2.7 (/opt/ros/humble/share/rmw_fastrtps_cpp/cmake)
[0.891s] -- Found OpenSSL: /usr/lib/x86_64-linux-gnu/libcrypto.so (found version "3.0.2")  
[0.918s] -- Found FastRTPS: /opt/ros/humble/include  
[0.956s] -- Using RMW implementation 'rmw_fastrtps_cpp' as default
[0.970s] -- Looking for pthread.h
[1.034s] -- Looking for pthread.h - found
[1.034s] -- Performing Test CMAKE_HAVE_LIBC_PTHREAD
[1.107s] -- Performing Test CMAKE_HAVE_LIBC_PTHREAD - Success
[1.108s] -- Found Threads: TRUE  
[1.178s] -- Found rclcpp_components: 16.0.12 (/opt/ros/humble/share/rclcpp_components/cmake)
[1.209s] -- Found sensor_msgs: 4.9.0 (/opt/ros/humble/share/sensor_msgs/cmake)
[1.236s] -- Found visualization_msgs: 4.9.0 (/opt/ros/humble/share/visualization_msgs/cmake)
[1.251s] -- Found pcl_conversions: 2.4.5 (/opt/ros/humble/share/pcl_conversions/cmake)
[1.294s] -- Checking for module 'eigen3'
[1.310s] --   Found eigen3, version 3.4.0
[1.345s] -- Found Eigen: /usr/include/eigen3 (Required is at least version "3.1") 
[1.345s] -- Eigen found (include: /usr/include/eigen3, version: 3.4.0)
[1.386s] -- Checking for module 'flann'
[1.403s] --   Found flann, version 1.9.1
[1.445s] -- Found FLANN: /usr/lib/x86_64-linux-gnu/libflann_cpp.so  
[1.445s] -- FLANN found (include: /usr/include, lib: /usr/lib/x86_64-linux-gnu/libflann_cpp.so)
[2.212s] -- Checking for module 'libusb-1.0'
[2.224s] --   Found libusb-1.0, version 1.0.25
[2.253s] -- Found libusb: /usr/lib/x86_64-linux-gnu/libusb-1.0.so  
[2.254s] -- OpenNI found (version: 1.5.4.0, include: /usr/include/ni, lib: /usr/lib/libOpenNI.so;libusb::libusb)
[2.300s] -- OpenNI2 found (version: 2.2.0.33, include: /usr/include/openni2, lib: /usr/lib/x86_64-linux-gnu/libOpenNI2.so;libusb::libusb)
[2.411s] -- Eigen found (include: /usr/include/eigen3, version: 3.4.0)
[2.414s] -- OpenNI found (version: 1.5.4.0, include: /usr/include/ni, lib: /usr/lib/libOpenNI.so;libusb::libusb)
[2.420s] -- OpenNI2 found (version: 2.2.0.33, include: /usr/include/openni2, lib: /usr/lib/x86_64-linux-gnu/libOpenNI2.so;libusb::libusb)
[2.557s] -- Found Qhull version 8.0.2
[2.659s] -- OpenNI found (version: 1.5.4.0, include: /usr/include/ni, lib: /usr/lib/libOpenNI.so;libusb::libusb)
[2.756s] -- Found PCL_COMMON: /usr/lib/x86_64-linux-gnu/libpcl_common.so  
[2.756s] -- Found PCL_KDTREE: /usr/lib/x86_64-linux-gnu/libpcl_kdtree.so  
[2.757s] -- Found PCL_OCTREE: /usr/lib/x86_64-linux-gnu/libpcl_octree.so  
[2.757s] -- Found PCL_SEARCH: /usr/lib/x86_64-linux-gnu/libpcl_search.so  
[2.758s] -- Found PCL_SAMPLE_CONSENSUS: /usr/lib/x86_64-linux-gnu/libpcl_sample_consensus.so  
[2.758s] -- Found PCL_FILTERS: /usr/lib/x86_64-linux-gnu/libpcl_filters.so  
[2.759s] -- Found PCL_2D: /usr/include/pcl-1.12  
[2.759s] -- Found PCL_GEOMETRY: /usr/include/pcl-1.12  
[2.759s] -- Found PCL_IO: /usr/lib/x86_64-linux-gnu/libpcl_io.so  
[2.760s] -- Found PCL_FEATURES: /usr/lib/x86_64-linux-gnu/libpcl_features.so  
[2.761s] -- Found PCL_ML: /usr/lib/x86_64-linux-gnu/libpcl_ml.so  
[2.761s] -- Found PCL_SEGMENTATION: /usr/lib/x86_64-linux-gnu/libpcl_segmentation.so  
[2.762s] -- Found PCL_VISUALIZATION: /usr/lib/x86_64-linux-gnu/libpcl_visualization.so  
[2.762s] -- Found PCL_SURFACE: /usr/lib/x86_64-linux-gnu/libpcl_surface.so  
[2.763s] -- Found PCL_REGISTRATION: /usr/lib/x86_64-linux-gnu/libpcl_registration.so  
[2.763s] -- Found PCL_KEYPOINTS: /usr/lib/x86_64-linux-gnu/libpcl_keypoints.so  
[2.764s] -- Found PCL_TRACKING: /usr/lib/x86_64-linux-gnu/libpcl_tracking.so  
[2.764s] -- Found PCL_RECOGNITION: /usr/lib/x86_64-linux-gnu/libpcl_recognition.so  
[2.765s] -- Found PCL_STEREO: /usr/lib/x86_64-linux-gnu/libpcl_stereo.so  
[2.765s] -- Found PCL_APPS: /usr/lib/x86_64-linux-gnu/libpcl_apps.so  
[2.766s] -- Found PCL_IN_HAND_SCANNER: /usr/include/pcl-1.12  
[2.766s] -- Found PCL_MODELER: /usr/include/pcl-1.12  
[2.766s] -- Found PCL_POINT_CLOUD_EDITOR: /usr/include/pcl-1.12  
[2.767s] -- Found PCL_OUTOFCORE: /usr/lib/x86_64-linux-gnu/libpcl_outofcore.so  
[2.767s] -- Found PCL_PEOPLE: /usr/lib/x86_64-linux-gnu/libpcl_people.so  
[2.768s] [33mCMake Warning (dev) at CMakeLists.txt:12 (find_package):
[2.768s]   Policy CMP0074 is not set: find_package uses <PackageName>_ROOT variables.
[2.768s]   Run "cmake --help-policy CMP0074" for policy details.  Use the cmake_policy
[2.768s]   command to set the policy and suppress this warning.
[2.768s] 
[2.769s]   CMake variable PCL_ROOT is set to:
[2.769s] 
[2.769s]     /usr
[2.769s] 
[2.769s]   For compatibility, CMake is ignoring the variable.
[2.769s] This warning is for project developers.  Use -Wno-dev to suppress it.
[2.769s] [0m
[2.777s] -- Found rosidl_default_generators: 1.2.0 (/opt/ros/humble/share/rosidl_default_generators/cmake)
[3.001s] -- Found ament_cmake_ros: 0.10.0 (/opt/ros/humble/share/ament_cmake_ros/cmake)
[3.356s] -- Using all available rosidl_typesupport_c: rosidl_typesupport_fastrtps_c;rosidl_typesupport_introspection_c
[3.518s] -- Using all available rosidl_typesupport_cpp: rosidl_typesupport_fastrtps_cpp;rosidl_typesupport_introspection_cpp
[3.544s] -- Found PythonInterp: /usr/bin/python3 (found suitable version "3.10.12", minimum required is "3.6") 
[3.546s] -- Found python_cmake_module: 0.10.0 (/opt/ros/humble/share/python_cmake_module/cmake)
[3.580s] -- Found PythonLibs: /usr/lib/x86_64-linux-gnu/libpython3.10.so (found suitable version "3.10.12", minimum required is "3.5") 
[3.580s] -- Using PYTHON_EXECUTABLE: /usr/bin/python3
[3.580s] -- Using PYTHON_INCLUDE_DIRS: /usr/include/python3.10
[3.580s] -- Using PYTHON_LIBRARIES: /usr/lib/x86_64-linux-gnu/libpython3.10.so
[3.605s] -- Found PythonExtra: .so  
[3.693s] -- Configuring done
[3.735s] -- Generating done
[3.749s] -- Build files have been written to: /home/ysl/autocar_track/build/adaptive_clustering
[3.765s] Invoked command in '/home/ysl/autocar_track/build/adaptive_clustering' returned '0': CMAKE_PREFIX_PATH=${CMAKE_PREFIX_PATH}:/home/ysl/sensor/install/ntrip_client:/home/ysl/autocar_track/install/perception:/opt/ros/humble /usr/bin/cmake /home/ysl/autocar_track/src/perception/adaptive_clustering -DAMENT_CMAKE_SYMLINK_INSTALL=1 -DCMAKE_INSTALL_PREFIX=/home/ysl/autocar_track/install/adaptive_clustering
[3.765s] Invoking command in '/home/ysl/autocar_track/build/adaptive_clustering': CMAKE_PREFIX_PATH=${CMAKE_PREFIX_PATH}:/home/ysl/sensor/install/ntrip_client:/home/ysl/autocar_track/install/perception:/opt/ros/humble /usr/bin/cmake --build /home/ysl/autocar_track/build/adaptive_clustering -- -j20 -l20
[3.804s] [  2%] [34m[1mGenerating C code for ROS interfaces[0m
[3.812s] [  5%] [32mBuilding CXX object CMakeFiles/adaptive_clustering_node.dir/rclcpp_components/node_main_adaptive_clustering_node.cpp.o[0m
[3.813s] [  7%] [32mBuilding CXX object CMakeFiles/adaptive_clustering_ground_removed_node.dir/rclcpp_components/node_main_adaptive_clustering_ground_removed_node.cpp.o[0m
[3.814s] [ 10%] [34m[1mGenerating C++ code for ROS interfaces[0m
[3.822s] [ 10%] Built target ament_cmake_python_symlink_adaptive_clustering
[4.006s] [ 10%] Built target adaptive_clustering__cpp
[4.014s] running egg_info
[4.015s] [ 13%] [34m[1mGenerating C++ introspection for ROS interfaces[0m
[4.019s] [ 18%] [34m[1mGenerating C++ type support dispatch for ROS interfaces[0m
[4.019s] [ 18%] [34m[1mGenerating C++ type support for eProsima Fast-RTPS[0m
[4.030s] creating adaptive_clustering.egg-info
[4.030s] writing adaptive_clustering.egg-info/PKG-INFO
[4.030s] writing dependency_links to adaptive_clustering.egg-info/dependency_links.txt
[4.030s] writing top-level names to adaptive_clustering.egg-info/top_level.txt
[4.119s] [ 21%] [32mBuilding C object CMakeFiles/adaptive_clustering__rosidl_generator_c.dir/rosidl_generator_c/adaptive_clustering/msg/detail/cluster_array__functions.c.o[0m
[4.119s] writing manifest file 'adaptive_clustering.egg-info/SOURCES.txt'
[4.183s] [ 23%] [32m[1mLinking C shared library libadaptive_clustering__rosidl_generator_c.so[0m
[4.197s] ERROR setuptools_scm._file_finders.git listing git files failed - pretending there aren't any
[4.224s] [ 26%] [32mBuilding CXX object CMakeFiles/adaptive_clustering__rosidl_typesupport_cpp.dir/rosidl_typesupport_cpp/adaptive_clustering/msg/cluster_array__type_support.cpp.o[0m
[4.225s] [ 26%] Built target adaptive_clustering__rosidl_generator_c
[4.234s] [ 28%] [34m[1mGenerating C introspection for ROS interfaces[0m
[4.238s] [ 34%] [34m[1mGenerating C type support for eProsima Fast-RTPS[0m
[4.238s] [ 34%] [34m[1mGenerating C type support dispatch for ROS interfaces[0m
[4.299s] reading manifest file 'adaptive_clustering.egg-info/SOURCES.txt'
[4.300s] writing manifest file 'adaptive_clustering.egg-info/SOURCES.txt'
[4.323s] [ 36%] [32mBuilding CXX object CMakeFiles/adaptive_clustering__rosidl_typesupport_introspection_cpp.dir/rosidl_typesupport_introspection_cpp/adaptive_clustering/msg/detail/cluster_array__type_support.cpp.o[0m
[4.350s] [ 36%] Built target ament_cmake_python_build_adaptive_clustering_egg
[4.364s] [ 39%] [32mBuilding CXX object CMakeFiles/adaptive_clustering__rosidl_typesupport_fastrtps_cpp.dir/rosidl_typesupport_fastrtps_cpp/adaptive_clustering/msg/detail/dds_fastrtps/cluster_array__type_support.cpp.o[0m
[4.447s] [ 42%] [32mBuilding CXX object CMakeFiles/adaptive_clustering__rosidl_typesupport_fastrtps_c.dir/rosidl_typesupport_fastrtps_c/adaptive_clustering/msg/detail/cluster_array__type_support_c.cpp.o[0m
[4.456s] [ 44%] [32m[1mLinking CXX shared library libadaptive_clustering__rosidl_typesupport_cpp.so[0m
[4.504s] [ 44%] Built target adaptive_clustering__rosidl_typesupport_cpp
[4.533s] [ 50%] [32mBuilding CXX object CMakeFiles/adaptive_clustering_lib.dir/src/adaptive_clustering_ground_removed.cpp.o[0m
[4.534s] [ 50%] [32mBuilding CXX object CMakeFiles/adaptive_clustering_lib.dir/src/adaptive_clustering.cpp.o[0m
[4.557s] [ 52%] [32mBuilding CXX object CMakeFiles/adaptive_clustering__rosidl_typesupport_c.dir/rosidl_typesupport_c/adaptive_clustering/msg/cluster_array__type_support.cpp.o[0m
[4.559s] [ 55%] [32mBuilding C object CMakeFiles/adaptive_clustering__rosidl_typesupport_introspection_c.dir/rosidl_typesupport_introspection_c/adaptive_clustering/msg/detail/cluster_array__type_support.c.o[0m
[4.597s] [ 57%] [32m[1mLinking CXX shared library libadaptive_clustering__rosidl_typesupport_c.so[0m
[4.611s] [ 60%] [32m[1mLinking C shared library libadaptive_clustering__rosidl_typesupport_introspection_c.so[0m
[4.645s] [ 60%] Built target adaptive_clustering__rosidl_typesupport_c
[4.650s] [ 60%] Built target adaptive_clustering__rosidl_typesupport_introspection_c
[4.729s] [ 63%] [32m[1mLinking CXX shared library libadaptive_clustering__rosidl_typesupport_fastrtps_cpp.so[0m
[4.748s] [ 65%] [32m[1mLinking CXX shared library libadaptive_clustering__rosidl_typesupport_introspection_cpp.so[0m
[4.764s] [ 68%] [32m[1mLinking CXX shared library libadaptive_clustering__rosidl_typesupport_fastrtps_c.so[0m
[4.818s] [ 68%] Built target adaptive_clustering__rosidl_typesupport_introspection_cpp
[4.821s] [ 68%] Built target adaptive_clustering__rosidl_typesupport_fastrtps_cpp
[4.851s] [ 68%] Built target adaptive_clustering__rosidl_typesupport_fastrtps_c
[4.876s] [ 68%] Built target adaptive_clustering
[4.896s] [ 71%] [34m[1mGenerating Python code for ROS interfaces[0m
[5.115s] [ 71%] Built target adaptive_clustering__py
[5.139s] [ 73%] [32mBuilding C object CMakeFiles/adaptive_clustering__rosidl_generator_py.dir/rosidl_generator_py/adaptive_clustering/msg/_cluster_array_s.c.o[0m
[5.218s] [ 76%] [32m[1mLinking C shared library rosidl_generator_py/adaptive_clustering/libadaptive_clustering__rosidl_generator_py.so[0m
[5.262s] [ 76%] Built target adaptive_clustering__rosidl_generator_py
[5.283s] [ 78%] [32mBuilding C object CMakeFiles/adaptive_clustering__rosidl_typesupport_introspection_c__pyext.dir/rosidl_generator_py/adaptive_clustering/_adaptive_clustering_s.ep.rosidl_typesupport_introspection_c.c.o[0m
[5.284s] [ 81%] [32mBuilding C object CMakeFiles/adaptive_clustering__rosidl_typesupport_c__pyext.dir/rosidl_generator_py/adaptive_clustering/_adaptive_clustering_s.ep.rosidl_typesupport_c.c.o[0m
[5.286s] [ 84%] [32mBuilding C object CMakeFiles/adaptive_clustering__rosidl_typesupport_fastrtps_c__pyext.dir/rosidl_generator_py/adaptive_clustering/_adaptive_clustering_s.ep.rosidl_typesupport_fastrtps_c.c.o[0m
[5.357s] [ 86%] [32m[1mLinking C shared library rosidl_generator_py/adaptive_clustering/adaptive_clustering_s__rosidl_typesupport_c.cpython-310-x86_64-linux-gnu.so[0m
[5.388s] [ 89%] [32m[1mLinking C shared library rosidl_generator_py/adaptive_clustering/adaptive_clustering_s__rosidl_typesupport_fastrtps_c.cpython-310-x86_64-linux-gnu.so[0m
[5.402s] [ 92%] [32m[1mLinking C shared library rosidl_generator_py/adaptive_clustering/adaptive_clustering_s__rosidl_typesupport_introspection_c.cpython-310-x86_64-linux-gnu.so[0m
[5.412s] [ 92%] Built target adaptive_clustering__rosidl_typesupport_c__pyext
[5.429s] [ 92%] Built target adaptive_clustering__rosidl_typesupport_fastrtps_c__pyext
[5.453s] [ 92%] Built target adaptive_clustering__rosidl_typesupport_introspection_c__pyext
[6.080s] [ 94%] [32m[1mLinking CXX executable adaptive_clustering_node[0m
[6.178s] [ 94%] Built target adaptive_clustering_node
[6.375s] [ 97%] [32m[1mLinking CXX executable adaptive_clustering_ground_removed_node[0m
[6.469s] [ 97%] Built target adaptive_clustering_ground_removed_node
[14.038s] [100%] [32m[1mLinking CXX shared library libadaptive_clustering_lib.so[0m
[15.012s] [100%] Built target adaptive_clustering_lib
[15.021s] Invoked command in '/home/ysl/autocar_track/build/adaptive_clustering' returned '0': CMAKE_PREFIX_PATH=${CMAKE_PREFIX_PATH}:/home/ysl/sensor/install/ntrip_client:/home/ysl/autocar_track/install/perception:/opt/ros/humble /usr/bin/cmake --build /home/ysl/autocar_track/build/adaptive_clustering -- -j20 -l20
[15.023s] Invoking command in '/home/ysl/autocar_track/build/adaptive_clustering': CMAKE_PREFIX_PATH=${CMAKE_PREFIX_PATH}:/home/ysl/sensor/install/ntrip_client:/home/ysl/autocar_track/install/perception:/opt/ros/humble /usr/bin/cmake --install /home/ysl/autocar_track/build/adaptive_clustering
[15.030s] -- Install configuration: ""
[15.030s] -- Execute custom install script
[15.030s] -- Symlinking: /home/ysl/autocar_track/install/adaptive_clustering/share/ament_index/resource_index/rosidl_interfaces/adaptive_clustering
[15.038s] -- Symlinking: /home/ysl/autocar_track/install/adaptive_clustering/include/adaptive_clustering/adaptive_clustering/msg/cluster_array.h
[15.044s] -- Symlinking: /home/ysl/autocar_track/install/adaptive_clustering/include/adaptive_clustering/adaptive_clustering/msg/detail/cluster_array__functions.h
[15.050s] -- Symlinking: /home/ysl/autocar_track/install/adaptive_clustering/include/adaptive_clustering/adaptive_clustering/msg/detail/cluster_array__struct.h
[15.057s] -- Symlinking: /home/ysl/autocar_track/install/adaptive_clustering/include/adaptive_clustering/adaptive_clustering/msg/detail/cluster_array__type_support.h
[15.064s] -- Symlinking: /home/ysl/autocar_track/install/adaptive_clustering/include/adaptive_clustering/adaptive_clustering/msg/rosidl_generator_c__visibility_control.h
[15.071s] -- Symlinking: /home/ysl/autocar_track/install/adaptive_clustering/share/adaptive_clustering/environment/library_path.sh
[15.078s] -- Symlinking: /home/ysl/autocar_track/install/adaptive_clustering/share/adaptive_clustering/environment/library_path.dsv
[15.087s] -- Symlinking: /home/ysl/autocar_track/install/adaptive_clustering/include/adaptive_clustering/adaptive_clustering/msg/detail/cluster_array__rosidl_typesupport_fastrtps_c.h
[15.093s] -- Symlinking: /home/ysl/autocar_track/install/adaptive_clustering/include/adaptive_clustering/adaptive_clustering/msg/rosidl_typesupport_fastrtps_c__visibility_control.h
[15.101s] -- Symlinking: /home/ysl/autocar_track/install/adaptive_clustering/include/adaptive_clustering/adaptive_clustering/msg/cluster_array.hpp
[15.109s] -- Symlinking: /home/ysl/autocar_track/install/adaptive_clustering/include/adaptive_clustering/adaptive_clustering/msg/detail/cluster_array__builder.hpp
[15.116s] -- Symlinking: /home/ysl/autocar_track/install/adaptive_clustering/include/adaptive_clustering/adaptive_clustering/msg/detail/cluster_array__struct.hpp
[15.123s] -- Symlinking: /home/ysl/autocar_track/install/adaptive_clustering/include/adaptive_clustering/adaptive_clustering/msg/detail/cluster_array__traits.hpp
[15.130s] -- Symlinking: /home/ysl/autocar_track/install/adaptive_clustering/include/adaptive_clustering/adaptive_clustering/msg/detail/cluster_array__type_support.hpp
[15.137s] -- Symlinking: /home/ysl/autocar_track/install/adaptive_clustering/include/adaptive_clustering/adaptive_clustering/msg/rosidl_generator_cpp__visibility_control.hpp
[15.144s] -- Symlinking: /home/ysl/autocar_track/install/adaptive_clustering/include/adaptive_clustering/adaptive_clustering/msg/detail/cluster_array__rosidl_typesupport_fastrtps_cpp.hpp
[15.151s] -- Symlinking: /home/ysl/autocar_track/install/adaptive_clustering/include/adaptive_clustering/adaptive_clustering/msg/rosidl_typesupport_fastrtps_cpp__visibility_control.h
[15.158s] -- Symlinking: /home/ysl/autocar_track/install/adaptive_clustering/include/adaptive_clustering/adaptive_clustering/msg/detail/cluster_array__rosidl_typesupport_introspection_c.h
[15.165s] -- Symlinking: /home/ysl/autocar_track/install/adaptive_clustering/include/adaptive_clustering/adaptive_clustering/msg/rosidl_typesupport_introspection_c__visibility_control.h
[15.172s] -- Symlinking: /home/ysl/autocar_track/install/adaptive_clustering/include/adaptive_clustering/adaptive_clustering/msg/detail/cluster_array__rosidl_typesupport_introspection_cpp.hpp
[15.179s] -- Symlinking: /home/ysl/autocar_track/install/adaptive_clustering/share/adaptive_clustering/environment/pythonpath.sh
[15.185s] -- Symlinking: /home/ysl/autocar_track/install/adaptive_clustering/share/adaptive_clustering/environment/pythonpath.dsv
[15.192s] -- Symlinking: /home/ysl/autocar_track/install/adaptive_clustering/local/lib/python3.10/dist-packages/adaptive_clustering-0.0.1-py3.10.egg-info/PKG-INFO
[15.201s] -- Symlinking: /home/ysl/autocar_track/install/adaptive_clustering/local/lib/python3.10/dist-packages/adaptive_clustering-0.0.1-py3.10.egg-info/SOURCES.txt
[15.209s] -- Symlinking: /home/ysl/autocar_track/install/adaptive_clustering/local/lib/python3.10/dist-packages/adaptive_clustering-0.0.1-py3.10.egg-info/dependency_links.txt
[15.216s] -- Symlinking: /home/ysl/autocar_track/install/adaptive_clustering/local/lib/python3.10/dist-packages/adaptive_clustering-0.0.1-py3.10.egg-info/top_level.txt
[15.225s] -- Symlinking: /home/ysl/autocar_track/install/adaptive_clustering/local/lib/python3.10/dist-packages/adaptive_clustering/__init__.py
[15.231s] -- Symlinking: /home/ysl/autocar_track/install/adaptive_clustering/local/lib/python3.10/dist-packages/adaptive_clustering/_adaptive_clustering_s.ep.rosidl_typesupport_c.c
[15.239s] -- Symlinking: /home/ysl/autocar_track/install/adaptive_clustering/local/lib/python3.10/dist-packages/adaptive_clustering/_adaptive_clustering_s.ep.rosidl_typesupport_fastrtps_c.c
[15.246s] -- Symlinking: /home/ysl/autocar_track/install/adaptive_clustering/local/lib/python3.10/dist-packages/adaptive_clustering/_adaptive_clustering_s.ep.rosidl_typesupport_introspection_c.c
[15.253s] -- Symlinking: /home/ysl/autocar_track/install/adaptive_clustering/local/lib/python3.10/dist-packages/adaptive_clustering/adaptive_clustering_s__rosidl_typesupport_c.cpython-310-x86_64-linux-gnu.so
[15.259s] -- Symlinking: /home/ysl/autocar_track/install/adaptive_clustering/local/lib/python3.10/dist-packages/adaptive_clustering/adaptive_clustering_s__rosidl_typesupport_fastrtps_c.cpython-310-x86_64-linux-gnu.so
[15.266s] -- Symlinking: /home/ysl/autocar_track/install/adaptive_clustering/local/lib/python3.10/dist-packages/adaptive_clustering/adaptive_clustering_s__rosidl_typesupport_introspection_c.cpython-310-x86_64-linux-gnu.so
[15.273s] -- Symlinking: /home/ysl/autocar_track/install/adaptive_clustering/local/lib/python3.10/dist-packages/adaptive_clustering/libadaptive_clustering__rosidl_generator_py.so
[15.280s] -- Symlinking: /home/ysl/autocar_track/install/adaptive_clustering/local/lib/python3.10/dist-packages/adaptive_clustering/msg/__init__.py
[15.286s] -- Symlinking: /home/ysl/autocar_track/install/adaptive_clustering/local/lib/python3.10/dist-packages/adaptive_clustering/msg/_cluster_array.py
[15.293s] -- Symlinking: /home/ysl/autocar_track/install/adaptive_clustering/local/lib/python3.10/dist-packages/adaptive_clustering/msg/_cluster_array_s.c
[15.300s] -- Up-to-date symlink: /home/ysl/autocar_track/install/adaptive_clustering/local/lib/python3.10/dist-packages/adaptive_clustering/adaptive_clustering_s__rosidl_typesupport_fastrtps_c.cpython-310-x86_64-linux-gnu.so
[15.300s] -- Up-to-date symlink: /home/ysl/autocar_track/install/adaptive_clustering/local/lib/python3.10/dist-packages/adaptive_clustering/adaptive_clustering_s__rosidl_typesupport_introspection_c.cpython-310-x86_64-linux-gnu.so
[15.301s] -- Up-to-date symlink: /home/ysl/autocar_track/install/adaptive_clustering/local/lib/python3.10/dist-packages/adaptive_clustering/adaptive_clustering_s__rosidl_typesupport_c.cpython-310-x86_64-linux-gnu.so
[15.301s] -- Symlinking: /home/ysl/autocar_track/install/adaptive_clustering/share/adaptive_clustering/msg/ClusterArray.idl
[15.308s] -- Symlinking: /home/ysl/autocar_track/install/adaptive_clustering/share/adaptive_clustering/msg/ClusterArray.msg
[15.314s] -- Symlinking: /home/ysl/autocar_track/install/adaptive_clustering/lib/adaptive_clustering/adaptive_clustering_node
[15.320s] -- Symlinking: /home/ysl/autocar_track/install/adaptive_clustering/lib/adaptive_clustering/adaptive_clustering_ground_removed_node
[15.327s] -- Symlinking: /home/ysl/autocar_track/install/adaptive_clustering/lib/libadaptive_clustering_lib.so
[15.334s] -- Symlinking: /home/ysl/autocar_track/install/adaptive_clustering/bin/adaptive_clustering_node
[15.340s] -- Symlinking: /home/ysl/autocar_track/install/adaptive_clustering/bin/adaptive_clustering_ground_removed_node
[15.347s] -- Symlinking: /home/ysl/autocar_track/install/adaptive_clustering/share/adaptive_clustering//adaptive_clustering.launch.py
[15.354s] -- Symlinking: /home/ysl/autocar_track/install/adaptive_clustering/share/adaptive_clustering//ground_removal_clustering.launch.py
[15.360s] -- Up-to-date symlink: /home/ysl/autocar_track/install/adaptive_clustering/share/adaptive_clustering//msg/ClusterArray.msg
[15.360s] -- Symlinking: /home/ysl/autocar_track/install/adaptive_clustering/share/ament_index/resource_index/package_run_dependencies/adaptive_clustering
[15.368s] -- Symlinking: /home/ysl/autocar_track/install/adaptive_clustering/share/ament_index/resource_index/parent_prefix_path/adaptive_clustering
[15.374s] -- Symlinking: /home/ysl/autocar_track/install/adaptive_clustering/share/adaptive_clustering/environment/ament_prefix_path.sh
[15.381s] -- Symlinking: /home/ysl/autocar_track/install/adaptive_clustering/share/adaptive_clustering/environment/ament_prefix_path.dsv
[15.388s] -- Symlinking: /home/ysl/autocar_track/install/adaptive_clustering/share/adaptive_clustering/environment/path.sh
[15.395s] -- Symlinking: /home/ysl/autocar_track/install/adaptive_clustering/share/adaptive_clustering/environment/path.dsv
[15.401s] -- Symlinking: /home/ysl/autocar_track/install/adaptive_clustering/share/adaptive_clustering/local_setup.bash
[15.407s] -- Symlinking: /home/ysl/autocar_track/install/adaptive_clustering/share/adaptive_clustering/local_setup.sh
[15.412s] -- Symlinking: /home/ysl/autocar_track/install/adaptive_clustering/share/adaptive_clustering/local_setup.zsh
[15.420s] -- Symlinking: /home/ysl/autocar_track/install/adaptive_clustering/share/adaptive_clustering/local_setup.dsv
[15.427s] -- Symlinking: /home/ysl/autocar_track/install/adaptive_clustering/share/adaptive_clustering/package.dsv
[15.434s] -- Symlinking: /home/ysl/autocar_track/install/adaptive_clustering/share/ament_index/resource_index/packages/adaptive_clustering
[15.441s] -- Symlinking: /home/ysl/autocar_track/install/adaptive_clustering/share/ament_index/resource_index/rclcpp_components/adaptive_clustering
[15.448s] -- Symlinking: /home/ysl/autocar_track/install/adaptive_clustering/share/adaptive_clustering/cmake/rosidl_cmake-extras.cmake
[15.455s] -- Symlinking: /home/ysl/autocar_track/install/adaptive_clustering/share/adaptive_clustering/cmake/ament_cmake_export_dependencies-extras.cmake
[15.462s] -- Symlinking: /home/ysl/autocar_track/install/adaptive_clustering/share/adaptive_clustering/cmake/ament_cmake_export_include_directories-extras.cmake
[15.468s] -- Symlinking: /home/ysl/autocar_track/install/adaptive_clustering/share/adaptive_clustering/cmake/ament_cmake_export_libraries-extras.cmake
[15.476s] -- Symlinking: /home/ysl/autocar_track/install/adaptive_clustering/share/adaptive_clustering/cmake/ament_cmake_export_targets-extras.cmake
[15.484s] -- Symlinking: /home/ysl/autocar_track/install/adaptive_clustering/share/adaptive_clustering/cmake/rosidl_cmake_export_typesupport_targets-extras.cmake
[15.491s] -- Symlinking: /home/ysl/autocar_track/install/adaptive_clustering/share/adaptive_clustering/cmake/rosidl_cmake_export_typesupport_libraries-extras.cmake
[15.498s] -- Symlinking: /home/ysl/autocar_track/install/adaptive_clustering/share/adaptive_clustering/cmake/adaptive_clusteringConfig.cmake
[15.505s] -- Symlinking: /home/ysl/autocar_track/install/adaptive_clustering/share/adaptive_clustering/cmake/adaptive_clusteringConfig-version.cmake
[15.511s] -- Symlinking: /home/ysl/autocar_track/install/adaptive_clustering/share/adaptive_clustering/package.xml
[15.518s] -- Installing: /home/ysl/autocar_track/install/adaptive_clustering/lib/libadaptive_clustering__rosidl_generator_c.so
[15.519s] -- Set runtime path of "/home/ysl/autocar_track/install/adaptive_clustering/lib/libadaptive_clustering__rosidl_generator_c.so" to ""
[15.519s] -- Installing: /home/ysl/autocar_track/install/adaptive_clustering/lib/libadaptive_clustering__rosidl_typesupport_fastrtps_c.so
[15.519s] -- Set runtime path of "/home/ysl/autocar_track/install/adaptive_clustering/lib/libadaptive_clustering__rosidl_typesupport_fastrtps_c.so" to ""
[15.519s] -- Installing: /home/ysl/autocar_track/install/adaptive_clustering/lib/libadaptive_clustering__rosidl_typesupport_fastrtps_cpp.so
[15.519s] -- Set runtime path of "/home/ysl/autocar_track/install/adaptive_clustering/lib/libadaptive_clustering__rosidl_typesupport_fastrtps_cpp.so" to ""
[15.519s] -- Installing: /home/ysl/autocar_track/install/adaptive_clustering/lib/libadaptive_clustering__rosidl_typesupport_introspection_c.so
[15.519s] -- Set runtime path of "/home/ysl/autocar_track/install/adaptive_clustering/lib/libadaptive_clustering__rosidl_typesupport_introspection_c.so" to ""
[15.519s] -- Installing: /home/ysl/autocar_track/install/adaptive_clustering/lib/libadaptive_clustering__rosidl_typesupport_c.so
[15.519s] -- Set runtime path of "/home/ysl/autocar_track/install/adaptive_clustering/lib/libadaptive_clustering__rosidl_typesupport_c.so" to ""
[15.519s] -- Installing: /home/ysl/autocar_track/install/adaptive_clustering/lib/libadaptive_clustering__rosidl_typesupport_introspection_cpp.so
[15.519s] -- Set runtime path of "/home/ysl/autocar_track/install/adaptive_clustering/lib/libadaptive_clustering__rosidl_typesupport_introspection_cpp.so" to ""
[15.519s] -- Installing: /home/ysl/autocar_track/install/adaptive_clustering/lib/libadaptive_clustering__rosidl_typesupport_cpp.so
[15.519s] -- Set runtime path of "/home/ysl/autocar_track/install/adaptive_clustering/lib/libadaptive_clustering__rosidl_typesupport_cpp.so" to ""
[15.555s] Listing '/home/ysl/autocar_track/install/adaptive_clustering/local/lib/python3.10/dist-packages/adaptive_clustering'...
[15.555s] Compiling '/home/ysl/autocar_track/install/adaptive_clustering/local/lib/python3.10/dist-packages/adaptive_clustering/__init__.py'...
[15.555s] Listing '/home/ysl/autocar_track/install/adaptive_clustering/local/lib/python3.10/dist-packages/adaptive_clustering/msg'...
[15.555s] Compiling '/home/ysl/autocar_track/install/adaptive_clustering/local/lib/python3.10/dist-packages/adaptive_clustering/msg/__init__.py'...
[15.556s] Compiling '/home/ysl/autocar_track/install/adaptive_clustering/local/lib/python3.10/dist-packages/adaptive_clustering/msg/_cluster_array.py'...
[15.559s] -- Installing: /home/ysl/autocar_track/install/adaptive_clustering/lib/libadaptive_clustering__rosidl_generator_py.so
[15.559s] -- Set runtime path of "/home/ysl/autocar_track/install/adaptive_clustering/lib/libadaptive_clustering__rosidl_generator_py.so" to ""
[15.559s] -- Installing: /home/ysl/autocar_track/install/adaptive_clustering/share/adaptive_clustering/cmake/export_adaptive_clustering__rosidl_generator_cExport.cmake
[15.559s] -- Installing: /home/ysl/autocar_track/install/adaptive_clustering/share/adaptive_clustering/cmake/export_adaptive_clustering__rosidl_generator_cExport-noconfig.cmake
[15.559s] -- Installing: /home/ysl/autocar_track/install/adaptive_clustering/share/adaptive_clustering/cmake/export_adaptive_clustering__rosidl_typesupport_fastrtps_cExport.cmake
[15.559s] -- Installing: /home/ysl/autocar_track/install/adaptive_clustering/share/adaptive_clustering/cmake/export_adaptive_clustering__rosidl_typesupport_fastrtps_cExport-noconfig.cmake
[15.559s] -- Installing: /home/ysl/autocar_track/install/adaptive_clustering/share/adaptive_clustering/cmake/export_adaptive_clustering__rosidl_generator_cppExport.cmake
[15.559s] -- Installing: /home/ysl/autocar_track/install/adaptive_clustering/share/adaptive_clustering/cmake/export_adaptive_clustering__rosidl_typesupport_fastrtps_cppExport.cmake
[15.559s] -- Installing: /home/ysl/autocar_track/install/adaptive_clustering/share/adaptive_clustering/cmake/export_adaptive_clustering__rosidl_typesupport_fastrtps_cppExport-noconfig.cmake
[15.559s] -- Installing: /home/ysl/autocar_track/install/adaptive_clustering/share/adaptive_clustering/cmake/adaptive_clustering__rosidl_typesupport_introspection_cExport.cmake
[15.559s] -- Installing: /home/ysl/autocar_track/install/adaptive_clustering/share/adaptive_clustering/cmake/adaptive_clustering__rosidl_typesupport_introspection_cExport-noconfig.cmake
[15.559s] -- Installing: /home/ysl/autocar_track/install/adaptive_clustering/share/adaptive_clustering/cmake/adaptive_clustering__rosidl_typesupport_cExport.cmake
[15.559s] -- Installing: /home/ysl/autocar_track/install/adaptive_clustering/share/adaptive_clustering/cmake/adaptive_clustering__rosidl_typesupport_cExport-noconfig.cmake
[15.559s] -- Installing: /home/ysl/autocar_track/install/adaptive_clustering/share/adaptive_clustering/cmake/adaptive_clustering__rosidl_typesupport_introspection_cppExport.cmake
[15.559s] -- Installing: /home/ysl/autocar_track/install/adaptive_clustering/share/adaptive_clustering/cmake/adaptive_clustering__rosidl_typesupport_introspection_cppExport-noconfig.cmake
[15.559s] -- Installing: /home/ysl/autocar_track/install/adaptive_clustering/share/adaptive_clustering/cmake/adaptive_clustering__rosidl_typesupport_cppExport.cmake
[15.559s] -- Installing: /home/ysl/autocar_track/install/adaptive_clustering/share/adaptive_clustering/cmake/adaptive_clustering__rosidl_typesupport_cppExport-noconfig.cmake
[15.559s] -- Installing: /home/ysl/autocar_track/install/adaptive_clustering/share/adaptive_clustering/cmake/export_adaptive_clustering__rosidl_generator_pyExport.cmake
[15.559s] -- Installing: /home/ysl/autocar_track/install/adaptive_clustering/share/adaptive_clustering/cmake/export_adaptive_clustering__rosidl_generator_pyExport-noconfig.cmake
[15.561s] Invoked command in '/home/ysl/autocar_track/build/adaptive_clustering' returned '0': CMAKE_PREFIX_PATH=${CMAKE_PREFIX_PATH}:/home/ysl/sensor/install/ntrip_client:/home/ysl/autocar_track/install/perception:/opt/ros/humble /usr/bin/cmake --install /home/ysl/autocar_track/build/adaptive_clustering
