Built target ament_cmake_python_symlink_erp_control
running egg_info
writing erp_control.egg-info/PKG-INFO
writing dependency_links to erp_control.egg-info/dependency_links.txt
writing top-level names to erp_control.egg-info/top_level.txt
reading manifest file 'erp_control.egg-info/SOURCES.txt'
writing manifest file 'erp_control.egg-info/SOURCES.txt'
Built target ament_cmake_python_build_erp_control_egg
-- Install configuration: ""
-- Execute custom install script
-- Up-to-date symlink: /home/ysl/autocar_track/install/erp_control/share/erp_control/environment/pythonpath.sh
-- Up-to-date symlink: /home/ysl/autocar_track/install/erp_control/share/erp_control/environment/pythonpath.dsv
-- Up-to-date symlink: /home/ysl/autocar_track/install/erp_control/local/lib/python3.10/dist-packages/erp_control-0.0.0-py3.10.egg-info/PKG-INFO
-- Up-to-date symlink: /home/ysl/autocar_track/install/erp_control/local/lib/python3.10/dist-packages/erp_control-0.0.0-py3.10.egg-info/SOURCES.txt
-- Up-to-date symlink: /home/ysl/autocar_track/install/erp_control/local/lib/python3.10/dist-packages/erp_control-0.0.0-py3.10.egg-info/dependency_links.txt
-- Up-to-date symlink: /home/ysl/autocar_track/install/erp_control/local/lib/python3.10/dist-packages/erp_control-0.0.0-py3.10.egg-info/top_level.txt
-- Up-to-date symlink: /home/ysl/autocar_track/install/erp_control/local/lib/python3.10/dist-packages/erp_control/__init__.py
-- Up-to-date symlink: /home/ysl/autocar_track/install/erp_control/lib/erp_control/erp42_ros.py
-- Up-to-date symlink: /home/ysl/autocar_track/install/erp_control/lib/erp_control/final_speed_pub.py
-- Up-to-date symlink: /home/ysl/autocar_track/install/erp_control/share/ament_index/resource_index/package_run_dependencies/erp_control
-- Up-to-date symlink: /home/ysl/autocar_track/install/erp_control/share/ament_index/resource_index/parent_prefix_path/erp_control
-- Up-to-date symlink: /home/ysl/autocar_track/install/erp_control/share/erp_control/environment/ament_prefix_path.sh
-- Up-to-date symlink: /home/ysl/autocar_track/install/erp_control/share/erp_control/environment/ament_prefix_path.dsv
-- Up-to-date symlink: /home/ysl/autocar_track/install/erp_control/share/erp_control/environment/path.sh
-- Up-to-date symlink: /home/ysl/autocar_track/install/erp_control/share/erp_control/environment/path.dsv
-- Up-to-date symlink: /home/ysl/autocar_track/install/erp_control/share/erp_control/local_setup.bash
-- Up-to-date symlink: /home/ysl/autocar_track/install/erp_control/share/erp_control/local_setup.sh
-- Up-to-date symlink: /home/ysl/autocar_track/install/erp_control/share/erp_control/local_setup.zsh
-- Up-to-date symlink: /home/ysl/autocar_track/install/erp_control/share/erp_control/local_setup.dsv
-- Symlinking: /home/ysl/autocar_track/install/erp_control/share/erp_control/package.dsv
-- Up-to-date symlink: /home/ysl/autocar_track/install/erp_control/share/ament_index/resource_index/packages/erp_control
-- Up-to-date symlink: /home/ysl/autocar_track/install/erp_control/share/erp_control/cmake/erp_controlConfig.cmake
-- Up-to-date symlink: /home/ysl/autocar_track/install/erp_control/share/erp_control/cmake/erp_controlConfig-version.cmake
-- Up-to-date symlink: /home/ysl/autocar_track/install/erp_control/share/erp_control/package.xml
Listing '/home/ysl/autocar_track/install/erp_control/local/lib/python3.10/dist-packages/erp_control'...
