[0.842s] Invoking command in '/home/ysl/autocar_track/build/path_tracking': PYTHONPATH=/home/ysl/autocar_track/build/path_tracking/prefix_override:/usr/lib/python3/dist-packages/colcon_core/task/python/colcon_distutils_commands:/home/ysl/autocar_track/install/path_tracking/lib/python3.10/site-packages:${PYTHONPATH} /usr/bin/python3 -W ignore:setup.py install is deprecated -W ignore:easy_install command is deprecated setup.py develop --editable --build-directory /home/ysl/autocar_track/build/path_tracking/build --no-deps symlink_data
[0.940s] /home/ysl/.local/lib/python3.10/site-packages/setuptools/_distutils/dist.py:289: UserWarning: Unknown distribution option: 'tests_require'
[0.940s]   warnings.warn(msg)
[1.059s] running develop
[1.202s] running egg_info
[1.213s] writing path_tracking.egg-info/PKG-INFO
[1.213s] writing dependency_links to path_tracking.egg-info/dependency_links.txt
[1.213s] writing entry points to path_tracking.egg-info/entry_points.txt
[1.213s] writing requirements to path_tracking.egg-info/requires.txt
[1.213s] writing top-level names to path_tracking.egg-info/top_level.txt
[1.257s] ERROR setuptools_scm._file_finders.git listing git files failed - pretending there aren't any
[1.330s] reading manifest file 'path_tracking.egg-info/SOURCES.txt'
[1.330s] writing manifest file 'path_tracking.egg-info/SOURCES.txt'
[1.365s] running build_ext
[1.365s] Creating /home/ysl/autocar_track/install/path_tracking/lib/python3.10/site-packages/path-tracking.egg-link (link to .)
[1.366s] Installing mpc script to /home/ysl/autocar_track/install/path_tracking/lib/path_tracking
[1.366s] 
[1.366s] Installed /home/ysl/autocar_track/build/path_tracking
[1.366s] running symlink_data
[1.390s] Invoked command in '/home/ysl/autocar_track/build/path_tracking' returned '0': PYTHONPATH=/home/ysl/autocar_track/build/path_tracking/prefix_override:/usr/lib/python3/dist-packages/colcon_core/task/python/colcon_distutils_commands:/home/ysl/autocar_track/install/path_tracking/lib/python3.10/site-packages:${PYTHONPATH} /usr/bin/python3 -W ignore:setup.py install is deprecated -W ignore:easy_install command is deprecated setup.py develop --editable --build-directory /home/ysl/autocar_track/build/path_tracking/build --no-deps symlink_data
