[0.927s] Invoking command in '/home/ysl/autocar_track/build/path_tracking': PYTHONPATH=/home/ysl/autocar_track/build/path_tracking/prefix_override:/usr/lib/python3/dist-packages/colcon_core/task/python/colcon_distutils_commands:/home/ysl/autocar_track/install/path_tracking/lib/python3.10/site-packages:${PYTHONPATH} /usr/bin/python3 -W ignore:setup.py install is deprecated -W ignore:easy_install command is deprecated setup.py develop --editable --build-directory /home/ysl/autocar_track/build/path_tracking/build --no-deps symlink_data
[1.050s] /home/ysl/.local/lib/python3.10/site-packages/setuptools/_distutils/dist.py:289: UserWarning: Unknown distribution option: 'tests_require'
[1.050s]   warnings.warn(msg)
[1.196s] running develop
[1.385s] running egg_info
[1.399s] creating path_tracking.egg-info
[1.399s] writing path_tracking.egg-info/PKG-INFO
[1.399s] writing dependency_links to path_tracking.egg-info/dependency_links.txt
[1.399s] writing entry points to path_tracking.egg-info/entry_points.txt
[1.399s] writing requirements to path_tracking.egg-info/requires.txt
[1.400s] writing top-level names to path_tracking.egg-info/top_level.txt
[1.402s] writing manifest file 'path_tracking.egg-info/SOURCES.txt'
[1.459s] ERROR setuptools_scm._file_finders.git listing git files failed - pretending there aren't any
[1.552s] reading manifest file 'path_tracking.egg-info/SOURCES.txt'
[1.553s] writing manifest file 'path_tracking.egg-info/SOURCES.txt'
[1.614s] running build_ext
[1.614s] Creating /home/ysl/autocar_track/install/path_tracking/lib/python3.10/site-packages/path-tracking.egg-link (link to .)
[1.615s] Installing path_tracking script to /home/ysl/autocar_track/install/path_tracking/lib/path_tracking
[1.615s] 
[1.615s] Installed /home/ysl/autocar_track/build/path_tracking
[1.615s] running symlink_data
[1.615s] creating /home/ysl/autocar_track/install/path_tracking/share/ament_index/resource_index/packages
[1.615s] symbolically linking /home/ysl/autocar_track/build/path_tracking/resource/path_tracking -> /home/ysl/autocar_track/install/path_tracking/share/ament_index/resource_index/packages
[1.616s] symbolically linking /home/ysl/autocar_track/build/path_tracking/package.xml -> /home/ysl/autocar_track/install/path_tracking/share/path_tracking
[1.648s] Invoked command in '/home/ysl/autocar_track/build/path_tracking' returned '0': PYTHONPATH=/home/ysl/autocar_track/build/path_tracking/prefix_override:/usr/lib/python3/dist-packages/colcon_core/task/python/colcon_distutils_commands:/home/ysl/autocar_track/install/path_tracking/lib/python3.10/site-packages:${PYTHONPATH} /usr/bin/python3 -W ignore:setup.py install is deprecated -W ignore:easy_install command is deprecated setup.py develop --editable --build-directory /home/ysl/autocar_track/build/path_tracking/build --no-deps symlink_data
