Built target ament_cmake_python_symlink_autocar_utils
running egg_info
writing autocar_utils.egg-info/PKG-INFO
writing dependency_links to autocar_utils.egg-info/dependency_links.txt
writing top-level names to autocar_utils.egg-info/top_level.txt
reading manifest file 'autocar_utils.egg-info/SOURCES.txt'
writing manifest file 'autocar_utils.egg-info/SOURCES.txt'
Built target ament_cmake_python_build_autocar_utils_egg
-- Install configuration: ""
-- Execute custom install script
-- Up-to-date symlink: /home/ysl/autocar_track/install/autocar_utils/share/autocar_utils/environment/pythonpath.sh
-- Up-to-date symlink: /home/ysl/autocar_track/install/autocar_utils/share/autocar_utils/environment/pythonpath.dsv
-- Up-to-date symlink: /home/ysl/autocar_track/install/autocar_utils/local/lib/python3.10/dist-packages/autocar_utils-0.0.0-py3.10.egg-info/PKG-INFO
-- Up-to-date symlink: /home/ysl/autocar_track/install/autocar_utils/local/lib/python3.10/dist-packages/autocar_utils-0.0.0-py3.10.egg-info/SOURCES.txt
-- Up-to-date symlink: /home/ysl/autocar_track/install/autocar_utils/local/lib/python3.10/dist-packages/autocar_utils-0.0.0-py3.10.egg-info/dependency_links.txt
-- Up-to-date symlink: /home/ysl/autocar_track/install/autocar_utils/local/lib/python3.10/dist-packages/autocar_utils-0.0.0-py3.10.egg-info/top_level.txt
-- Up-to-date symlink: /home/ysl/autocar_track/install/autocar_utils/local/lib/python3.10/dist-packages/autocar_utils/__init__.py
-- Up-to-date symlink: /home/ysl/autocar_track/install/autocar_utils/local/lib/python3.10/dist-packages/autocar_utils/autocar_util.py
-- Up-to-date symlink: /home/ysl/autocar_track/install/autocar_utils/local/lib/python3.10/dist-packages/autocar_utils/time_plot.py
-- Up-to-date symlink: /home/ysl/autocar_track/install/autocar_utils/lib/autocar_utils/time_plot.py
-- Up-to-date symlink: /home/ysl/autocar_track/install/autocar_utils/lib/autocar_utils/autocar_util.py
-- Up-to-date symlink: /home/ysl/autocar_track/install/autocar_utils/share/ament_index/resource_index/package_run_dependencies/autocar_utils
-- Up-to-date symlink: /home/ysl/autocar_track/install/autocar_utils/share/ament_index/resource_index/parent_prefix_path/autocar_utils
-- Up-to-date symlink: /home/ysl/autocar_track/install/autocar_utils/share/autocar_utils/environment/ament_prefix_path.sh
-- Up-to-date symlink: /home/ysl/autocar_track/install/autocar_utils/share/autocar_utils/environment/ament_prefix_path.dsv
-- Up-to-date symlink: /home/ysl/autocar_track/install/autocar_utils/share/autocar_utils/environment/path.sh
-- Up-to-date symlink: /home/ysl/autocar_track/install/autocar_utils/share/autocar_utils/environment/path.dsv
-- Up-to-date symlink: /home/ysl/autocar_track/install/autocar_utils/share/autocar_utils/local_setup.bash
-- Up-to-date symlink: /home/ysl/autocar_track/install/autocar_utils/share/autocar_utils/local_setup.sh
-- Up-to-date symlink: /home/ysl/autocar_track/install/autocar_utils/share/autocar_utils/local_setup.zsh
-- Up-to-date symlink: /home/ysl/autocar_track/install/autocar_utils/share/autocar_utils/local_setup.dsv
-- Symlinking: /home/ysl/autocar_track/install/autocar_utils/share/autocar_utils/package.dsv
-- Up-to-date symlink: /home/ysl/autocar_track/install/autocar_utils/share/ament_index/resource_index/packages/autocar_utils
-- Up-to-date symlink: /home/ysl/autocar_track/install/autocar_utils/share/autocar_utils/cmake/autocar_utilsConfig.cmake
-- Up-to-date symlink: /home/ysl/autocar_track/install/autocar_utils/share/autocar_utils/cmake/autocar_utilsConfig-version.cmake
-- Up-to-date symlink: /home/ysl/autocar_track/install/autocar_utils/share/autocar_utils/package.xml
Listing '/home/ysl/autocar_track/install/autocar_utils/local/lib/python3.10/dist-packages/autocar_utils'...
