[0.036s] Invoking command in '/home/ysl/autocar_track/build/autocar_utils': CMAKE_PREFIX_PATH=${CMAKE_PREFIX_PATH}:/home/ysl/sensor/install/ntrip_client:/home/ysl/autocar_track/install/perception:/home/ysl/autocar_track/install/path_tracking:/opt/ros/humble /usr/bin/cmake --build /home/ysl/autocar_track/build/autocar_utils -- -j20 -l20
[0.240s] Built target ament_cmake_python_symlink_autocar_utils
[0.282s] running egg_info
[0.295s] writing autocar_utils.egg-info/PKG-INFO
[0.296s] writing dependency_links to autocar_utils.egg-info/dependency_links.txt
[0.296s] writing top-level names to autocar_utils.egg-info/top_level.txt
[0.442s] ERROR setuptools_scm._file_finders.git listing git files failed - pretending there aren't any
[0.536s] reading manifest file 'autocar_utils.egg-info/SOURCES.txt'
[0.537s] writing manifest file 'autocar_utils.egg-info/SOURCES.txt'
[0.567s] Built target ament_cmake_python_build_autocar_utils_egg
[0.576s] Invoked command in '/home/ysl/autocar_track/build/autocar_utils' returned '0': CMAKE_PREFIX_PATH=${CMAKE_PREFIX_PATH}:/home/ysl/sensor/install/ntrip_client:/home/ysl/autocar_track/install/perception:/home/ysl/autocar_track/install/path_tracking:/opt/ros/humble /usr/bin/cmake --build /home/ysl/autocar_track/build/autocar_utils -- -j20 -l20
[0.577s] Invoking command in '/home/ysl/autocar_track/build/autocar_utils': CMAKE_PREFIX_PATH=${CMAKE_PREFIX_PATH}:/home/ysl/sensor/install/ntrip_client:/home/ysl/autocar_track/install/perception:/home/ysl/autocar_track/install/path_tracking:/opt/ros/humble /usr/bin/cmake --install /home/ysl/autocar_track/build/autocar_utils
[0.585s] -- Install configuration: ""
[0.585s] -- Execute custom install script
[0.585s] -- Up-to-date symlink: /home/ysl/autocar_track/install/autocar_utils/share/autocar_utils/environment/pythonpath.sh
[0.585s] -- Up-to-date symlink: /home/ysl/autocar_track/install/autocar_utils/share/autocar_utils/environment/pythonpath.dsv
[0.586s] -- Up-to-date symlink: /home/ysl/autocar_track/install/autocar_utils/local/lib/python3.10/dist-packages/autocar_utils-0.0.0-py3.10.egg-info/PKG-INFO
[0.586s] -- Up-to-date symlink: /home/ysl/autocar_track/install/autocar_utils/local/lib/python3.10/dist-packages/autocar_utils-0.0.0-py3.10.egg-info/SOURCES.txt
[0.588s] -- Up-to-date symlink: /home/ysl/autocar_track/install/autocar_utils/local/lib/python3.10/dist-packages/autocar_utils-0.0.0-py3.10.egg-info/dependency_links.txt
[0.588s] -- Up-to-date symlink: /home/ysl/autocar_track/install/autocar_utils/local/lib/python3.10/dist-packages/autocar_utils-0.0.0-py3.10.egg-info/top_level.txt
[0.588s] -- Up-to-date symlink: /home/ysl/autocar_track/install/autocar_utils/local/lib/python3.10/dist-packages/autocar_utils/__init__.py
[0.588s] -- Up-to-date symlink: /home/ysl/autocar_track/install/autocar_utils/local/lib/python3.10/dist-packages/autocar_utils/autocar_util.py
[0.588s] -- Up-to-date symlink: /home/ysl/autocar_track/install/autocar_utils/local/lib/python3.10/dist-packages/autocar_utils/time_plot.py
[0.588s] -- Up-to-date symlink: /home/ysl/autocar_track/install/autocar_utils/lib/autocar_utils/time_plot.py
[0.588s] -- Up-to-date symlink: /home/ysl/autocar_track/install/autocar_utils/lib/autocar_utils/autocar_util.py
[0.589s] -- Up-to-date symlink: /home/ysl/autocar_track/install/autocar_utils/share/ament_index/resource_index/package_run_dependencies/autocar_utils
[0.589s] -- Up-to-date symlink: /home/ysl/autocar_track/install/autocar_utils/share/ament_index/resource_index/parent_prefix_path/autocar_utils
[0.589s] -- Up-to-date symlink: /home/ysl/autocar_track/install/autocar_utils/share/autocar_utils/environment/ament_prefix_path.sh
[0.589s] -- Up-to-date symlink: /home/ysl/autocar_track/install/autocar_utils/share/autocar_utils/environment/ament_prefix_path.dsv
[0.589s] -- Up-to-date symlink: /home/ysl/autocar_track/install/autocar_utils/share/autocar_utils/environment/path.sh
[0.589s] -- Up-to-date symlink: /home/ysl/autocar_track/install/autocar_utils/share/autocar_utils/environment/path.dsv
[0.590s] -- Up-to-date symlink: /home/ysl/autocar_track/install/autocar_utils/share/autocar_utils/local_setup.bash
[0.590s] -- Up-to-date symlink: /home/ysl/autocar_track/install/autocar_utils/share/autocar_utils/local_setup.sh
[0.590s] -- Up-to-date symlink: /home/ysl/autocar_track/install/autocar_utils/share/autocar_utils/local_setup.zsh
[0.592s] -- Up-to-date symlink: /home/ysl/autocar_track/install/autocar_utils/share/autocar_utils/local_setup.dsv
[0.592s] -- Symlinking: /home/ysl/autocar_track/install/autocar_utils/share/autocar_utils/package.dsv
[0.596s] -- Up-to-date symlink: /home/ysl/autocar_track/install/autocar_utils/share/ament_index/resource_index/packages/autocar_utils
[0.597s] -- Up-to-date symlink: /home/ysl/autocar_track/install/autocar_utils/share/autocar_utils/cmake/autocar_utilsConfig.cmake
[0.597s] -- Up-to-date symlink: /home/ysl/autocar_track/install/autocar_utils/share/autocar_utils/cmake/autocar_utilsConfig-version.cmake
[0.597s] -- Up-to-date symlink: /home/ysl/autocar_track/install/autocar_utils/share/autocar_utils/package.xml
[0.628s] Listing '/home/ysl/autocar_track/install/autocar_utils/local/lib/python3.10/dist-packages/autocar_utils'...
[0.644s] Invoked command in '/home/ysl/autocar_track/build/autocar_utils' returned '0': CMAKE_PREFIX_PATH=${CMAKE_PREFIX_PATH}:/home/ysl/sensor/install/ntrip_client:/home/ysl/autocar_track/install/perception:/home/ysl/autocar_track/install/path_tracking:/opt/ros/humble /usr/bin/cmake --install /home/ysl/autocar_track/build/autocar_utils
