[0.027s] Invoking command in '/home/ysl/autocar_track/build/delaunay_path_planning': CMAKE_PREFIX_PATH=${CMAKE_PREFIX_PATH}:/home/ysl/sensor/install/ntrip_client:/home/ysl/autocar_track/install/perception:/opt/ros/humble /usr/bin/cmake /home/ysl/autocar_track/src/path_planning/delaunay_path_planning -DAMENT_CMAKE_SYMLINK_INSTALL=1 -DCMAKE_INSTALL_PREFIX=/home/ysl/autocar_track/install/delaunay_path_planning
[0.217s] -- The C compiler identification is GNU 11.4.0
[0.217s] -- The CXX compiler identification is GNU 11.4.0
[0.217s] -- Detecting C compiler ABI info
[0.217s] -- Detecting C compiler ABI info - done
[0.218s] -- Check for working C compiler: /usr/bin/cc - skipped
[0.218s] -- Detecting C compile features
[0.218s] -- Detecting C compile features - done
[0.218s] -- Detecting CXX compiler ABI info
[0.255s] -- Detecting CXX compiler ABI info - done
[0.263s] -- Check for working CXX compiler: /usr/bin/c++ - skipped
[0.263s] -- Detecting CXX compile features
[0.263s] -- Detecting CXX compile features - done
[0.267s] -- Found ament_cmake: 1.3.11 (/opt/ros/humble/share/ament_cmake/cmake)
[0.581s] -- Found Python3: /usr/bin/python3 (found version "3.10.12") found components: Interpreter 
[0.635s] -- Override CMake install command with custom implementation using symlinks instead of copying resources
[0.667s] -- Found rclpy: 3.3.16 (/opt/ros/humble/share/rclpy/cmake)
[0.669s] -- Found std_msgs: 4.9.0 (/opt/ros/humble/share/std_msgs/cmake)
[0.702s] -- Found rosidl_generator_c: 3.1.6 (/opt/ros/humble/share/rosidl_generator_c/cmake)
[0.707s] -- Found rosidl_adapter: 3.1.6 (/opt/ros/humble/share/rosidl_adapter/cmake)
[0.715s] -- Found rosidl_generator_cpp: 3.1.6 (/opt/ros/humble/share/rosidl_generator_cpp/cmake)
[0.726s] -- Using all available rosidl_typesupport_c: rosidl_typesupport_fastrtps_c;rosidl_typesupport_introspection_c
[0.740s] -- Using all available rosidl_typesupport_cpp: rosidl_typesupport_fastrtps_cpp;rosidl_typesupport_introspection_cpp
[0.762s] -- Found geometry_msgs: 4.9.0 (/opt/ros/humble/share/geometry_msgs/cmake)
[0.772s] -- Found nav_msgs: 4.9.0 (/opt/ros/humble/share/nav_msgs/cmake)
[0.785s] -- Found visualization_msgs: 4.9.0 (/opt/ros/humble/share/visualization_msgs/cmake)
[0.814s] -- Found ament_lint_auto: 0.12.12 (/opt/ros/humble/share/ament_lint_auto/cmake)
[0.914s] -- Added test 'copyright' to check source files copyright and LICENSE
[0.923s] -- Added test 'flake8' to check Python code syntax and style conventions
[0.925s] -- Added test 'lint_cmake' to check CMake code style
[0.926s] -- Added test 'pep257' to check Python code against some of the docstring style conventions in PEP 257
[0.932s] -- Added test 'xmllint' to check XML markup files
[0.934s] -- Configuring done
[0.938s] -- Generating done
[0.941s] -- Build files have been written to: /home/ysl/autocar_track/build/delaunay_path_planning
[0.948s] Invoked command in '/home/ysl/autocar_track/build/delaunay_path_planning' returned '0': CMAKE_PREFIX_PATH=${CMAKE_PREFIX_PATH}:/home/ysl/sensor/install/ntrip_client:/home/ysl/autocar_track/install/perception:/opt/ros/humble /usr/bin/cmake /home/ysl/autocar_track/src/path_planning/delaunay_path_planning -DAMENT_CMAKE_SYMLINK_INSTALL=1 -DCMAKE_INSTALL_PREFIX=/home/ysl/autocar_track/install/delaunay_path_planning
[0.949s] Invoking command in '/home/ysl/autocar_track/build/delaunay_path_planning': CMAKE_PREFIX_PATH=${CMAKE_PREFIX_PATH}:/home/ysl/sensor/install/ntrip_client:/home/ysl/autocar_track/install/perception:/opt/ros/humble /usr/bin/cmake --build /home/ysl/autocar_track/build/delaunay_path_planning -- -j20 -l20
[0.998s] Built target ament_cmake_python_symlink_delaunay_path_planning
[1.182s] running egg_info
[1.196s] creating delaunay_path_planning.egg-info
[1.196s] writing delaunay_path_planning.egg-info/PKG-INFO
[1.196s] writing dependency_links to delaunay_path_planning.egg-info/dependency_links.txt
[1.196s] writing top-level names to delaunay_path_planning.egg-info/top_level.txt
[1.275s] writing manifest file 'delaunay_path_planning.egg-info/SOURCES.txt'
[1.346s] ERROR setuptools_scm._file_finders.git listing git files failed - pretending there aren't any
[1.435s] reading manifest file 'delaunay_path_planning.egg-info/SOURCES.txt'
[1.435s] writing manifest file 'delaunay_path_planning.egg-info/SOURCES.txt'
[1.464s] Built target ament_cmake_python_build_delaunay_path_planning_egg
[1.474s] Invoked command in '/home/ysl/autocar_track/build/delaunay_path_planning' returned '0': CMAKE_PREFIX_PATH=${CMAKE_PREFIX_PATH}:/home/ysl/sensor/install/ntrip_client:/home/ysl/autocar_track/install/perception:/opt/ros/humble /usr/bin/cmake --build /home/ysl/autocar_track/build/delaunay_path_planning -- -j20 -l20
[1.474s] Invoking command in '/home/ysl/autocar_track/build/delaunay_path_planning': CMAKE_PREFIX_PATH=${CMAKE_PREFIX_PATH}:/home/ysl/sensor/install/ntrip_client:/home/ysl/autocar_track/install/perception:/opt/ros/humble /usr/bin/cmake --install /home/ysl/autocar_track/build/delaunay_path_planning
[1.481s] -- Install configuration: ""
[1.483s] -- Execute custom install script
[1.483s] -- Symlinking: /home/ysl/autocar_track/install/delaunay_path_planning/share/delaunay_path_planning/environment/pythonpath.sh
[1.490s] -- Symlinking: /home/ysl/autocar_track/install/delaunay_path_planning/share/delaunay_path_planning/environment/pythonpath.dsv
[1.499s] -- Symlinking: /home/ysl/autocar_track/install/delaunay_path_planning/local/lib/python3.10/dist-packages/delaunay_path_planning-0.0.0-py3.10.egg-info/PKG-INFO
[1.507s] -- Symlinking: /home/ysl/autocar_track/install/delaunay_path_planning/local/lib/python3.10/dist-packages/delaunay_path_planning-0.0.0-py3.10.egg-info/SOURCES.txt
[1.514s] -- Symlinking: /home/ysl/autocar_track/install/delaunay_path_planning/local/lib/python3.10/dist-packages/delaunay_path_planning-0.0.0-py3.10.egg-info/dependency_links.txt
[1.520s] -- Symlinking: /home/ysl/autocar_track/install/delaunay_path_planning/local/lib/python3.10/dist-packages/delaunay_path_planning-0.0.0-py3.10.egg-info/top_level.txt
[1.527s] -- Symlinking: /home/ysl/autocar_track/install/delaunay_path_planning/local/lib/python3.10/dist-packages/delaunay_path_planning/__init__.py
[1.535s] -- Symlinking: /home/ysl/autocar_track/install/delaunay_path_planning/lib/delaunay_path_planning/local_path_planning.py
[1.544s] -- Symlinking: /home/ysl/autocar_track/install/delaunay_path_planning/lib/delaunay_path_planning/delaunay_path_planning.py
[1.550s] -- Symlinking: /home/ysl/autocar_track/install/delaunay_path_planning/lib/delaunay_path_planning/bezier_example.py
[1.558s] -- Symlinking: /home/ysl/autocar_track/install/delaunay_path_planning/lib/delaunay_path_planning/rubber_cone.py
[1.567s] -- Symlinking: /home/ysl/autocar_track/install/delaunay_path_planning/share/ament_index/resource_index/package_run_dependencies/delaunay_path_planning
[1.575s] -- Symlinking: /home/ysl/autocar_track/install/delaunay_path_planning/share/ament_index/resource_index/parent_prefix_path/delaunay_path_planning
[1.581s] -- Symlinking: /home/ysl/autocar_track/install/delaunay_path_planning/share/delaunay_path_planning/environment/ament_prefix_path.sh
[1.588s] -- Symlinking: /home/ysl/autocar_track/install/delaunay_path_planning/share/delaunay_path_planning/environment/ament_prefix_path.dsv
[1.597s] -- Symlinking: /home/ysl/autocar_track/install/delaunay_path_planning/share/delaunay_path_planning/environment/path.sh
[1.604s] -- Symlinking: /home/ysl/autocar_track/install/delaunay_path_planning/share/delaunay_path_planning/environment/path.dsv
[1.612s] -- Symlinking: /home/ysl/autocar_track/install/delaunay_path_planning/share/delaunay_path_planning/local_setup.bash
[1.621s] -- Symlinking: /home/ysl/autocar_track/install/delaunay_path_planning/share/delaunay_path_planning/local_setup.sh
[1.629s] -- Symlinking: /home/ysl/autocar_track/install/delaunay_path_planning/share/delaunay_path_planning/local_setup.zsh
[1.637s] -- Symlinking: /home/ysl/autocar_track/install/delaunay_path_planning/share/delaunay_path_planning/local_setup.dsv
[1.645s] -- Symlinking: /home/ysl/autocar_track/install/delaunay_path_planning/share/delaunay_path_planning/package.dsv
[1.654s] -- Symlinking: /home/ysl/autocar_track/install/delaunay_path_planning/share/ament_index/resource_index/packages/delaunay_path_planning
[1.662s] -- Symlinking: /home/ysl/autocar_track/install/delaunay_path_planning/share/delaunay_path_planning/cmake/delaunay_path_planningConfig.cmake
[1.671s] -- Symlinking: /home/ysl/autocar_track/install/delaunay_path_planning/share/delaunay_path_planning/cmake/delaunay_path_planningConfig-version.cmake
[1.681s] -- Symlinking: /home/ysl/autocar_track/install/delaunay_path_planning/share/delaunay_path_planning/package.xml
[1.717s] Listing '/home/ysl/autocar_track/install/delaunay_path_planning/local/lib/python3.10/dist-packages/delaunay_path_planning'...
[1.718s] Compiling '/home/ysl/autocar_track/install/delaunay_path_planning/local/lib/python3.10/dist-packages/delaunay_path_planning/__init__.py'...
[1.726s] Invoked command in '/home/ysl/autocar_track/build/delaunay_path_planning' returned '0': CMAKE_PREFIX_PATH=${CMAKE_PREFIX_PATH}:/home/ysl/sensor/install/ntrip_client:/home/ysl/autocar_track/install/perception:/opt/ros/humble /usr/bin/cmake --install /home/ysl/autocar_track/build/delaunay_path_planning
