[0.029s] Invoking command in '/home/ysl/autocar_track/build/adaptive_clustering': CMAKE_PREFIX_PATH=${CMAKE_PREFIX_PATH}:/home/ysl/sensor/install/ntrip_client:/home/ysl/autocar_track/install/perception:/home/ysl/autocar_track/install/path_tracking:/opt/ros/humble /usr/bin/cmake --build /home/ysl/autocar_track/build/adaptive_clustering -- -j20 -l20
[0.229s] [  7%] Built target adaptive_clustering__rosidl_generator_c
[0.229s] [ 10%] Built target adaptive_clustering__cpp
[0.229s] [ 15%] Built target adaptive_clustering_node
[0.229s] [ 21%] Built target adaptive_clustering_ground_removed_node
[0.229s] [ 21%] Built target ament_cmake_python_symlink_adaptive_clustering
[0.229s] [ 28%] Built target adaptive_clustering__rosidl_typesupport_c
[0.229s] [ 36%] Built target adaptive_clustering__rosidl_typesupport_fastrtps_cpp
[0.229s] [ 44%] Built target adaptive_clustering__rosidl_typesupport_introspection_c
[0.229s] [ 52%] Built target adaptive_clustering__rosidl_typesupport_introspection_cpp
[0.229s] [ 63%] Built target adaptive_clustering__rosidl_typesupport_fastrtps_c
[0.230s] [ 68%] Built target adaptive_clustering__rosidl_typesupport_cpp
[0.230s] [ 68%] Built target adaptive_clustering
[0.230s] [ 76%] Built target adaptive_clustering_lib
[0.230s] [ 78%] Built target adaptive_clustering__py
[0.230s] [ 84%] Built target adaptive_clustering__rosidl_generator_py
[0.230s] [ 89%] Built target adaptive_clustering__rosidl_typesupport_fastrtps_c__pyext
[0.230s] [ 94%] Built target adaptive_clustering__rosidl_typesupport_introspection_c__pyext
[0.230s] [100%] Built target adaptive_clustering__rosidl_typesupport_c__pyext
[0.270s] running egg_info
[0.283s] writing adaptive_clustering.egg-info/PKG-INFO
[0.283s] writing dependency_links to adaptive_clustering.egg-info/dependency_links.txt
[0.284s] writing top-level names to adaptive_clustering.egg-info/top_level.txt
[0.530s] reading manifest file 'adaptive_clustering.egg-info/SOURCES.txt'
[0.531s] writing manifest file 'adaptive_clustering.egg-info/SOURCES.txt'
[0.561s] [100%] Built target ament_cmake_python_build_adaptive_clustering_egg
[0.573s] Invoked command in '/home/ysl/autocar_track/build/adaptive_clustering' returned '0': CMAKE_PREFIX_PATH=${CMAKE_PREFIX_PATH}:/home/ysl/sensor/install/ntrip_client:/home/ysl/autocar_track/install/perception:/home/ysl/autocar_track/install/path_tracking:/opt/ros/humble /usr/bin/cmake --build /home/ysl/autocar_track/build/adaptive_clustering -- -j20 -l20
[0.574s] Invoking command in '/home/ysl/autocar_track/build/adaptive_clustering': CMAKE_PREFIX_PATH=${CMAKE_PREFIX_PATH}:/home/ysl/sensor/install/ntrip_client:/home/ysl/autocar_track/install/perception:/home/ysl/autocar_track/install/path_tracking:/opt/ros/humble /usr/bin/cmake --install /home/ysl/autocar_track/build/adaptive_clustering
[0.581s] -- Install configuration: ""
[0.581s] -- Execute custom install script
[0.582s] -- Up-to-date symlink: /home/ysl/autocar_track/install/adaptive_clustering/share/ament_index/resource_index/rosidl_interfaces/adaptive_clustering
[0.582s] -- Up-to-date symlink: /home/ysl/autocar_track/install/adaptive_clustering/include/adaptive_clustering/adaptive_clustering/msg/cluster_array.h
[0.582s] -- Up-to-date symlink: /home/ysl/autocar_track/install/adaptive_clustering/include/adaptive_clustering/adaptive_clustering/msg/detail/cluster_array__functions.h
[0.582s] -- Up-to-date symlink: /home/ysl/autocar_track/install/adaptive_clustering/include/adaptive_clustering/adaptive_clustering/msg/detail/cluster_array__struct.h
[0.582s] -- Up-to-date symlink: /home/ysl/autocar_track/install/adaptive_clustering/include/adaptive_clustering/adaptive_clustering/msg/detail/cluster_array__type_support.h
[0.582s] -- Up-to-date symlink: /home/ysl/autocar_track/install/adaptive_clustering/include/adaptive_clustering/adaptive_clustering/msg/rosidl_generator_c__visibility_control.h
[0.582s] -- Up-to-date symlink: /home/ysl/autocar_track/install/adaptive_clustering/share/adaptive_clustering/environment/library_path.sh
[0.582s] -- Up-to-date symlink: /home/ysl/autocar_track/install/adaptive_clustering/share/adaptive_clustering/environment/library_path.dsv
[0.583s] -- Up-to-date symlink: /home/ysl/autocar_track/install/adaptive_clustering/include/adaptive_clustering/adaptive_clustering/msg/detail/cluster_array__rosidl_typesupport_fastrtps_c.h
[0.583s] -- Up-to-date symlink: /home/ysl/autocar_track/install/adaptive_clustering/include/adaptive_clustering/adaptive_clustering/msg/rosidl_typesupport_fastrtps_c__visibility_control.h
[0.583s] -- Up-to-date symlink: /home/ysl/autocar_track/install/adaptive_clustering/include/adaptive_clustering/adaptive_clustering/msg/cluster_array.hpp
[0.583s] -- Up-to-date symlink: /home/ysl/autocar_track/install/adaptive_clustering/include/adaptive_clustering/adaptive_clustering/msg/detail/cluster_array__builder.hpp
[0.583s] -- Up-to-date symlink: /home/ysl/autocar_track/install/adaptive_clustering/include/adaptive_clustering/adaptive_clustering/msg/detail/cluster_array__struct.hpp
[0.583s] -- Up-to-date symlink: /home/ysl/autocar_track/install/adaptive_clustering/include/adaptive_clustering/adaptive_clustering/msg/detail/cluster_array__traits.hpp
[0.583s] -- Up-to-date symlink: /home/ysl/autocar_track/install/adaptive_clustering/include/adaptive_clustering/adaptive_clustering/msg/detail/cluster_array__type_support.hpp
[0.583s] -- Up-to-date symlink: /home/ysl/autocar_track/install/adaptive_clustering/include/adaptive_clustering/adaptive_clustering/msg/rosidl_generator_cpp__visibility_control.hpp
[0.583s] -- Up-to-date symlink: /home/ysl/autocar_track/install/adaptive_clustering/include/adaptive_clustering/adaptive_clustering/msg/detail/cluster_array__rosidl_typesupport_fastrtps_cpp.hpp
[0.583s] -- Up-to-date symlink: /home/ysl/autocar_track/install/adaptive_clustering/include/adaptive_clustering/adaptive_clustering/msg/rosidl_typesupport_fastrtps_cpp__visibility_control.h
[0.583s] -- Up-to-date symlink: /home/ysl/autocar_track/install/adaptive_clustering/include/adaptive_clustering/adaptive_clustering/msg/detail/cluster_array__rosidl_typesupport_introspection_c.h
[0.584s] -- Up-to-date symlink: /home/ysl/autocar_track/install/adaptive_clustering/include/adaptive_clustering/adaptive_clustering/msg/rosidl_typesupport_introspection_c__visibility_control.h
[0.584s] -- Up-to-date symlink: /home/ysl/autocar_track/install/adaptive_clustering/include/adaptive_clustering/adaptive_clustering/msg/detail/cluster_array__rosidl_typesupport_introspection_cpp.hpp
[0.584s] -- Up-to-date symlink: /home/ysl/autocar_track/install/adaptive_clustering/share/adaptive_clustering/environment/pythonpath.sh
[0.584s] -- Up-to-date symlink: /home/ysl/autocar_track/install/adaptive_clustering/share/adaptive_clustering/environment/pythonpath.dsv
[0.584s] -- Up-to-date symlink: /home/ysl/autocar_track/install/adaptive_clustering/local/lib/python3.10/dist-packages/adaptive_clustering-0.0.1-py3.10.egg-info/PKG-INFO
[0.584s] -- Up-to-date symlink: /home/ysl/autocar_track/install/adaptive_clustering/local/lib/python3.10/dist-packages/adaptive_clustering-0.0.1-py3.10.egg-info/SOURCES.txt
[0.584s] -- Up-to-date symlink: /home/ysl/autocar_track/install/adaptive_clustering/local/lib/python3.10/dist-packages/adaptive_clustering-0.0.1-py3.10.egg-info/dependency_links.txt
[0.584s] -- Up-to-date symlink: /home/ysl/autocar_track/install/adaptive_clustering/local/lib/python3.10/dist-packages/adaptive_clustering-0.0.1-py3.10.egg-info/top_level.txt
[0.585s] -- Up-to-date symlink: /home/ysl/autocar_track/install/adaptive_clustering/local/lib/python3.10/dist-packages/adaptive_clustering/__init__.py
[0.585s] -- Up-to-date symlink: /home/ysl/autocar_track/install/adaptive_clustering/local/lib/python3.10/dist-packages/adaptive_clustering/_adaptive_clustering_s.ep.rosidl_typesupport_c.c
[0.585s] -- Up-to-date symlink: /home/ysl/autocar_track/install/adaptive_clustering/local/lib/python3.10/dist-packages/adaptive_clustering/_adaptive_clustering_s.ep.rosidl_typesupport_fastrtps_c.c
[0.585s] -- Up-to-date symlink: /home/ysl/autocar_track/install/adaptive_clustering/local/lib/python3.10/dist-packages/adaptive_clustering/_adaptive_clustering_s.ep.rosidl_typesupport_introspection_c.c
[0.585s] -- Up-to-date symlink: /home/ysl/autocar_track/install/adaptive_clustering/local/lib/python3.10/dist-packages/adaptive_clustering/adaptive_clustering_s__rosidl_typesupport_c.cpython-310-x86_64-linux-gnu.so
[0.585s] -- Up-to-date symlink: /home/ysl/autocar_track/install/adaptive_clustering/local/lib/python3.10/dist-packages/adaptive_clustering/adaptive_clustering_s__rosidl_typesupport_fastrtps_c.cpython-310-x86_64-linux-gnu.so
[0.585s] -- Up-to-date symlink: /home/ysl/autocar_track/install/adaptive_clustering/local/lib/python3.10/dist-packages/adaptive_clustering/adaptive_clustering_s__rosidl_typesupport_introspection_c.cpython-310-x86_64-linux-gnu.so
[0.585s] -- Up-to-date symlink: /home/ysl/autocar_track/install/adaptive_clustering/local/lib/python3.10/dist-packages/adaptive_clustering/libadaptive_clustering__rosidl_generator_py.so
[0.585s] -- Up-to-date symlink: /home/ysl/autocar_track/install/adaptive_clustering/local/lib/python3.10/dist-packages/adaptive_clustering/msg/__init__.py
[0.585s] -- Up-to-date symlink: /home/ysl/autocar_track/install/adaptive_clustering/local/lib/python3.10/dist-packages/adaptive_clustering/msg/_cluster_array.py
[0.585s] -- Up-to-date symlink: /home/ysl/autocar_track/install/adaptive_clustering/local/lib/python3.10/dist-packages/adaptive_clustering/msg/_cluster_array_s.c
[0.585s] -- Up-to-date symlink: /home/ysl/autocar_track/install/adaptive_clustering/local/lib/python3.10/dist-packages/adaptive_clustering/adaptive_clustering_s__rosidl_typesupport_fastrtps_c.cpython-310-x86_64-linux-gnu.so
[0.586s] -- Up-to-date symlink: /home/ysl/autocar_track/install/adaptive_clustering/local/lib/python3.10/dist-packages/adaptive_clustering/adaptive_clustering_s__rosidl_typesupport_introspection_c.cpython-310-x86_64-linux-gnu.so
[0.586s] -- Up-to-date symlink: /home/ysl/autocar_track/install/adaptive_clustering/local/lib/python3.10/dist-packages/adaptive_clustering/adaptive_clustering_s__rosidl_typesupport_c.cpython-310-x86_64-linux-gnu.so
[0.586s] -- Up-to-date symlink: /home/ysl/autocar_track/install/adaptive_clustering/share/adaptive_clustering/msg/ClusterArray.idl
[0.586s] -- Up-to-date symlink: /home/ysl/autocar_track/install/adaptive_clustering/share/adaptive_clustering/msg/ClusterArray.msg
[0.586s] -- Up-to-date symlink: /home/ysl/autocar_track/install/adaptive_clustering/lib/adaptive_clustering/adaptive_clustering_node
[0.586s] -- Up-to-date symlink: /home/ysl/autocar_track/install/adaptive_clustering/lib/adaptive_clustering/adaptive_clustering_ground_removed_node
[0.586s] -- Up-to-date symlink: /home/ysl/autocar_track/install/adaptive_clustering/lib/libadaptive_clustering_lib.so
[0.586s] -- Up-to-date symlink: /home/ysl/autocar_track/install/adaptive_clustering/bin/adaptive_clustering_node
[0.586s] -- Up-to-date symlink: /home/ysl/autocar_track/install/adaptive_clustering/bin/adaptive_clustering_ground_removed_node
[0.587s] -- Up-to-date symlink: /home/ysl/autocar_track/install/adaptive_clustering/share/adaptive_clustering//adaptive_clustering.launch.py
[0.587s] -- Up-to-date symlink: /home/ysl/autocar_track/install/adaptive_clustering/share/adaptive_clustering//ground_removal_clustering.launch.py
[0.587s] -- Up-to-date symlink: /home/ysl/autocar_track/install/adaptive_clustering/share/adaptive_clustering//msg/ClusterArray.msg
[0.587s] -- Up-to-date symlink: /home/ysl/autocar_track/install/adaptive_clustering/share/ament_index/resource_index/package_run_dependencies/adaptive_clustering
[0.587s] -- Up-to-date symlink: /home/ysl/autocar_track/install/adaptive_clustering/share/ament_index/resource_index/parent_prefix_path/adaptive_clustering
[0.587s] -- Up-to-date symlink: /home/ysl/autocar_track/install/adaptive_clustering/share/adaptive_clustering/environment/ament_prefix_path.sh
[0.587s] -- Up-to-date symlink: /home/ysl/autocar_track/install/adaptive_clustering/share/adaptive_clustering/environment/ament_prefix_path.dsv
[0.587s] -- Up-to-date symlink: /home/ysl/autocar_track/install/adaptive_clustering/share/adaptive_clustering/environment/path.sh
[0.587s] -- Up-to-date symlink: /home/ysl/autocar_track/install/adaptive_clustering/share/adaptive_clustering/environment/path.dsv
[0.588s] -- Up-to-date symlink: /home/ysl/autocar_track/install/adaptive_clustering/share/adaptive_clustering/local_setup.bash
[0.588s] -- Up-to-date symlink: /home/ysl/autocar_track/install/adaptive_clustering/share/adaptive_clustering/local_setup.sh
[0.588s] -- Up-to-date symlink: /home/ysl/autocar_track/install/adaptive_clustering/share/adaptive_clustering/local_setup.zsh
[0.588s] -- Up-to-date symlink: /home/ysl/autocar_track/install/adaptive_clustering/share/adaptive_clustering/local_setup.dsv
[0.588s] -- Symlinking: /home/ysl/autocar_track/install/adaptive_clustering/share/adaptive_clustering/package.dsv
[0.594s] -- Up-to-date symlink: /home/ysl/autocar_track/install/adaptive_clustering/share/ament_index/resource_index/packages/adaptive_clustering
[0.595s] -- Up-to-date symlink: /home/ysl/autocar_track/install/adaptive_clustering/share/ament_index/resource_index/rclcpp_components/adaptive_clustering
[0.595s] -- Up-to-date symlink: /home/ysl/autocar_track/install/adaptive_clustering/share/adaptive_clustering/cmake/rosidl_cmake-extras.cmake
[0.595s] -- Up-to-date symlink: /home/ysl/autocar_track/install/adaptive_clustering/share/adaptive_clustering/cmake/ament_cmake_export_dependencies-extras.cmake
[0.595s] -- Up-to-date symlink: /home/ysl/autocar_track/install/adaptive_clustering/share/adaptive_clustering/cmake/ament_cmake_export_include_directories-extras.cmake
[0.595s] -- Up-to-date symlink: /home/ysl/autocar_track/install/adaptive_clustering/share/adaptive_clustering/cmake/ament_cmake_export_libraries-extras.cmake
[0.595s] -- Up-to-date symlink: /home/ysl/autocar_track/install/adaptive_clustering/share/adaptive_clustering/cmake/ament_cmake_export_targets-extras.cmake
[0.595s] -- Up-to-date symlink: /home/ysl/autocar_track/install/adaptive_clustering/share/adaptive_clustering/cmake/rosidl_cmake_export_typesupport_targets-extras.cmake
[0.595s] -- Up-to-date symlink: /home/ysl/autocar_track/install/adaptive_clustering/share/adaptive_clustering/cmake/rosidl_cmake_export_typesupport_libraries-extras.cmake
[0.596s] -- Up-to-date symlink: /home/ysl/autocar_track/install/adaptive_clustering/share/adaptive_clustering/cmake/adaptive_clusteringConfig.cmake
[0.596s] -- Up-to-date symlink: /home/ysl/autocar_track/install/adaptive_clustering/share/adaptive_clustering/cmake/adaptive_clusteringConfig-version.cmake
[0.596s] -- Up-to-date symlink: /home/ysl/autocar_track/install/adaptive_clustering/share/adaptive_clustering/package.xml
[0.596s] -- Up-to-date: /home/ysl/autocar_track/install/adaptive_clustering/lib/libadaptive_clustering__rosidl_generator_c.so
[0.596s] -- Up-to-date: /home/ysl/autocar_track/install/adaptive_clustering/lib/libadaptive_clustering__rosidl_typesupport_fastrtps_c.so
[0.596s] -- Up-to-date: /home/ysl/autocar_track/install/adaptive_clustering/lib/libadaptive_clustering__rosidl_typesupport_fastrtps_cpp.so
[0.597s] -- Up-to-date: /home/ysl/autocar_track/install/adaptive_clustering/lib/libadaptive_clustering__rosidl_typesupport_introspection_c.so
[0.597s] -- Up-to-date: /home/ysl/autocar_track/install/adaptive_clustering/lib/libadaptive_clustering__rosidl_typesupport_c.so
[0.597s] -- Up-to-date: /home/ysl/autocar_track/install/adaptive_clustering/lib/libadaptive_clustering__rosidl_typesupport_introspection_cpp.so
[0.597s] -- Up-to-date: /home/ysl/autocar_track/install/adaptive_clustering/lib/libadaptive_clustering__rosidl_typesupport_cpp.so
[0.631s] Listing '/home/ysl/autocar_track/install/adaptive_clustering/local/lib/python3.10/dist-packages/adaptive_clustering'...
[0.631s] Listing '/home/ysl/autocar_track/install/adaptive_clustering/local/lib/python3.10/dist-packages/adaptive_clustering/msg'...
[0.634s] -- Up-to-date: /home/ysl/autocar_track/install/adaptive_clustering/lib/libadaptive_clustering__rosidl_generator_py.so
[0.635s] -- Up-to-date: /home/ysl/autocar_track/install/adaptive_clustering/share/adaptive_clustering/cmake/export_adaptive_clustering__rosidl_generator_cExport.cmake
[0.635s] -- Up-to-date: /home/ysl/autocar_track/install/adaptive_clustering/share/adaptive_clustering/cmake/export_adaptive_clustering__rosidl_generator_cExport-noconfig.cmake
[0.635s] -- Up-to-date: /home/ysl/autocar_track/install/adaptive_clustering/share/adaptive_clustering/cmake/export_adaptive_clustering__rosidl_typesupport_fastrtps_cExport.cmake
[0.635s] -- Up-to-date: /home/ysl/autocar_track/install/adaptive_clustering/share/adaptive_clustering/cmake/export_adaptive_clustering__rosidl_typesupport_fastrtps_cExport-noconfig.cmake
[0.635s] -- Up-to-date: /home/ysl/autocar_track/install/adaptive_clustering/share/adaptive_clustering/cmake/export_adaptive_clustering__rosidl_generator_cppExport.cmake
[0.635s] -- Up-to-date: /home/ysl/autocar_track/install/adaptive_clustering/share/adaptive_clustering/cmake/export_adaptive_clustering__rosidl_typesupport_fastrtps_cppExport.cmake
[0.635s] -- Up-to-date: /home/ysl/autocar_track/install/adaptive_clustering/share/adaptive_clustering/cmake/export_adaptive_clustering__rosidl_typesupport_fastrtps_cppExport-noconfig.cmake
[0.635s] -- Up-to-date: /home/ysl/autocar_track/install/adaptive_clustering/share/adaptive_clustering/cmake/adaptive_clustering__rosidl_typesupport_introspection_cExport.cmake
[0.635s] -- Up-to-date: /home/ysl/autocar_track/install/adaptive_clustering/share/adaptive_clustering/cmake/adaptive_clustering__rosidl_typesupport_introspection_cExport-noconfig.cmake
[0.635s] -- Up-to-date: /home/ysl/autocar_track/install/adaptive_clustering/share/adaptive_clustering/cmake/adaptive_clustering__rosidl_typesupport_cExport.cmake
[0.635s] -- Up-to-date: /home/ysl/autocar_track/install/adaptive_clustering/share/adaptive_clustering/cmake/adaptive_clustering__rosidl_typesupport_cExport-noconfig.cmake
[0.635s] -- Up-to-date: /home/ysl/autocar_track/install/adaptive_clustering/share/adaptive_clustering/cmake/adaptive_clustering__rosidl_typesupport_introspection_cppExport.cmake
[0.636s] -- Up-to-date: /home/ysl/autocar_track/install/adaptive_clustering/share/adaptive_clustering/cmake/adaptive_clustering__rosidl_typesupport_introspection_cppExport-noconfig.cmake
[0.636s] -- Up-to-date: /home/ysl/autocar_track/install/adaptive_clustering/share/adaptive_clustering/cmake/adaptive_clustering__rosidl_typesupport_cppExport.cmake
[0.636s] -- Up-to-date: /home/ysl/autocar_track/install/adaptive_clustering/share/adaptive_clustering/cmake/adaptive_clustering__rosidl_typesupport_cppExport-noconfig.cmake
[0.636s] -- Up-to-date: /home/ysl/autocar_track/install/adaptive_clustering/share/adaptive_clustering/cmake/export_adaptive_clustering__rosidl_generator_pyExport.cmake
[0.636s] -- Up-to-date: /home/ysl/autocar_track/install/adaptive_clustering/share/adaptive_clustering/cmake/export_adaptive_clustering__rosidl_generator_pyExport-noconfig.cmake
[0.646s] Invoked command in '/home/ysl/autocar_track/build/adaptive_clustering' returned '0': CMAKE_PREFIX_PATH=${CMAKE_PREFIX_PATH}:/home/ysl/sensor/install/ntrip_client:/home/ysl/autocar_track/install/perception:/home/ysl/autocar_track/install/path_tracking:/opt/ros/humble /usr/bin/cmake --install /home/ysl/autocar_track/build/adaptive_clustering
