[0.027s] Invoking command in '/home/ysl/autocar_track/build/delaunay_path_planning': CMAKE_PREFIX_PATH=${CMAKE_PREFIX_PATH}:/home/ysl/sensor/install/ntrip_client:/home/ysl/autocar_track/install/perception:/home/ysl/autocar_track/install/path_tracking:/opt/ros/humble /usr/bin/cmake --build /home/ysl/autocar_track/build/delaunay_path_planning -- -j20 -l20
[0.224s] Built target ament_cmake_python_symlink_delaunay_path_planning
[0.264s] running egg_info
[0.278s] writing delaunay_path_planning.egg-info/PKG-INFO
[0.278s] writing dependency_links to delaunay_path_planning.egg-info/dependency_links.txt
[0.278s] writing top-level names to delaunay_path_planning.egg-info/top_level.txt
[0.524s] reading manifest file 'delaunay_path_planning.egg-info/SOURCES.txt'
[0.525s] writing manifest file 'delaunay_path_planning.egg-info/SOURCES.txt'
[0.553s] Built target ament_cmake_python_build_delaunay_path_planning_egg
[0.564s] Invoked command in '/home/ysl/autocar_track/build/delaunay_path_planning' returned '0': CMAKE_PREFIX_PATH=${CMAKE_PREFIX_PATH}:/home/ysl/sensor/install/ntrip_client:/home/ysl/autocar_track/install/perception:/home/ysl/autocar_track/install/path_tracking:/opt/ros/humble /usr/bin/cmake --build /home/ysl/autocar_track/build/delaunay_path_planning -- -j20 -l20
[0.565s] Invoking command in '/home/ysl/autocar_track/build/delaunay_path_planning': CMAKE_PREFIX_PATH=${CMAKE_PREFIX_PATH}:/home/ysl/sensor/install/ntrip_client:/home/ysl/autocar_track/install/perception:/home/ysl/autocar_track/install/path_tracking:/opt/ros/humble /usr/bin/cmake --install /home/ysl/autocar_track/build/delaunay_path_planning
[0.570s] -- Install configuration: ""
[0.571s] -- Execute custom install script
[0.571s] -- Up-to-date symlink: /home/ysl/autocar_track/install/delaunay_path_planning/share/delaunay_path_planning/environment/pythonpath.sh
[0.571s] -- Up-to-date symlink: /home/ysl/autocar_track/install/delaunay_path_planning/share/delaunay_path_planning/environment/pythonpath.dsv
[0.571s] -- Up-to-date symlink: /home/ysl/autocar_track/install/delaunay_path_planning/local/lib/python3.10/dist-packages/delaunay_path_planning-0.0.0-py3.10.egg-info/PKG-INFO
[0.571s] -- Up-to-date symlink: /home/ysl/autocar_track/install/delaunay_path_planning/local/lib/python3.10/dist-packages/delaunay_path_planning-0.0.0-py3.10.egg-info/SOURCES.txt
[0.571s] -- Up-to-date symlink: /home/ysl/autocar_track/install/delaunay_path_planning/local/lib/python3.10/dist-packages/delaunay_path_planning-0.0.0-py3.10.egg-info/dependency_links.txt
[0.571s] -- Up-to-date symlink: /home/ysl/autocar_track/install/delaunay_path_planning/local/lib/python3.10/dist-packages/delaunay_path_planning-0.0.0-py3.10.egg-info/top_level.txt
[0.572s] -- Up-to-date symlink: /home/ysl/autocar_track/install/delaunay_path_planning/local/lib/python3.10/dist-packages/delaunay_path_planning/__init__.py
[0.572s] -- Up-to-date symlink: /home/ysl/autocar_track/install/delaunay_path_planning/lib/delaunay_path_planning/local_path_planning.py
[0.572s] -- Up-to-date symlink: /home/ysl/autocar_track/install/delaunay_path_planning/lib/delaunay_path_planning/delaunay_path_planning.py
[0.572s] -- Up-to-date symlink: /home/ysl/autocar_track/install/delaunay_path_planning/lib/delaunay_path_planning/bezier_example.py
[0.572s] -- Up-to-date symlink: /home/ysl/autocar_track/install/delaunay_path_planning/lib/delaunay_path_planning/rubber_cone.py
[0.572s] -- Up-to-date symlink: /home/ysl/autocar_track/install/delaunay_path_planning/share/ament_index/resource_index/package_run_dependencies/delaunay_path_planning
[0.572s] -- Up-to-date symlink: /home/ysl/autocar_track/install/delaunay_path_planning/share/ament_index/resource_index/parent_prefix_path/delaunay_path_planning
[0.572s] -- Up-to-date symlink: /home/ysl/autocar_track/install/delaunay_path_planning/share/delaunay_path_planning/environment/ament_prefix_path.sh
[0.572s] -- Up-to-date symlink: /home/ysl/autocar_track/install/delaunay_path_planning/share/delaunay_path_planning/environment/ament_prefix_path.dsv
[0.572s] -- Up-to-date symlink: /home/ysl/autocar_track/install/delaunay_path_planning/share/delaunay_path_planning/environment/path.sh
[0.572s] -- Up-to-date symlink: /home/ysl/autocar_track/install/delaunay_path_planning/share/delaunay_path_planning/environment/path.dsv
[0.573s] -- Up-to-date symlink: /home/ysl/autocar_track/install/delaunay_path_planning/share/delaunay_path_planning/local_setup.bash
[0.573s] -- Up-to-date symlink: /home/ysl/autocar_track/install/delaunay_path_planning/share/delaunay_path_planning/local_setup.sh
[0.573s] -- Up-to-date symlink: /home/ysl/autocar_track/install/delaunay_path_planning/share/delaunay_path_planning/local_setup.zsh
[0.573s] -- Up-to-date symlink: /home/ysl/autocar_track/install/delaunay_path_planning/share/delaunay_path_planning/local_setup.dsv
[0.573s] -- Symlinking: /home/ysl/autocar_track/install/delaunay_path_planning/share/delaunay_path_planning/package.dsv
[0.582s] -- Up-to-date symlink: /home/ysl/autocar_track/install/delaunay_path_planning/share/ament_index/resource_index/packages/delaunay_path_planning
[0.582s] -- Up-to-date symlink: /home/ysl/autocar_track/install/delaunay_path_planning/share/delaunay_path_planning/cmake/delaunay_path_planningConfig.cmake
[0.582s] -- Up-to-date symlink: /home/ysl/autocar_track/install/delaunay_path_planning/share/delaunay_path_planning/cmake/delaunay_path_planningConfig-version.cmake
[0.582s] -- Up-to-date symlink: /home/ysl/autocar_track/install/delaunay_path_planning/share/delaunay_path_planning/package.xml
[0.610s] Listing '/home/ysl/autocar_track/install/delaunay_path_planning/local/lib/python3.10/dist-packages/delaunay_path_planning'...
[0.631s] Invoked command in '/home/ysl/autocar_track/build/delaunay_path_planning' returned '0': CMAKE_PREFIX_PATH=${CMAKE_PREFIX_PATH}:/home/ysl/sensor/install/ntrip_client:/home/ysl/autocar_track/install/perception:/home/ysl/autocar_track/install/path_tracking:/opt/ros/humble /usr/bin/cmake --install /home/ysl/autocar_track/build/delaunay_path_planning
