[0.938s] Invoking command in '/home/ysl/autocar_track/build/perception': PYTHONPATH=/home/ysl/autocar_track/build/perception/prefix_override:/usr/lib/python3/dist-packages/colcon_core/task/python/colcon_distutils_commands:/home/ysl/autocar_track/install/perception/lib/python3.10/site-packages:${PYTHONPATH} /usr/bin/python3 -W ignore:setup.py install is deprecated -W ignore:easy_install command is deprecated setup.py develop --editable --build-directory /home/ysl/autocar_track/build/perception/build --no-deps symlink_data
[1.213s] running develop
[1.405s] running egg_info
[1.418s] creating perception.egg-info
[1.419s] writing perception.egg-info/PKG-INFO
[1.419s] writing dependency_links to perception.egg-info/dependency_links.txt
[1.419s] writing entry points to perception.egg-info/entry_points.txt
[1.420s] writing requirements to perception.egg-info/requires.txt
[1.420s] writing top-level names to perception.egg-info/top_level.txt
[1.421s] writing manifest file 'perception.egg-info/SOURCES.txt'
[1.481s] ERROR setuptools_scm._file_finders.git listing git files failed - pretending there aren't any
[1.581s] reading manifest file 'perception.egg-info/SOURCES.txt'
[1.583s] writing manifest file 'perception.egg-info/SOURCES.txt'
[1.628s] running build_ext
[1.628s] Creating /home/ysl/autocar_track/install/perception/lib/python3.10/site-packages/perception.egg-link (link to .)
[1.628s] Installing bbox_tracker script to /home/ysl/autocar_track/install/perception/lib/perception
[1.629s] Installing camera_pub script to /home/ysl/autocar_track/install/perception/lib/perception
[1.629s] Installing camera_sign script to /home/ysl/autocar_track/install/perception/lib/perception
[1.629s] Installing camera_traffic script to /home/ysl/autocar_track/install/perception/lib/perception
[1.629s] Installing combined_camera script to /home/ysl/autocar_track/install/perception/lib/perception
[1.629s] Installing lanenet script to /home/ysl/autocar_track/install/perception/lib/perception
[1.629s] Installing left_camera script to /home/ysl/autocar_track/install/perception/lib/perception
[1.629s] Installing object_tracker3D script to /home/ysl/autocar_track/install/perception/lib/perception
[1.629s] Installing obstacle script to /home/ysl/autocar_track/install/perception/lib/perception
[1.629s] Installing right_camera script to /home/ysl/autocar_track/install/perception/lib/perception
[1.629s] Installing rubber_visualizer script to /home/ysl/autocar_track/install/perception/lib/perception
[1.629s] Installing sensor_fusion_object script to /home/ysl/autocar_track/install/perception/lib/perception
[1.630s] Installing sensor_fusion_sign script to /home/ysl/autocar_track/install/perception/lib/perception
[1.630s] Installing sign script to /home/ysl/autocar_track/install/perception/lib/perception
[1.630s] Installing stopline_camera script to /home/ysl/autocar_track/install/perception/lib/perception
[1.630s] Installing stopline_detection script to /home/ysl/autocar_track/install/perception/lib/perception
[1.630s] Installing trafficlight script to /home/ysl/autocar_track/install/perception/lib/perception
[1.630s] 
[1.630s] Installed /home/ysl/autocar_track/build/perception
[1.630s] running symlink_data
[1.630s] creating /home/ysl/autocar_track/install/perception/share/ament_index/resource_index/packages
[1.630s] symbolically linking /home/ysl/autocar_track/build/perception/resource/perception -> /home/ysl/autocar_track/install/perception/share/ament_index/resource_index/packages
[1.630s] symbolically linking /home/ysl/autocar_track/build/perception/package.xml -> /home/ysl/autocar_track/install/perception/share/perception
[1.630s] creating /home/ysl/autocar_track/install/perception/share/perception/models
[1.630s] symbolically linking /home/ysl/autocar_track/build/perception/perception/lanenet/models/culane_18.pth -> /home/ysl/autocar_track/install/perception/share/perception/models
[1.631s] creating /home/ysl/autocar_track/install/perception/share/perception/yolov11/weights
[1.631s] symbolically linking /home/ysl/autocar_track/build/perception/perception/yolov11/weights/rubber_new.pt -> /home/ysl/autocar_track/install/perception/share/perception/yolov11/weights
[1.631s] symbolically linking /home/ysl/autocar_track/build/perception/perception/yolov11/weights/best_신호등.pt -> /home/ysl/autocar_track/install/perception/share/perception/yolov11/weights
[1.631s] symbolically linking /home/ysl/autocar_track/build/perception/perception/yolov11/weights/delivery_t.pt -> /home/ysl/autocar_track/install/perception/share/perception/yolov11/weights
[1.631s] symbolically linking /home/ysl/autocar_track/build/perception/perception/yolov11/weights/best_라바콘.pt -> /home/ysl/autocar_track/install/perception/share/perception/yolov11/weights
[1.631s] symbolically linking /home/ysl/autocar_track/build/perception/perception/yolov11/weights/tf_best.pt -> /home/ysl/autocar_track/install/perception/share/perception/yolov11/weights
[1.631s] symbolically linking /home/ysl/autocar_track/build/perception/perception/yolov11/weights/best_표지판.pt -> /home/ysl/autocar_track/install/perception/share/perception/yolov11/weights
[1.631s] creating /home/ysl/autocar_track/install/perception/share/perception/launch
[1.631s] symbolically linking /home/ysl/autocar_track/build/perception/launch/sign.launch.py -> /home/ysl/autocar_track/install/perception/share/perception/launch
[1.631s] symbolically linking /home/ysl/autocar_track/build/perception/launch/lanenet.launch.py -> /home/ysl/autocar_track/install/perception/share/perception/launch
[1.631s] symbolically linking /home/ysl/autocar_track/build/perception/launch/obstacle.launch.py -> /home/ysl/autocar_track/install/perception/share/perception/launch
[1.631s] symbolically linking /home/ysl/autocar_track/build/perception/launch/stopline.launch.py -> /home/ysl/autocar_track/install/perception/share/perception/launch
[1.631s] symbolically linking /home/ysl/autocar_track/build/perception/launch/traffic_light.launch.py -> /home/ysl/autocar_track/install/perception/share/perception/launch
[1.665s] Invoked command in '/home/ysl/autocar_track/build/perception' returned '0': PYTHONPATH=/home/ysl/autocar_track/build/perception/prefix_override:/usr/lib/python3/dist-packages/colcon_core/task/python/colcon_distutils_commands:/home/ysl/autocar_track/install/perception/lib/python3.10/site-packages:${PYTHONPATH} /usr/bin/python3 -W ignore:setup.py install is deprecated -W ignore:easy_install command is deprecated setup.py develop --editable --build-directory /home/ysl/autocar_track/build/perception/build --no-deps symlink_data
