[0.026s] Invoking command in '/home/ysl/autocar_track/build/erp_control': CMAKE_PREFIX_PATH=${CMAKE_PREFIX_PATH}:/home/ysl/sensor/install/ntrip_client:/home/ysl/autocar_track/install/perception:/home/ysl/autocar_track/install/path_tracking:/opt/ros/humble /usr/bin/cmake --build /home/ysl/autocar_track/build/erp_control -- -j20 -l20
[0.221s] Built target ament_cmake_python_symlink_erp_control
[0.259s] running egg_info
[0.273s] writing erp_control.egg-info/PKG-INFO
[0.273s] writing dependency_links to erp_control.egg-info/dependency_links.txt
[0.273s] writing top-level names to erp_control.egg-info/top_level.txt
[0.517s] reading manifest file 'erp_control.egg-info/SOURCES.txt'
[0.518s] writing manifest file 'erp_control.egg-info/SOURCES.txt'
[0.546s] Built target ament_cmake_python_build_erp_control_egg
[0.554s] Invoked command in '/home/ysl/autocar_track/build/erp_control' returned '0': CMAKE_PREFIX_PATH=${CMAKE_PREFIX_PATH}:/home/ysl/sensor/install/ntrip_client:/home/ysl/autocar_track/install/perception:/home/ysl/autocar_track/install/path_tracking:/opt/ros/humble /usr/bin/cmake --build /home/ysl/autocar_track/build/erp_control -- -j20 -l20
[0.555s] Invoking command in '/home/ysl/autocar_track/build/erp_control': CMAKE_PREFIX_PATH=${CMAKE_PREFIX_PATH}:/home/ysl/sensor/install/ntrip_client:/home/ysl/autocar_track/install/perception:/home/ysl/autocar_track/install/path_tracking:/opt/ros/humble /usr/bin/cmake --install /home/ysl/autocar_track/build/erp_control
[0.564s] -- Install configuration: ""
[0.565s] -- Execute custom install script
[0.565s] -- Up-to-date symlink: /home/ysl/autocar_track/install/erp_control/share/erp_control/environment/pythonpath.sh
[0.565s] -- Up-to-date symlink: /home/ysl/autocar_track/install/erp_control/share/erp_control/environment/pythonpath.dsv
[0.565s] -- Up-to-date symlink: /home/ysl/autocar_track/install/erp_control/local/lib/python3.10/dist-packages/erp_control-0.0.0-py3.10.egg-info/PKG-INFO
[0.565s] -- Up-to-date symlink: /home/ysl/autocar_track/install/erp_control/local/lib/python3.10/dist-packages/erp_control-0.0.0-py3.10.egg-info/SOURCES.txt
[0.565s] -- Up-to-date symlink: /home/ysl/autocar_track/install/erp_control/local/lib/python3.10/dist-packages/erp_control-0.0.0-py3.10.egg-info/dependency_links.txt
[0.565s] -- Up-to-date symlink: /home/ysl/autocar_track/install/erp_control/local/lib/python3.10/dist-packages/erp_control-0.0.0-py3.10.egg-info/top_level.txt
[0.566s] -- Up-to-date symlink: /home/ysl/autocar_track/install/erp_control/local/lib/python3.10/dist-packages/erp_control/__init__.py
[0.566s] -- Up-to-date symlink: /home/ysl/autocar_track/install/erp_control/lib/erp_control/erp42_ros.py
[0.566s] -- Up-to-date symlink: /home/ysl/autocar_track/install/erp_control/lib/erp_control/final_speed_pub.py
[0.566s] -- Up-to-date symlink: /home/ysl/autocar_track/install/erp_control/share/ament_index/resource_index/package_run_dependencies/erp_control
[0.566s] -- Up-to-date symlink: /home/ysl/autocar_track/install/erp_control/share/ament_index/resource_index/parent_prefix_path/erp_control
[0.566s] -- Up-to-date symlink: /home/ysl/autocar_track/install/erp_control/share/erp_control/environment/ament_prefix_path.sh
[0.567s] -- Up-to-date symlink: /home/ysl/autocar_track/install/erp_control/share/erp_control/environment/ament_prefix_path.dsv
[0.567s] -- Up-to-date symlink: /home/ysl/autocar_track/install/erp_control/share/erp_control/environment/path.sh
[0.567s] -- Up-to-date symlink: /home/ysl/autocar_track/install/erp_control/share/erp_control/environment/path.dsv
[0.567s] -- Up-to-date symlink: /home/ysl/autocar_track/install/erp_control/share/erp_control/local_setup.bash
[0.567s] -- Up-to-date symlink: /home/ysl/autocar_track/install/erp_control/share/erp_control/local_setup.sh
[0.567s] -- Up-to-date symlink: /home/ysl/autocar_track/install/erp_control/share/erp_control/local_setup.zsh
[0.568s] -- Up-to-date symlink: /home/ysl/autocar_track/install/erp_control/share/erp_control/local_setup.dsv
[0.568s] -- Symlinking: /home/ysl/autocar_track/install/erp_control/share/erp_control/package.dsv
[0.577s] -- Up-to-date symlink: /home/ysl/autocar_track/install/erp_control/share/ament_index/resource_index/packages/erp_control
[0.577s] -- Up-to-date symlink: /home/ysl/autocar_track/install/erp_control/share/erp_control/cmake/erp_controlConfig.cmake
[0.577s] -- Up-to-date symlink: /home/ysl/autocar_track/install/erp_control/share/erp_control/cmake/erp_controlConfig-version.cmake
[0.577s] -- Up-to-date symlink: /home/ysl/autocar_track/install/erp_control/share/erp_control/package.xml
[0.606s] Listing '/home/ysl/autocar_track/install/erp_control/local/lib/python3.10/dist-packages/erp_control'...
[0.613s] Invoked command in '/home/ysl/autocar_track/build/erp_control' returned '0': CMAKE_PREFIX_PATH=${CMAKE_PREFIX_PATH}:/home/ysl/sensor/install/ntrip_client:/home/ysl/autocar_track/install/perception:/home/ysl/autocar_track/install/path_tracking:/opt/ros/humble /usr/bin/cmake --install /home/ysl/autocar_track/build/erp_control
