[0.812s] Invoking command in '/home/ysl/autocar_track/build/perception': PYTHONPATH=/home/ysl/autocar_track/build/perception/prefix_override:/usr/lib/python3/dist-packages/colcon_core/task/python/colcon_distutils_commands:/home/ysl/autocar_track/install/perception/lib/python3.10/site-packages:${PYTHONPATH} /usr/bin/python3 -W ignore:setup.py install is deprecated -W ignore:easy_install command is deprecated setup.py develop --editable --build-directory /home/ysl/autocar_track/build/perception/build --no-deps symlink_data
[1.021s] running develop
[1.167s] running egg_info
[1.177s] writing perception.egg-info/PKG-INFO
[1.177s] writing dependency_links to perception.egg-info/dependency_links.txt
[1.178s] writing entry points to perception.egg-info/entry_points.txt
[1.178s] writing requirements to perception.egg-info/requires.txt
[1.178s] writing top-level names to perception.egg-info/top_level.txt
[1.302s] reading manifest file 'perception.egg-info/SOURCES.txt'
[1.304s] writing manifest file 'perception.egg-info/SOURCES.txt'
[1.339s] running build_ext
[1.339s] Creating /home/ysl/autocar_track/install/perception/lib/python3.10/site-packages/perception.egg-link (link to .)
[1.340s] Installing bbox_tracker script to /home/ysl/autocar_track/install/perception/lib/perception
[1.340s] Installing camera_pub script to /home/ysl/autocar_track/install/perception/lib/perception
[1.340s] Installing camera_sign script to /home/ysl/autocar_track/install/perception/lib/perception
[1.340s] Installing camera_traffic script to /home/ysl/autocar_track/install/perception/lib/perception
[1.340s] Installing combined_camera script to /home/ysl/autocar_track/install/perception/lib/perception
[1.340s] Installing lanenet script to /home/ysl/autocar_track/install/perception/lib/perception
[1.340s] Installing left_camera script to /home/ysl/autocar_track/install/perception/lib/perception
[1.341s] Installing object_tracker3D script to /home/ysl/autocar_track/install/perception/lib/perception
[1.341s] Installing obstacle script to /home/ysl/autocar_track/install/perception/lib/perception
[1.341s] Installing right_camera script to /home/ysl/autocar_track/install/perception/lib/perception
[1.341s] Installing rubber_visualizer script to /home/ysl/autocar_track/install/perception/lib/perception
[1.341s] Installing sensor_fusion_object script to /home/ysl/autocar_track/install/perception/lib/perception
[1.341s] Installing sensor_fusion_sign script to /home/ysl/autocar_track/install/perception/lib/perception
[1.341s] Installing sign script to /home/ysl/autocar_track/install/perception/lib/perception
[1.341s] Installing stopline_camera script to /home/ysl/autocar_track/install/perception/lib/perception
[1.341s] Installing stopline_detection script to /home/ysl/autocar_track/install/perception/lib/perception
[1.341s] Installing trafficlight script to /home/ysl/autocar_track/install/perception/lib/perception
[1.341s] 
[1.341s] Installed /home/ysl/autocar_track/build/perception
[1.341s] running symlink_data
[1.369s] Invoked command in '/home/ysl/autocar_track/build/perception' returned '0': PYTHONPATH=/home/ysl/autocar_track/build/perception/prefix_override:/usr/lib/python3/dist-packages/colcon_core/task/python/colcon_distutils_commands:/home/ysl/autocar_track/install/perception/lib/python3.10/site-packages:${PYTHONPATH} /usr/bin/python3 -W ignore:setup.py install is deprecated -W ignore:easy_install command is deprecated setup.py develop --editable --build-directory /home/ysl/autocar_track/build/perception/build --no-deps symlink_data
