[0.025s] Invoking command in '/home/ysl/autocar_track/build/patchworkpp': CMAKE_PREFIX_PATH=${CMAKE_PREFIX_PATH}:/home/ysl/sensor/install/ntrip_client:/home/ysl/autocar_track/install/perception:/opt/ros/humble /usr/bin/cmake /home/ysl/autocar_track/src/perception/patchwork-plusplus-ros -DAMENT_CMAKE_SYMLINK_INSTALL=1 -DCMAKE_INSTALL_PREFIX=/home/ysl/autocar_track/install/patchworkpp
[0.212s] -- The C compiler identification is GNU 11.4.0
[0.212s] -- The CXX compiler identification is GNU 11.4.0
[0.212s] -- Detecting C compiler ABI info
[0.212s] -- Detecting C compiler ABI info - done
[0.212s] -- Check for working C compiler: /usr/bin/cc - skipped
[0.212s] -- Detecting C compile features
[0.212s] -- Detecting C compile features - done
[0.212s] -- Detecting CXX compiler ABI info
[0.255s] -- Detecting CXX compiler ABI info - done
[0.261s] -- Check for working CXX compiler: /usr/bin/c++ - skipped
[0.261s] -- Detecting CXX compile features
[0.261s] -- Detecting CXX compile features - done
[0.264s] -- Found ament_cmake: 1.3.11 (/opt/ros/humble/share/ament_cmake/cmake)
[0.598s] -- Found Python3: /usr/bin/python3 (found version "3.10.12") found components: Interpreter 
[0.650s] -- Override CMake install command with custom implementation using symlinks instead of copying resources
[0.685s] -- Found rclcpp: 16.0.12 (/opt/ros/humble/share/rclcpp/cmake)
[0.725s] -- Found rosidl_generator_c: 3.1.6 (/opt/ros/humble/share/rosidl_generator_c/cmake)
[0.730s] -- Found rosidl_adapter: 3.1.6 (/opt/ros/humble/share/rosidl_adapter/cmake)
[0.738s] -- Found rosidl_generator_cpp: 3.1.6 (/opt/ros/humble/share/rosidl_generator_cpp/cmake)
[0.748s] -- Using all available rosidl_typesupport_c: rosidl_typesupport_fastrtps_c;rosidl_typesupport_introspection_c
[0.763s] -- Using all available rosidl_typesupport_cpp: rosidl_typesupport_fastrtps_cpp;rosidl_typesupport_introspection_cpp
[0.812s] -- Found rmw_implementation_cmake: 6.1.2 (/opt/ros/humble/share/rmw_implementation_cmake/cmake)
[0.815s] -- Found rmw_fastrtps_cpp: 6.2.7 (/opt/ros/humble/share/rmw_fastrtps_cpp/cmake)
[0.898s] -- Found OpenSSL: /usr/lib/x86_64-linux-gnu/libcrypto.so (found version "3.0.2")  
[0.927s] -- Found FastRTPS: /opt/ros/humble/include  
[0.978s] -- Using RMW implementation 'rmw_fastrtps_cpp' as default
[0.992s] -- Looking for pthread.h
[1.062s] -- Looking for pthread.h - found
[1.062s] -- Performing Test CMAKE_HAVE_LIBC_PTHREAD
[1.132s] -- Performing Test CMAKE_HAVE_LIBC_PTHREAD - Success
[1.134s] -- Found Threads: TRUE  
[1.206s] -- Found pcl_ros: 2.4.5 (/opt/ros/humble/share/pcl_ros/cmake)
[1.303s] -- Checking for module 'eigen3'
[1.318s] --   Found eigen3, version 3.4.0
[1.352s] -- Found Eigen: /usr/include/eigen3 (Required is at least version "3.1") 
[1.352s] -- Eigen found (include: /usr/include/eigen3, version: 3.4.0)
[1.397s] -- Checking for module 'flann'
[1.413s] --   Found flann, version 1.9.1
[1.455s] -- Found FLANN: /usr/lib/x86_64-linux-gnu/libflann_cpp.so  
[1.455s] -- FLANN found (include: /usr/include, lib: /usr/lib/x86_64-linux-gnu/libflann_cpp.so)
[2.198s] -- Checking for module 'libusb-1.0'
[2.210s] --   Found libusb-1.0, version 1.0.25
[2.239s] -- Found libusb: /usr/lib/x86_64-linux-gnu/libusb-1.0.so  
[2.240s] -- OpenNI found (version: 1.5.4.0, include: /usr/include/ni, lib: /usr/lib/libOpenNI.so;libusb::libusb)
[2.285s] -- OpenNI2 found (version: 2.2.0.33, include: /usr/include/openni2, lib: /usr/lib/x86_64-linux-gnu/libOpenNI2.so;libusb::libusb)
[2.387s] -- Eigen found (include: /usr/include/eigen3, version: 3.4.0)
[2.396s] -- OpenNI found (version: 1.5.4.0, include: /usr/include/ni, lib: /usr/lib/libOpenNI.so;libusb::libusb)
[2.400s] -- OpenNI2 found (version: 2.2.0.33, include: /usr/include/openni2, lib: /usr/lib/x86_64-linux-gnu/libOpenNI2.so;libusb::libusb)
[2.529s] -- Found Qhull version 8.0.2
[2.635s] -- OpenNI found (version: 1.5.4.0, include: /usr/include/ni, lib: /usr/lib/libOpenNI.so;libusb::libusb)
[2.728s] -- Found PCL_COMMON: /usr/lib/x86_64-linux-gnu/libpcl_common.so  
[2.728s] -- Found PCL_KDTREE: /usr/lib/x86_64-linux-gnu/libpcl_kdtree.so  
[2.729s] -- Found PCL_OCTREE: /usr/lib/x86_64-linux-gnu/libpcl_octree.so  
[2.730s] -- Found PCL_SEARCH: /usr/lib/x86_64-linux-gnu/libpcl_search.so  
[2.730s] -- Found PCL_SAMPLE_CONSENSUS: /usr/lib/x86_64-linux-gnu/libpcl_sample_consensus.so  
[2.731s] -- Found PCL_FILTERS: /usr/lib/x86_64-linux-gnu/libpcl_filters.so  
[2.731s] -- Found PCL_2D: /usr/include/pcl-1.12  
[2.731s] -- Found PCL_GEOMETRY: /usr/include/pcl-1.12  
[2.732s] -- Found PCL_IO: /usr/lib/x86_64-linux-gnu/libpcl_io.so  
[2.732s] -- Found PCL_FEATURES: /usr/lib/x86_64-linux-gnu/libpcl_features.so  
[2.733s] -- Found PCL_ML: /usr/lib/x86_64-linux-gnu/libpcl_ml.so  
[2.733s] -- Found PCL_SEGMENTATION: /usr/lib/x86_64-linux-gnu/libpcl_segmentation.so  
[2.734s] -- Found PCL_VISUALIZATION: /usr/lib/x86_64-linux-gnu/libpcl_visualization.so  
[2.735s] -- Found PCL_SURFACE: /usr/lib/x86_64-linux-gnu/libpcl_surface.so  
[2.735s] -- Found PCL_REGISTRATION: /usr/lib/x86_64-linux-gnu/libpcl_registration.so  
[2.736s] -- Found PCL_KEYPOINTS: /usr/lib/x86_64-linux-gnu/libpcl_keypoints.so  
[2.736s] -- Found PCL_TRACKING: /usr/lib/x86_64-linux-gnu/libpcl_tracking.so  
[2.737s] -- Found PCL_RECOGNITION: /usr/lib/x86_64-linux-gnu/libpcl_recognition.so  
[2.737s] -- Found PCL_STEREO: /usr/lib/x86_64-linux-gnu/libpcl_stereo.so  
[2.738s] -- Found PCL_APPS: /usr/lib/x86_64-linux-gnu/libpcl_apps.so  
[2.738s] -- Found PCL_IN_HAND_SCANNER: /usr/include/pcl-1.12  
[2.739s] -- Found PCL_MODELER: /usr/include/pcl-1.12  
[2.739s] -- Found PCL_POINT_CLOUD_EDITOR: /usr/include/pcl-1.12  
[2.740s] -- Found PCL_OUTOFCORE: /usr/lib/x86_64-linux-gnu/libpcl_outofcore.so  
[2.740s] -- Found PCL_PEOPLE: /usr/lib/x86_64-linux-gnu/libpcl_people.so  
[2.784s] -- Found eigen3_cmake_module: 0.1.1 (/opt/ros/humble/share/eigen3_cmake_module/cmake)
[2.785s] -- Found Eigen3: TRUE (found version "3.4.0") 
[2.785s] -- Ensuring Eigen3 include directory is part of orocos-kdl CMake target
[2.856s] -- Found Boost: /usr/lib/x86_64-linux-gnu/cmake/Boost-1.74.0/BoostConfig.cmake (found suitable version "1.74.0", minimum required is "1.54")  
[2.976s] -- Configuring done
[3.169s] -- Generating done
[3.191s] -- Build files have been written to: /home/ysl/autocar_track/build/patchworkpp
[3.204s] Invoked command in '/home/ysl/autocar_track/build/patchworkpp' returned '0': CMAKE_PREFIX_PATH=${CMAKE_PREFIX_PATH}:/home/ysl/sensor/install/ntrip_client:/home/ysl/autocar_track/install/perception:/opt/ros/humble /usr/bin/cmake /home/ysl/autocar_track/src/perception/patchwork-plusplus-ros -DAMENT_CMAKE_SYMLINK_INSTALL=1 -DCMAKE_INSTALL_PREFIX=/home/ysl/autocar_track/install/patchworkpp
[3.206s] Invoking command in '/home/ysl/autocar_track/build/patchworkpp': CMAKE_PREFIX_PATH=${CMAKE_PREFIX_PATH}:/home/ysl/sensor/install/ntrip_client:/home/ysl/autocar_track/install/perception:/opt/ros/humble /usr/bin/cmake --build /home/ysl/autocar_track/build/patchworkpp -- -j20 -l20
[3.247s] [ 16%] [32mBuilding CXX object CMakeFiles/patchworkpp_comp_node.dir/rclcpp_components/node_main_patchworkpp_comp_node.cpp.o[0m
[3.274s] [ 33%] [32mBuilding CXX object CMakeFiles/demo.dir/src/demo.cpp.o[0m
[3.274s] [ 50%] [32mBuilding CXX object CMakeFiles/patchworkpp.dir/src/patchworkpp.cpp.o[0m
[5.702s] [ 66%] [32m[1mLinking CXX executable patchworkpp_comp_node[0m
[5.786s] [ 66%] Built target patchworkpp_comp_node
[22.140s] [ 83%] [32m[1mLinking CXX shared library libpatchworkpp.so[0m
[22.203s] [100%] [32m[1mLinking CXX executable demo[0m
[23.331s] [100%] Built target patchworkpp
[23.502s] [100%] Built target demo
[23.511s] Invoked command in '/home/ysl/autocar_track/build/patchworkpp' returned '0': CMAKE_PREFIX_PATH=${CMAKE_PREFIX_PATH}:/home/ysl/sensor/install/ntrip_client:/home/ysl/autocar_track/install/perception:/opt/ros/humble /usr/bin/cmake --build /home/ysl/autocar_track/build/patchworkpp -- -j20 -l20
[23.513s] Invoking command in '/home/ysl/autocar_track/build/patchworkpp': CMAKE_PREFIX_PATH=${CMAKE_PREFIX_PATH}:/home/ysl/sensor/install/ntrip_client:/home/ysl/autocar_track/install/perception:/opt/ros/humble /usr/bin/cmake --install /home/ysl/autocar_track/build/patchworkpp
[23.517s] -- Install configuration: "Release"
[23.517s] -- Execute custom install script
[23.517s] -- Symlinking: /home/ysl/autocar_track/install/patchworkpp/lib/patchworkpp/patchworkpp_comp_node
[23.525s] -- Symlinking: /home/ysl/autocar_track/install/patchworkpp/lib/libpatchworkpp.so
[23.533s] -- Symlinking: /home/ysl/autocar_track/install/patchworkpp/lib/patchworkpp/demo
[23.538s] -- Symlinking: /home/ysl/autocar_track/install/patchworkpp/include/patchworkpp/patchworkpp.hpp
[23.544s] -- Symlinking: /home/ysl/autocar_track/install/patchworkpp/include/patchworkpp/utils.hpp
[23.551s] -- Symlinking: /home/ysl/autocar_track/install/patchworkpp/share/patchworkpp/launch/composable.launch.py
[23.557s] -- Symlinking: /home/ysl/autocar_track/install/patchworkpp/share/patchworkpp/launch/demo.launch.py
[23.562s] -- Symlinking: /home/ysl/autocar_track/install/patchworkpp/share/patchworkpp/launch/rviz1.launch.py
[23.569s] -- Symlinking: /home/ysl/autocar_track/install/patchworkpp/share/patchworkpp/config/params_ros2.yaml
[23.576s] -- Symlinking: /home/ysl/autocar_track/install/patchworkpp/share/patchworkpp/rviz/demo.rviz
[23.582s] -- Symlinking: /home/ysl/autocar_track/install/patchworkpp/share/patchworkpp/rviz/patchworkpp_viz.rviz
[23.588s] -- Symlinking: /home/ysl/autocar_track/install/patchworkpp/share/patchworkpp/rviz/rviz1.rviz
[23.595s] -- Symlinking: /home/ysl/autocar_track/install/patchworkpp/share/ament_index/resource_index/package_run_dependencies/patchworkpp
[23.602s] -- Symlinking: /home/ysl/autocar_track/install/patchworkpp/share/ament_index/resource_index/parent_prefix_path/patchworkpp
[23.607s] -- Symlinking: /home/ysl/autocar_track/install/patchworkpp/share/patchworkpp/environment/ament_prefix_path.sh
[23.613s] -- Symlinking: /home/ysl/autocar_track/install/patchworkpp/share/patchworkpp/environment/ament_prefix_path.dsv
[23.617s] -- Symlinking: /home/ysl/autocar_track/install/patchworkpp/share/patchworkpp/environment/path.sh
[23.624s] -- Symlinking: /home/ysl/autocar_track/install/patchworkpp/share/patchworkpp/environment/path.dsv
[23.631s] -- Symlinking: /home/ysl/autocar_track/install/patchworkpp/share/patchworkpp/local_setup.bash
[23.637s] -- Symlinking: /home/ysl/autocar_track/install/patchworkpp/share/patchworkpp/local_setup.sh
[23.642s] -- Symlinking: /home/ysl/autocar_track/install/patchworkpp/share/patchworkpp/local_setup.zsh
[23.647s] -- Symlinking: /home/ysl/autocar_track/install/patchworkpp/share/patchworkpp/local_setup.dsv
[23.653s] -- Symlinking: /home/ysl/autocar_track/install/patchworkpp/share/patchworkpp/package.dsv
[23.658s] -- Symlinking: /home/ysl/autocar_track/install/patchworkpp/share/ament_index/resource_index/packages/patchworkpp
[23.665s] -- Symlinking: /home/ysl/autocar_track/install/patchworkpp/share/ament_index/resource_index/rclcpp_components/patchworkpp
[23.671s] -- Symlinking: /home/ysl/autocar_track/install/patchworkpp/share/patchworkpp/cmake/ament_cmake_export_dependencies-extras.cmake
[23.677s] -- Symlinking: /home/ysl/autocar_track/install/patchworkpp/share/patchworkpp/cmake/ament_cmake_export_include_directories-extras.cmake
[23.682s] -- Symlinking: /home/ysl/autocar_track/install/patchworkpp/share/patchworkpp/cmake/patchworkppConfig.cmake
[23.688s] -- Symlinking: /home/ysl/autocar_track/install/patchworkpp/share/patchworkpp/cmake/patchworkppConfig-version.cmake
[23.695s] -- Symlinking: /home/ysl/autocar_track/install/patchworkpp/share/patchworkpp/package.xml
[23.701s] Invoked command in '/home/ysl/autocar_track/build/patchworkpp' returned '0': CMAKE_PREFIX_PATH=${CMAKE_PREFIX_PATH}:/home/ysl/sensor/install/ntrip_client:/home/ysl/autocar_track/install/perception:/opt/ros/humble /usr/bin/cmake --install /home/ysl/autocar_track/build/patchworkpp
