[0.028s] Invoking command in '/home/ysl/autocar_track/build/autocar_utils': CMAKE_PREFIX_PATH=${CMAKE_PREFIX_PATH}:/home/ysl/sensor/install/ntrip_client:/home/ysl/autocar_track/install/perception:/opt/ros/humble /usr/bin/cmake /home/ysl/autocar_track/src/utils -DAMENT_CMAKE_SYMLINK_INSTALL=1 -DCMAKE_INSTALL_PREFIX=/home/ysl/autocar_track/install/autocar_utils
[0.218s] -- The C compiler identification is GNU 11.4.0
[0.218s] -- The CXX compiler identification is GNU 11.4.0
[0.218s] -- Detecting C compiler ABI info
[0.218s] -- Detecting C compiler ABI info - done
[0.219s] -- Check for working C compiler: /usr/bin/cc - skipped
[0.219s] -- Detecting C compile features
[0.219s] -- Detecting C compile features - done
[0.220s] -- Detecting CXX compiler ABI info
[0.264s] -- Detecting CXX compiler ABI info - done
[0.271s] -- Check for working CXX compiler: /usr/bin/c++ - skipped
[0.272s] -- Detecting CXX compile features
[0.272s] -- Detecting CXX compile features - done
[0.276s] -- Found ament_cmake: 1.3.11 (/opt/ros/humble/share/ament_cmake/cmake)
[0.593s] -- Found Python3: /usr/bin/python3 (found version "3.10.12") found components: Interpreter 
[0.645s] -- Override CMake install command with custom implementation using symlinks instead of copying resources
[0.680s] -- Found rclpy: 3.3.16 (/opt/ros/humble/share/rclpy/cmake)
[0.684s] -- Found ament_lint_auto: 0.12.12 (/opt/ros/humble/share/ament_lint_auto/cmake)
[0.785s] -- Added test 'copyright' to check source files copyright and LICENSE
[0.786s] -- Added test 'flake8' to check Python code syntax and style conventions
[0.787s] -- Added test 'lint_cmake' to check CMake code style
[0.787s] -- Added test 'pep257' to check Python code against some of the docstring style conventions in PEP 257
[0.788s] -- Added test 'xmllint' to check XML markup files
[0.789s] -- Configuring done
[0.791s] -- Generating done
[0.792s] -- Build files have been written to: /home/ysl/autocar_track/build/autocar_utils
[0.796s] Invoked command in '/home/ysl/autocar_track/build/autocar_utils' returned '0': CMAKE_PREFIX_PATH=${CMAKE_PREFIX_PATH}:/home/ysl/sensor/install/ntrip_client:/home/ysl/autocar_track/install/perception:/opt/ros/humble /usr/bin/cmake /home/ysl/autocar_track/src/utils -DAMENT_CMAKE_SYMLINK_INSTALL=1 -DCMAKE_INSTALL_PREFIX=/home/ysl/autocar_track/install/autocar_utils
[0.798s] Invoking command in '/home/ysl/autocar_track/build/autocar_utils': CMAKE_PREFIX_PATH=${CMAKE_PREFIX_PATH}:/home/ysl/sensor/install/ntrip_client:/home/ysl/autocar_track/install/perception:/opt/ros/humble /usr/bin/cmake --build /home/ysl/autocar_track/build/autocar_utils -- -j20 -l20
[0.855s] Built target ament_cmake_python_symlink_autocar_utils
[1.055s] running egg_info
[1.069s] creating autocar_utils.egg-info
[1.070s] writing autocar_utils.egg-info/PKG-INFO
[1.070s] writing dependency_links to autocar_utils.egg-info/dependency_links.txt
[1.070s] writing top-level names to autocar_utils.egg-info/top_level.txt
[1.148s] writing manifest file 'autocar_utils.egg-info/SOURCES.txt'
[1.218s] ERROR setuptools_scm._file_finders.git listing git files failed - pretending there aren't any
[1.306s] reading manifest file 'autocar_utils.egg-info/SOURCES.txt'
[1.307s] writing manifest file 'autocar_utils.egg-info/SOURCES.txt'
[1.335s] Built target ament_cmake_python_build_autocar_utils_egg
[1.346s] Invoked command in '/home/ysl/autocar_track/build/autocar_utils' returned '0': CMAKE_PREFIX_PATH=${CMAKE_PREFIX_PATH}:/home/ysl/sensor/install/ntrip_client:/home/ysl/autocar_track/install/perception:/opt/ros/humble /usr/bin/cmake --build /home/ysl/autocar_track/build/autocar_utils -- -j20 -l20
[1.355s] Invoking command in '/home/ysl/autocar_track/build/autocar_utils': CMAKE_PREFIX_PATH=${CMAKE_PREFIX_PATH}:/home/ysl/sensor/install/ntrip_client:/home/ysl/autocar_track/install/perception:/opt/ros/humble /usr/bin/cmake --install /home/ysl/autocar_track/build/autocar_utils
[1.361s] -- Install configuration: ""
[1.361s] -- Execute custom install script
[1.361s] -- Symlinking: /home/ysl/autocar_track/install/autocar_utils/share/autocar_utils/environment/pythonpath.sh
[1.370s] -- Symlinking: /home/ysl/autocar_track/install/autocar_utils/share/autocar_utils/environment/pythonpath.dsv
[1.380s] -- Symlinking: /home/ysl/autocar_track/install/autocar_utils/local/lib/python3.10/dist-packages/autocar_utils-0.0.0-py3.10.egg-info/PKG-INFO
[1.387s] -- Symlinking: /home/ysl/autocar_track/install/autocar_utils/local/lib/python3.10/dist-packages/autocar_utils-0.0.0-py3.10.egg-info/SOURCES.txt
[1.396s] -- Symlinking: /home/ysl/autocar_track/install/autocar_utils/local/lib/python3.10/dist-packages/autocar_utils-0.0.0-py3.10.egg-info/dependency_links.txt
[1.405s] -- Symlinking: /home/ysl/autocar_track/install/autocar_utils/local/lib/python3.10/dist-packages/autocar_utils-0.0.0-py3.10.egg-info/top_level.txt
[1.412s] -- Symlinking: /home/ysl/autocar_track/install/autocar_utils/local/lib/python3.10/dist-packages/autocar_utils/__init__.py
[1.422s] -- Symlinking: /home/ysl/autocar_track/install/autocar_utils/local/lib/python3.10/dist-packages/autocar_utils/autocar_util.py
[1.429s] -- Symlinking: /home/ysl/autocar_track/install/autocar_utils/local/lib/python3.10/dist-packages/autocar_utils/time_plot.py
[1.438s] -- Symlinking: /home/ysl/autocar_track/install/autocar_utils/lib/autocar_utils/time_plot.py
[1.449s] -- Symlinking: /home/ysl/autocar_track/install/autocar_utils/lib/autocar_utils/autocar_util.py
[1.458s] -- Symlinking: /home/ysl/autocar_track/install/autocar_utils/share/ament_index/resource_index/package_run_dependencies/autocar_utils
[1.467s] -- Symlinking: /home/ysl/autocar_track/install/autocar_utils/share/ament_index/resource_index/parent_prefix_path/autocar_utils
[1.474s] -- Symlinking: /home/ysl/autocar_track/install/autocar_utils/share/autocar_utils/environment/ament_prefix_path.sh
[1.482s] -- Symlinking: /home/ysl/autocar_track/install/autocar_utils/share/autocar_utils/environment/ament_prefix_path.dsv
[1.490s] -- Symlinking: /home/ysl/autocar_track/install/autocar_utils/share/autocar_utils/environment/path.sh
[1.496s] -- Symlinking: /home/ysl/autocar_track/install/autocar_utils/share/autocar_utils/environment/path.dsv
[1.502s] -- Symlinking: /home/ysl/autocar_track/install/autocar_utils/share/autocar_utils/local_setup.bash
[1.510s] -- Symlinking: /home/ysl/autocar_track/install/autocar_utils/share/autocar_utils/local_setup.sh
[1.517s] -- Symlinking: /home/ysl/autocar_track/install/autocar_utils/share/autocar_utils/local_setup.zsh
[1.522s] -- Symlinking: /home/ysl/autocar_track/install/autocar_utils/share/autocar_utils/local_setup.dsv
[1.532s] -- Symlinking: /home/ysl/autocar_track/install/autocar_utils/share/autocar_utils/package.dsv
[1.539s] -- Symlinking: /home/ysl/autocar_track/install/autocar_utils/share/ament_index/resource_index/packages/autocar_utils
[1.546s] -- Symlinking: /home/ysl/autocar_track/install/autocar_utils/share/autocar_utils/cmake/autocar_utilsConfig.cmake
[1.553s] -- Symlinking: /home/ysl/autocar_track/install/autocar_utils/share/autocar_utils/cmake/autocar_utilsConfig-version.cmake
[1.561s] -- Symlinking: /home/ysl/autocar_track/install/autocar_utils/share/autocar_utils/package.xml
[1.600s] Listing '/home/ysl/autocar_track/install/autocar_utils/local/lib/python3.10/dist-packages/autocar_utils'...
[1.601s] Compiling '/home/ysl/autocar_track/install/autocar_utils/local/lib/python3.10/dist-packages/autocar_utils/__init__.py'...
[1.601s] Compiling '/home/ysl/autocar_track/install/autocar_utils/local/lib/python3.10/dist-packages/autocar_utils/autocar_util.py'...
[1.601s] Compiling '/home/ysl/autocar_track/install/autocar_utils/local/lib/python3.10/dist-packages/autocar_utils/time_plot.py'...
[1.606s] Invoked command in '/home/ysl/autocar_track/build/autocar_utils' returned '0': CMAKE_PREFIX_PATH=${CMAKE_PREFIX_PATH}:/home/ysl/sensor/install/ntrip_client:/home/ysl/autocar_track/install/perception:/opt/ros/humble /usr/bin/cmake --install /home/ysl/autocar_track/build/autocar_utils
