-- The C compiler identification is GNU 11.4.0
-- The CXX compiler identification is GNU 11.4.0
-- Detecting C compiler ABI info
-- Detecting C compiler ABI info - done
-- Check for working C compiler: /usr/bin/cc - skipped
-- Detecting C compile features
-- Detecting C compile features - done
-- Detecting CXX compiler ABI info
-- Detecting CXX compiler ABI info - done
-- Check for working CXX compiler: /usr/bin/c++ - skipped
-- Detecting CXX compile features
-- Detecting CXX compile features - done
-- Found ament_cmake: 1.3.11 (/opt/ros/humble/share/ament_cmake/cmake)
-- Found Python3: /usr/bin/python3 (found version "3.10.12") found components: Interpreter 
-- Override CMake install command with custom implementation using symlinks instead of copying resources
-- Found rclpy: 3.3.16 (/opt/ros/humble/share/rclpy/cmake)
-- Found std_msgs: 4.9.0 (/opt/ros/humble/share/std_msgs/cmake)
-- Found rosidl_generator_c: 3.1.6 (/opt/ros/humble/share/rosidl_generator_c/cmake)
-- Found rosidl_adapter: 3.1.6 (/opt/ros/humble/share/rosidl_adapter/cmake)
-- Found rosidl_generator_cpp: 3.1.6 (/opt/ros/humble/share/rosidl_generator_cpp/cmake)
-- Using all available rosidl_typesupport_c: rosidl_typesupport_fastrtps_c;rosidl_typesupport_introspection_c
-- Using all available rosidl_typesupport_cpp: rosidl_typesupport_fastrtps_cpp;rosidl_typesupport_introspection_cpp
-- Found ackermann_msgs: 2.0.2 (/opt/ros/humble/share/ackermann_msgs/cmake)
-- Found ament_lint_auto: 0.12.12 (/opt/ros/humble/share/ament_lint_auto/cmake)
-- Added test 'copyright' to check source files copyright and LICENSE
-- Added test 'flake8' to check Python code syntax and style conventions
-- Added test 'lint_cmake' to check CMake code style
-- Added test 'pep257' to check Python code against some of the docstring style conventions in PEP 257
-- Added test 'xmllint' to check XML markup files
-- Configuring done
-- Generating done
-- Build files have been written to: /home/ysl/autocar_track/build/erp_control
Built target ament_cmake_python_symlink_erp_control
running egg_info
creating erp_control.egg-info
writing erp_control.egg-info/PKG-INFO
writing dependency_links to erp_control.egg-info/dependency_links.txt
writing top-level names to erp_control.egg-info/top_level.txt
writing manifest file 'erp_control.egg-info/SOURCES.txt'
ERROR setuptools_scm._file_finders.git listing git files failed - pretending there aren't any
reading manifest file 'erp_control.egg-info/SOURCES.txt'
writing manifest file 'erp_control.egg-info/SOURCES.txt'
Built target ament_cmake_python_build_erp_control_egg
-- Install configuration: ""
-- Execute custom install script
-- Symlinking: /home/ysl/autocar_track/install/erp_control/share/erp_control/environment/pythonpath.sh
-- Symlinking: /home/ysl/autocar_track/install/erp_control/share/erp_control/environment/pythonpath.dsv
-- Symlinking: /home/ysl/autocar_track/install/erp_control/local/lib/python3.10/dist-packages/erp_control-0.0.0-py3.10.egg-info/PKG-INFO
-- Symlinking: /home/ysl/autocar_track/install/erp_control/local/lib/python3.10/dist-packages/erp_control-0.0.0-py3.10.egg-info/SOURCES.txt
-- Symlinking: /home/ysl/autocar_track/install/erp_control/local/lib/python3.10/dist-packages/erp_control-0.0.0-py3.10.egg-info/dependency_links.txt
-- Symlinking: /home/ysl/autocar_track/install/erp_control/local/lib/python3.10/dist-packages/erp_control-0.0.0-py3.10.egg-info/top_level.txt
-- Symlinking: /home/ysl/autocar_track/install/erp_control/local/lib/python3.10/dist-packages/erp_control/__init__.py
-- Symlinking: /home/ysl/autocar_track/install/erp_control/lib/erp_control/erp42_ros.py
-- Symlinking: /home/ysl/autocar_track/install/erp_control/lib/erp_control/final_speed_pub.py
-- Symlinking: /home/ysl/autocar_track/install/erp_control/share/ament_index/resource_index/package_run_dependencies/erp_control
-- Symlinking: /home/ysl/autocar_track/install/erp_control/share/ament_index/resource_index/parent_prefix_path/erp_control
-- Symlinking: /home/ysl/autocar_track/install/erp_control/share/erp_control/environment/ament_prefix_path.sh
-- Symlinking: /home/ysl/autocar_track/install/erp_control/share/erp_control/environment/ament_prefix_path.dsv
-- Symlinking: /home/ysl/autocar_track/install/erp_control/share/erp_control/environment/path.sh
-- Symlinking: /home/ysl/autocar_track/install/erp_control/share/erp_control/environment/path.dsv
-- Symlinking: /home/ysl/autocar_track/install/erp_control/share/erp_control/local_setup.bash
-- Symlinking: /home/ysl/autocar_track/install/erp_control/share/erp_control/local_setup.sh
-- Symlinking: /home/ysl/autocar_track/install/erp_control/share/erp_control/local_setup.zsh
-- Symlinking: /home/ysl/autocar_track/install/erp_control/share/erp_control/local_setup.dsv
-- Symlinking: /home/ysl/autocar_track/install/erp_control/share/erp_control/package.dsv
-- Symlinking: /home/ysl/autocar_track/install/erp_control/share/ament_index/resource_index/packages/erp_control
-- Symlinking: /home/ysl/autocar_track/install/erp_control/share/erp_control/cmake/erp_controlConfig.cmake
-- Symlinking: /home/ysl/autocar_track/install/erp_control/share/erp_control/cmake/erp_controlConfig-version.cmake
-- Symlinking: /home/ysl/autocar_track/install/erp_control/share/erp_control/package.xml
Listing '/home/ysl/autocar_track/install/erp_control/local/lib/python3.10/dist-packages/erp_control'...
Compiling '/home/ysl/autocar_track/install/erp_control/local/lib/python3.10/dist-packages/erp_control/__init__.py'...
