[0.026s] Invoking command in '/home/ysl/autocar_track/build/erp_control': CMAKE_PREFIX_PATH=${CMAKE_PREFIX_PATH}:/home/ysl/sensor/install/ntrip_client:/home/ysl/autocar_track/install/perception:/opt/ros/humble /usr/bin/cmake /home/ysl/autocar_track/src/control/erp_control -DAMENT_CMAKE_SYMLINK_INSTALL=1 -DCMAKE_INSTALL_PREFIX=/home/ysl/autocar_track/install/erp_control
[0.215s] -- The C compiler identification is GNU 11.4.0
[0.215s] -- The CXX compiler identification is GNU 11.4.0
[0.215s] -- Detecting C compiler ABI info
[0.215s] -- Detecting C compiler ABI info - done
[0.215s] -- Check for working C compiler: /usr/bin/cc - skipped
[0.215s] -- Detecting C compile features
[0.215s] -- Detecting C compile features - done
[0.215s] -- Detecting CXX compiler ABI info
[0.257s] -- Detecting CXX compiler ABI info - done
[0.263s] -- Check for working CXX compiler: /usr/bin/c++ - skipped
[0.264s] -- Detecting CXX compile features
[0.264s] -- Detecting CXX compile features - done
[0.266s] -- Found ament_cmake: 1.3.11 (/opt/ros/humble/share/ament_cmake/cmake)
[0.580s] -- Found Python3: /usr/bin/python3 (found version "3.10.12") found components: Interpreter 
[0.640s] -- Override CMake install command with custom implementation using symlinks instead of copying resources
[0.684s] -- Found rclpy: 3.3.16 (/opt/ros/humble/share/rclpy/cmake)
[0.688s] -- Found std_msgs: 4.9.0 (/opt/ros/humble/share/std_msgs/cmake)
[0.735s] -- Found rosidl_generator_c: 3.1.6 (/opt/ros/humble/share/rosidl_generator_c/cmake)
[0.744s] -- Found rosidl_adapter: 3.1.6 (/opt/ros/humble/share/rosidl_adapter/cmake)
[0.758s] -- Found rosidl_generator_cpp: 3.1.6 (/opt/ros/humble/share/rosidl_generator_cpp/cmake)
[0.769s] -- Using all available rosidl_typesupport_c: rosidl_typesupport_fastrtps_c;rosidl_typesupport_introspection_c
[0.784s] -- Using all available rosidl_typesupport_cpp: rosidl_typesupport_fastrtps_cpp;rosidl_typesupport_introspection_cpp
[0.807s] -- Found ackermann_msgs: 2.0.2 (/opt/ros/humble/share/ackermann_msgs/cmake)
[0.817s] -- Found ament_lint_auto: 0.12.12 (/opt/ros/humble/share/ament_lint_auto/cmake)
[0.928s] -- Added test 'copyright' to check source files copyright and LICENSE
[0.930s] -- Added test 'flake8' to check Python code syntax and style conventions
[0.931s] -- Added test 'lint_cmake' to check CMake code style
[0.932s] -- Added test 'pep257' to check Python code against some of the docstring style conventions in PEP 257
[0.935s] -- Added test 'xmllint' to check XML markup files
[0.935s] -- Configuring done
[0.940s] -- Generating done
[0.943s] -- Build files have been written to: /home/ysl/autocar_track/build/erp_control
[0.948s] Invoked command in '/home/ysl/autocar_track/build/erp_control' returned '0': CMAKE_PREFIX_PATH=${CMAKE_PREFIX_PATH}:/home/ysl/sensor/install/ntrip_client:/home/ysl/autocar_track/install/perception:/opt/ros/humble /usr/bin/cmake /home/ysl/autocar_track/src/control/erp_control -DAMENT_CMAKE_SYMLINK_INSTALL=1 -DCMAKE_INSTALL_PREFIX=/home/ysl/autocar_track/install/erp_control
[0.949s] Invoking command in '/home/ysl/autocar_track/build/erp_control': CMAKE_PREFIX_PATH=${CMAKE_PREFIX_PATH}:/home/ysl/sensor/install/ntrip_client:/home/ysl/autocar_track/install/perception:/opt/ros/humble /usr/bin/cmake --build /home/ysl/autocar_track/build/erp_control -- -j20 -l20
[1.002s] Built target ament_cmake_python_symlink_erp_control
[1.187s] running egg_info
[1.201s] creating erp_control.egg-info
[1.201s] writing erp_control.egg-info/PKG-INFO
[1.201s] writing dependency_links to erp_control.egg-info/dependency_links.txt
[1.201s] writing top-level names to erp_control.egg-info/top_level.txt
[1.279s] writing manifest file 'erp_control.egg-info/SOURCES.txt'
[1.350s] ERROR setuptools_scm._file_finders.git listing git files failed - pretending there aren't any
[1.442s] reading manifest file 'erp_control.egg-info/SOURCES.txt'
[1.443s] writing manifest file 'erp_control.egg-info/SOURCES.txt'
[1.471s] Built target ament_cmake_python_build_erp_control_egg
[1.477s] Invoked command in '/home/ysl/autocar_track/build/erp_control' returned '0': CMAKE_PREFIX_PATH=${CMAKE_PREFIX_PATH}:/home/ysl/sensor/install/ntrip_client:/home/ysl/autocar_track/install/perception:/opt/ros/humble /usr/bin/cmake --build /home/ysl/autocar_track/build/erp_control -- -j20 -l20
[1.479s] Invoking command in '/home/ysl/autocar_track/build/erp_control': CMAKE_PREFIX_PATH=${CMAKE_PREFIX_PATH}:/home/ysl/sensor/install/ntrip_client:/home/ysl/autocar_track/install/perception:/opt/ros/humble /usr/bin/cmake --install /home/ysl/autocar_track/build/erp_control
[1.486s] -- Install configuration: ""
[1.486s] -- Execute custom install script
[1.486s] -- Symlinking: /home/ysl/autocar_track/install/erp_control/share/erp_control/environment/pythonpath.sh
[1.495s] -- Symlinking: /home/ysl/autocar_track/install/erp_control/share/erp_control/environment/pythonpath.dsv
[1.502s] -- Symlinking: /home/ysl/autocar_track/install/erp_control/local/lib/python3.10/dist-packages/erp_control-0.0.0-py3.10.egg-info/PKG-INFO
[1.508s] -- Symlinking: /home/ysl/autocar_track/install/erp_control/local/lib/python3.10/dist-packages/erp_control-0.0.0-py3.10.egg-info/SOURCES.txt
[1.515s] -- Symlinking: /home/ysl/autocar_track/install/erp_control/local/lib/python3.10/dist-packages/erp_control-0.0.0-py3.10.egg-info/dependency_links.txt
[1.522s] -- Symlinking: /home/ysl/autocar_track/install/erp_control/local/lib/python3.10/dist-packages/erp_control-0.0.0-py3.10.egg-info/top_level.txt
[1.529s] -- Symlinking: /home/ysl/autocar_track/install/erp_control/local/lib/python3.10/dist-packages/erp_control/__init__.py
[1.538s] -- Symlinking: /home/ysl/autocar_track/install/erp_control/lib/erp_control/erp42_ros.py
[1.547s] -- Symlinking: /home/ysl/autocar_track/install/erp_control/lib/erp_control/final_speed_pub.py
[1.553s] -- Symlinking: /home/ysl/autocar_track/install/erp_control/share/ament_index/resource_index/package_run_dependencies/erp_control
[1.561s] -- Symlinking: /home/ysl/autocar_track/install/erp_control/share/ament_index/resource_index/parent_prefix_path/erp_control
[1.570s] -- Symlinking: /home/ysl/autocar_track/install/erp_control/share/erp_control/environment/ament_prefix_path.sh
[1.579s] -- Symlinking: /home/ysl/autocar_track/install/erp_control/share/erp_control/environment/ament_prefix_path.dsv
[1.585s] -- Symlinking: /home/ysl/autocar_track/install/erp_control/share/erp_control/environment/path.sh
[1.592s] -- Symlinking: /home/ysl/autocar_track/install/erp_control/share/erp_control/environment/path.dsv
[1.601s] -- Symlinking: /home/ysl/autocar_track/install/erp_control/share/erp_control/local_setup.bash
[1.608s] -- Symlinking: /home/ysl/autocar_track/install/erp_control/share/erp_control/local_setup.sh
[1.614s] -- Symlinking: /home/ysl/autocar_track/install/erp_control/share/erp_control/local_setup.zsh
[1.621s] -- Symlinking: /home/ysl/autocar_track/install/erp_control/share/erp_control/local_setup.dsv
[1.628s] -- Symlinking: /home/ysl/autocar_track/install/erp_control/share/erp_control/package.dsv
[1.636s] -- Symlinking: /home/ysl/autocar_track/install/erp_control/share/ament_index/resource_index/packages/erp_control
[1.642s] -- Symlinking: /home/ysl/autocar_track/install/erp_control/share/erp_control/cmake/erp_controlConfig.cmake
[1.651s] -- Symlinking: /home/ysl/autocar_track/install/erp_control/share/erp_control/cmake/erp_controlConfig-version.cmake
[1.659s] -- Symlinking: /home/ysl/autocar_track/install/erp_control/share/erp_control/package.xml
[1.702s] Listing '/home/ysl/autocar_track/install/erp_control/local/lib/python3.10/dist-packages/erp_control'...
[1.702s] Compiling '/home/ysl/autocar_track/install/erp_control/local/lib/python3.10/dist-packages/erp_control/__init__.py'...
[1.708s] Invoked command in '/home/ysl/autocar_track/build/erp_control' returned '0': CMAKE_PREFIX_PATH=${CMAKE_PREFIX_PATH}:/home/ysl/sensor/install/ntrip_client:/home/ysl/autocar_track/install/perception:/opt/ros/humble /usr/bin/cmake --install /home/ysl/autocar_track/build/erp_control
