Built target ament_cmake_python_symlink_delaunay_path_planning
running egg_info
writing delaunay_path_planning.egg-info/PKG-INFO
writing dependency_links to delaunay_path_planning.egg-info/dependency_links.txt
writing top-level names to delaunay_path_planning.egg-info/top_level.txt
ERROR setuptools_scm._file_finders.git listing git files failed - pretending there aren't any
reading manifest file 'delaunay_path_planning.egg-info/SOURCES.txt'
writing manifest file 'delaunay_path_planning.egg-info/SOURCES.txt'
Built target ament_cmake_python_build_delaunay_path_planning_egg
-- Install configuration: ""
-- Execute custom install script
-- Up-to-date symlink: /home/ysl/autocar_track/install/delaunay_path_planning/share/delaunay_path_planning/environment/pythonpath.sh
-- Up-to-date symlink: /home/ysl/autocar_track/install/delaunay_path_planning/share/delaunay_path_planning/environment/pythonpath.dsv
-- Up-to-date symlink: /home/ysl/autocar_track/install/delaunay_path_planning/local/lib/python3.10/dist-packages/delaunay_path_planning-0.0.0-py3.10.egg-info/PKG-INFO
-- Up-to-date symlink: /home/ysl/autocar_track/install/delaunay_path_planning/local/lib/python3.10/dist-packages/delaunay_path_planning-0.0.0-py3.10.egg-info/SOURCES.txt
-- Up-to-date symlink: /home/ysl/autocar_track/install/delaunay_path_planning/local/lib/python3.10/dist-packages/delaunay_path_planning-0.0.0-py3.10.egg-info/dependency_links.txt
-- Up-to-date symlink: /home/ysl/autocar_track/install/delaunay_path_planning/local/lib/python3.10/dist-packages/delaunay_path_planning-0.0.0-py3.10.egg-info/top_level.txt
-- Up-to-date symlink: /home/ysl/autocar_track/install/delaunay_path_planning/local/lib/python3.10/dist-packages/delaunay_path_planning/__init__.py
-- Up-to-date symlink: /home/ysl/autocar_track/install/delaunay_path_planning/lib/delaunay_path_planning/local_path_planning.py
-- Up-to-date symlink: /home/ysl/autocar_track/install/delaunay_path_planning/lib/delaunay_path_planning/delaunay_path_planning.py
-- Up-to-date symlink: /home/ysl/autocar_track/install/delaunay_path_planning/lib/delaunay_path_planning/bezier_example.py
-- Up-to-date symlink: /home/ysl/autocar_track/install/delaunay_path_planning/lib/delaunay_path_planning/rubber_cone.py
-- Up-to-date symlink: /home/ysl/autocar_track/install/delaunay_path_planning/share/ament_index/resource_index/package_run_dependencies/delaunay_path_planning
-- Up-to-date symlink: /home/ysl/autocar_track/install/delaunay_path_planning/share/ament_index/resource_index/parent_prefix_path/delaunay_path_planning
-- Up-to-date symlink: /home/ysl/autocar_track/install/delaunay_path_planning/share/delaunay_path_planning/environment/ament_prefix_path.sh
-- Up-to-date symlink: /home/ysl/autocar_track/install/delaunay_path_planning/share/delaunay_path_planning/environment/ament_prefix_path.dsv
-- Up-to-date symlink: /home/ysl/autocar_track/install/delaunay_path_planning/share/delaunay_path_planning/environment/path.sh
-- Up-to-date symlink: /home/ysl/autocar_track/install/delaunay_path_planning/share/delaunay_path_planning/environment/path.dsv
-- Up-to-date symlink: /home/ysl/autocar_track/install/delaunay_path_planning/share/delaunay_path_planning/local_setup.bash
-- Up-to-date symlink: /home/ysl/autocar_track/install/delaunay_path_planning/share/delaunay_path_planning/local_setup.sh
-- Up-to-date symlink: /home/ysl/autocar_track/install/delaunay_path_planning/share/delaunay_path_planning/local_setup.zsh
-- Up-to-date symlink: /home/ysl/autocar_track/install/delaunay_path_planning/share/delaunay_path_planning/local_setup.dsv
-- Symlinking: /home/ysl/autocar_track/install/delaunay_path_planning/share/delaunay_path_planning/package.dsv
-- Up-to-date symlink: /home/ysl/autocar_track/install/delaunay_path_planning/share/ament_index/resource_index/packages/delaunay_path_planning
-- Up-to-date symlink: /home/ysl/autocar_track/install/delaunay_path_planning/share/delaunay_path_planning/cmake/delaunay_path_planningConfig.cmake
-- Up-to-date symlink: /home/ysl/autocar_track/install/delaunay_path_planning/share/delaunay_path_planning/cmake/delaunay_path_planningConfig-version.cmake
-- Up-to-date symlink: /home/ysl/autocar_track/install/delaunay_path_planning/share/delaunay_path_planning/package.xml
Listing '/home/ysl/autocar_track/install/delaunay_path_planning/local/lib/python3.10/dist-packages/delaunay_path_planning'...
