[0.036s] Invoking command in '/home/ysl/autocar_track/build/delaunay_path_planning': CMAKE_PREFIX_PATH=${CMAKE_PREFIX_PATH}:/home/ysl/sensor/install/ntrip_client:/home/ysl/autocar_track/install/perception:/home/ysl/autocar_track/install/path_tracking:/opt/ros/humble /usr/bin/cmake --build /home/ysl/autocar_track/build/delaunay_path_planning -- -j20 -l20
[0.237s] Built target ament_cmake_python_symlink_delaunay_path_planning
[0.290s] running egg_info
[0.304s] writing delaunay_path_planning.egg-info/PKG-INFO
[0.304s] writing dependency_links to delaunay_path_planning.egg-info/dependency_links.txt
[0.305s] writing top-level names to delaunay_path_planning.egg-info/top_level.txt
[0.454s] ERROR setuptools_scm._file_finders.git listing git files failed - pretending there aren't any
[0.547s] reading manifest file 'delaunay_path_planning.egg-info/SOURCES.txt'
[0.548s] writing manifest file 'delaunay_path_planning.egg-info/SOURCES.txt'
[0.577s] Built target ament_cmake_python_build_delaunay_path_planning_egg
[0.588s] Invoked command in '/home/ysl/autocar_track/build/delaunay_path_planning' returned '0': CMAKE_PREFIX_PATH=${CMAKE_PREFIX_PATH}:/home/ysl/sensor/install/ntrip_client:/home/ysl/autocar_track/install/perception:/home/ysl/autocar_track/install/path_tracking:/opt/ros/humble /usr/bin/cmake --build /home/ysl/autocar_track/build/delaunay_path_planning -- -j20 -l20
[0.592s] Invoking command in '/home/ysl/autocar_track/build/delaunay_path_planning': CMAKE_PREFIX_PATH=${CMAKE_PREFIX_PATH}:/home/ysl/sensor/install/ntrip_client:/home/ysl/autocar_track/install/perception:/home/ysl/autocar_track/install/path_tracking:/opt/ros/humble /usr/bin/cmake --install /home/ysl/autocar_track/build/delaunay_path_planning
[0.595s] -- Install configuration: ""
[0.595s] -- Execute custom install script
[0.596s] -- Up-to-date symlink: /home/ysl/autocar_track/install/delaunay_path_planning/share/delaunay_path_planning/environment/pythonpath.sh
[0.596s] -- Up-to-date symlink: /home/ysl/autocar_track/install/delaunay_path_planning/share/delaunay_path_planning/environment/pythonpath.dsv
[0.596s] -- Up-to-date symlink: /home/ysl/autocar_track/install/delaunay_path_planning/local/lib/python3.10/dist-packages/delaunay_path_planning-0.0.0-py3.10.egg-info/PKG-INFO
[0.596s] -- Up-to-date symlink: /home/ysl/autocar_track/install/delaunay_path_planning/local/lib/python3.10/dist-packages/delaunay_path_planning-0.0.0-py3.10.egg-info/SOURCES.txt
[0.596s] -- Up-to-date symlink: /home/ysl/autocar_track/install/delaunay_path_planning/local/lib/python3.10/dist-packages/delaunay_path_planning-0.0.0-py3.10.egg-info/dependency_links.txt
[0.596s] -- Up-to-date symlink: /home/ysl/autocar_track/install/delaunay_path_planning/local/lib/python3.10/dist-packages/delaunay_path_planning-0.0.0-py3.10.egg-info/top_level.txt
[0.597s] -- Up-to-date symlink: /home/ysl/autocar_track/install/delaunay_path_planning/local/lib/python3.10/dist-packages/delaunay_path_planning/__init__.py
[0.597s] -- Up-to-date symlink: /home/ysl/autocar_track/install/delaunay_path_planning/lib/delaunay_path_planning/local_path_planning.py
[0.597s] -- Up-to-date symlink: /home/ysl/autocar_track/install/delaunay_path_planning/lib/delaunay_path_planning/delaunay_path_planning.py
[0.597s] -- Up-to-date symlink: /home/ysl/autocar_track/install/delaunay_path_planning/lib/delaunay_path_planning/bezier_example.py
[0.597s] -- Up-to-date symlink: /home/ysl/autocar_track/install/delaunay_path_planning/lib/delaunay_path_planning/rubber_cone.py
[0.597s] -- Up-to-date symlink: /home/ysl/autocar_track/install/delaunay_path_planning/share/ament_index/resource_index/package_run_dependencies/delaunay_path_planning
[0.597s] -- Up-to-date symlink: /home/ysl/autocar_track/install/delaunay_path_planning/share/ament_index/resource_index/parent_prefix_path/delaunay_path_planning
[0.597s] -- Up-to-date symlink: /home/ysl/autocar_track/install/delaunay_path_planning/share/delaunay_path_planning/environment/ament_prefix_path.sh
[0.597s] -- Up-to-date symlink: /home/ysl/autocar_track/install/delaunay_path_planning/share/delaunay_path_planning/environment/ament_prefix_path.dsv
[0.597s] -- Up-to-date symlink: /home/ysl/autocar_track/install/delaunay_path_planning/share/delaunay_path_planning/environment/path.sh
[0.597s] -- Up-to-date symlink: /home/ysl/autocar_track/install/delaunay_path_planning/share/delaunay_path_planning/environment/path.dsv
[0.597s] -- Up-to-date symlink: /home/ysl/autocar_track/install/delaunay_path_planning/share/delaunay_path_planning/local_setup.bash
[0.597s] -- Up-to-date symlink: /home/ysl/autocar_track/install/delaunay_path_planning/share/delaunay_path_planning/local_setup.sh
[0.597s] -- Up-to-date symlink: /home/ysl/autocar_track/install/delaunay_path_planning/share/delaunay_path_planning/local_setup.zsh
[0.597s] -- Up-to-date symlink: /home/ysl/autocar_track/install/delaunay_path_planning/share/delaunay_path_planning/local_setup.dsv
[0.597s] -- Symlinking: /home/ysl/autocar_track/install/delaunay_path_planning/share/delaunay_path_planning/package.dsv
[0.606s] -- Up-to-date symlink: /home/ysl/autocar_track/install/delaunay_path_planning/share/ament_index/resource_index/packages/delaunay_path_planning
[0.606s] -- Up-to-date symlink: /home/ysl/autocar_track/install/delaunay_path_planning/share/delaunay_path_planning/cmake/delaunay_path_planningConfig.cmake
[0.606s] -- Up-to-date symlink: /home/ysl/autocar_track/install/delaunay_path_planning/share/delaunay_path_planning/cmake/delaunay_path_planningConfig-version.cmake
[0.606s] -- Up-to-date symlink: /home/ysl/autocar_track/install/delaunay_path_planning/share/delaunay_path_planning/package.xml
[0.643s] Listing '/home/ysl/autocar_track/install/delaunay_path_planning/local/lib/python3.10/dist-packages/delaunay_path_planning'...
[0.665s] Invoked command in '/home/ysl/autocar_track/build/delaunay_path_planning' returned '0': CMAKE_PREFIX_PATH=${CMAKE_PREFIX_PATH}:/home/ysl/sensor/install/ntrip_client:/home/ysl/autocar_track/install/perception:/home/ysl/autocar_track/install/path_tracking:/opt/ros/humble /usr/bin/cmake --install /home/ysl/autocar_track/build/delaunay_path_planning
